cardinality,execution_id,executionplan,intention,intention_characters,query_bytes,query_characters,query_cost,query_rows,time_model,time_query
12,07c3ec00-9554-4aaf-9db5-45a5b0bd3f5f,"Plan hash value: 1148224997

---------------------------------------------------------------------------------------
| Id  | Operation           | Name            | Rows  | Bytes | Cost (%CPU)| Time     |
---------------------------------------------------------------------------------------
|   0 | SELECT STATEMENT    |                 |    24 |   696 |    82  (13)| 00:00:01 |
|   1 |  SORT GROUP BY      |                 |    24 |   696 |    82  (13)| 00:00:01 |
|*  2 |   HASH JOIN         |                 | 86835 |  2459K|    76   (6)| 00:00:01 |
|   3 |    TABLE ACCESS FULL| TIME_BY_DAY     |   730 |  8760 |     3   (0)| 00:00:01 |
|   4 |    TABLE ACCESS FULL| SALES_FACT_1997 | 86835 |  1441K|    71   (3)| 00:00:01 |
---------------------------------------------------------------------------------------

Predicate Information (identified by operation id):
---------------------------------------------------

2 - access(""TIME_BY_DAY"".""TIME_ID""=""FT"".""TIME_ID"")
","with sales explain unit_sales by the_month against store_cost, store_sales using CrossCorrelation, Multireg, Polyfit",116,696.0,268.0,82.0,24.0,757,26
36,410f6c38-1d0c-43b2-9572-a4a497dae2a2,"Plan hash value: 165028050

----------------------------------------------------------------------------------------
| Id  | Operation            | Name            | Rows  | Bytes | Cost (%CPU)| Time     |
----------------------------------------------------------------------------------------
|   0 | SELECT STATEMENT     |                 |    51 |  2244 |    88  (14)| 00:00:02 |
|   1 |  SORT GROUP BY       |                 |    51 |  2244 |    88  (14)| 00:00:02 |
|*  2 |   HASH JOIN          |                 | 86835 |  3731K|    81   (7)| 00:00:01 |
|   3 |    TABLE ACCESS FULL | PRODUCT         |  1560 | 17160 |     4   (0)| 00:00:01 |
|*  4 |    HASH JOIN         |                 | 86835 |  2798K|    76   (6)| 00:00:01 |
|   5 |     TABLE ACCESS FULL| TIME_BY_DAY     |   730 |  8760 |     3   (0)| 00:00:01 |
|   6 |     TABLE ACCESS FULL| SALES_FACT_1997 | 86835 |  1780K|    71   (3)| 00:00:01 |
----------------------------------------------------------------------------------------

Predicate Information (identified by operation id):
---------------------------------------------------

2 - access(""PRODUCT"".""PRODUCT_ID""=""FT"".""PRODUCT_ID"")
4 - access(""TIME_BY_DAY"".""TIME_ID""=""FT"".""TIME_ID"")
","with sales explain unit_sales by product_family, the_month against store_cost, store_sales using CrossCorrelation, Multireg, Polyfit",132,2244.0,397.0,88.0,51.0,779,38
323,2b6abb8f-2e3b-4bf2-b545-1668fa06961b,"Plan hash value: 1148224997

---------------------------------------------------------------------------------------
| Id  | Operation           | Name            | Rows  | Bytes | Cost (%CPU)| Time     |
---------------------------------------------------------------------------------------
|   0 | SELECT STATEMENT    |                 |   730 | 21170 |    82  (13)| 00:00:01 |
|   1 |  SORT GROUP BY      |                 |   730 | 21170 |    82  (13)| 00:00:01 |
|*  2 |   HASH JOIN         |                 | 86835 |  2459K|    76   (6)| 00:00:01 |
|   3 |    TABLE ACCESS FULL| TIME_BY_DAY     |   730 |  8760 |     3   (0)| 00:00:01 |
|   4 |    TABLE ACCESS FULL| SALES_FACT_1997 | 86835 |  1441K|    71   (3)| 00:00:01 |
---------------------------------------------------------------------------------------

Predicate Information (identified by operation id):
---------------------------------------------------

2 - access(""TIME_BY_DAY"".""TIME_ID""=""FT"".""TIME_ID"")
","with sales explain unit_sales by the_date against store_cost, store_sales using CrossCorrelation, Multireg, Polyfit",115,21170.0,265.0,82.0,730.0,790,36
540,9aa8bf77-c27a-4376-95b7-f5c4819e8913,"Plan hash value: 165028050

----------------------------------------------------------------------------------------
| Id  | Operation            | Name            | Rows  | Bytes | Cost (%CPU)| Time     |
----------------------------------------------------------------------------------------
|   0 | SELECT STATEMENT     |                 |   764 | 37436 |    88  (14)| 00:00:02 |
|   1 |  SORT GROUP BY       |                 |   764 | 37436 |    88  (14)| 00:00:02 |
|*  2 |   HASH JOIN          |                 | 86835 |  4155K|    81   (7)| 00:00:01 |
|   3 |    TABLE ACCESS FULL | PRODUCT         |  1560 | 24960 |     4   (0)| 00:00:01 |
|*  4 |    HASH JOIN         |                 | 86835 |  2798K|    76   (6)| 00:00:01 |
|   5 |     TABLE ACCESS FULL| TIME_BY_DAY     |   730 |  8760 |     3   (0)| 00:00:01 |
|   6 |     TABLE ACCESS FULL| SALES_FACT_1997 | 86835 |  1780K|    71   (3)| 00:00:01 |
----------------------------------------------------------------------------------------

Predicate Information (identified by operation id):
---------------------------------------------------

2 - access(""PRODUCT"".""PRODUCT_ID""=""FT"".""PRODUCT_ID"")
4 - access(""TIME_BY_DAY"".""TIME_ID""=""FT"".""TIME_ID"")
","with sales explain unit_sales by product_category, the_month against store_cost, store_sales using CrossCorrelation, Multireg, Polyfit",134,37436.0,403.0,88.0,764.0,813,50
1224,fd74ee01-763a-4312-9d48-747e13ae6a28,"Plan hash value: 165028050

----------------------------------------------------------------------------------------
| Id  | Operation            | Name            | Rows  | Bytes | Cost (%CPU)| Time     |
----------------------------------------------------------------------------------------
|   0 | SELECT STATEMENT     |                 |  1731 | 83088 |    88  (14)| 00:00:02 |
|   1 |  SORT GROUP BY       |                 |  1731 | 83088 |    88  (14)| 00:00:02 |
|*  2 |   HASH JOIN          |                 | 86835 |  4070K|    81   (7)| 00:00:01 |
|   3 |    TABLE ACCESS FULL | PRODUCT         |  1560 | 23400 |     4   (0)| 00:00:01 |
|*  4 |    HASH JOIN         |                 | 86835 |  2798K|    76   (6)| 00:00:01 |
|   5 |     TABLE ACCESS FULL| TIME_BY_DAY     |   730 |  8760 |     3   (0)| 00:00:01 |
|   6 |     TABLE ACCESS FULL| SALES_FACT_1997 | 86835 |  1780K|    71   (3)| 00:00:01 |
----------------------------------------------------------------------------------------

Predicate Information (identified by operation id):
---------------------------------------------------

2 - access(""PRODUCT"".""PRODUCT_ID""=""FT"".""PRODUCT_ID"")
4 - access(""TIME_BY_DAY"".""TIME_ID""=""FT"".""TIME_ID"")
","with sales explain unit_sales by product_subcategory, the_month against store_cost, store_sales using CrossCorrelation, Multireg, Polyfit",137,83088.0,412.0,88.0,1731.0,794,53
12113,491b4b54-c325-4c55-a50a-61a00e6935ba,"Plan hash value: 251198219

--------------------------------------------------------------------------------------------------
| Id  | Operation              | Name            | Rows  | Bytes |TempSpc| Cost (%CPU)| Time     |
--------------------------------------------------------------------------------------------------
|   0 | SELECT STATEMENT       |                 | 10278 |   672K|       |   614   (3)| 00:00:08 |
|   1 |  SORT GROUP BY         |                 | 10278 |   672K|   856K|   614   (3)| 00:00:08 |
|*  2 |   HASH JOIN            |                 | 10278 |   672K|       |   449   (3)| 00:00:06 |
|   3 |    TABLE ACCESS FULL   | TIME_BY_DAY     |   730 |  8760 |       |     3   (0)| 00:00:01 |
|   4 |    VIEW                | VW_GBC_9        | 10278 |   552K|       |   445   (3)| 00:00:06 |
|   5 |     HASH GROUP BY      |                 | 10278 |   371K|  4440K|   445   (3)| 00:00:06 |
|*  6 |      HASH JOIN         |                 | 86835 |  3137K|       |    77   (6)| 00:00:01 |
|   7 |       TABLE ACCESS FULL| PRODUCT         |  1560 | 24960 |       |     4   (0)| 00:00:01 |
|   8 |       TABLE ACCESS FULL| SALES_FACT_1997 | 86835 |  1780K|       |    71   (3)| 00:00:01 |
--------------------------------------------------------------------------------------------------

Predicate Information (identified by operation id):
---------------------------------------------------

2 - access(""TIME_BY_DAY"".""TIME_ID""=""ITEM_1"")
6 - access(""PRODUCT"".""PRODUCT_ID""=""FT"".""PRODUCT_ID"")
","with sales explain unit_sales by product_category, the_date against store_cost, store_sales using CrossCorrelation, Multireg, Polyfit",133,672000.0,400.0,614.0,10278.0,836,47
16949,0d9f7dca-a1e5-4013-bdd8-60fd801f6ae9,"Plan hash value: 1148224997

-----------------------------------------------------------------------------------------------
| Id  | Operation           | Name            | Rows  | Bytes |TempSpc| Cost (%CPU)| Time     |
-----------------------------------------------------------------------------------------------
|   0 | SELECT STATEMENT    |                 | 86835 |  2883K|       |   873   (2)| 00:00:11 |
|   1 |  SORT GROUP BY      |                 | 86835 |  2883K|  4096K|   873   (2)| 00:00:11 |
|*  2 |   HASH JOIN         |                 | 86835 |  2883K|       |    76   (6)| 00:00:01 |
|   3 |    TABLE ACCESS FULL| TIME_BY_DAY     |   730 |  8760 |       |     3   (0)| 00:00:01 |
|   4 |    TABLE ACCESS FULL| SALES_FACT_1997 | 86835 |  1865K|       |    71   (3)| 00:00:01 |
-----------------------------------------------------------------------------------------------

Predicate Information (identified by operation id):
---------------------------------------------------

2 - access(""TIME_BY_DAY"".""TIME_ID""=""FT"".""TIME_ID"")
","with sales explain unit_sales by customer_id, the_month against store_cost, store_sales using CrossCorrelation, Multireg, Polyfit",129,2883000.0,395.0,873.0,86835.0,840,69
18492,286a26ee-f6c0-4fab-b269-066a5d7f1a13,"Plan hash value: 1148224997

-----------------------------------------------------------------------------------------------
| Id  | Operation           | Name            | Rows  | Bytes |TempSpc| Cost (%CPU)| Time     |
-----------------------------------------------------------------------------------------------
|   0 | SELECT STATEMENT    |                 | 26458 |   852K|       |   508   (3)| 00:00:07 |
|   1 |  SORT GROUP BY      |                 | 26458 |   852K|  4096K|   508   (3)| 00:00:07 |
|*  2 |   HASH JOIN         |                 | 86835 |  2798K|       |    76   (6)| 00:00:01 |
|   3 |    TABLE ACCESS FULL| TIME_BY_DAY     |   730 |  8760 |       |     3   (0)| 00:00:01 |
|   4 |    TABLE ACCESS FULL| SALES_FACT_1997 | 86835 |  1780K|       |    71   (3)| 00:00:01 |
-----------------------------------------------------------------------------------------------

Predicate Information (identified by operation id):
---------------------------------------------------

2 - access(""TIME_BY_DAY"".""TIME_ID""=""FT"".""TIME_ID"")
","with sales explain unit_sales by product_id, the_month against store_cost, store_sales using CrossCorrelation, Multireg, Polyfit",128,852000.0,385.0,508.0,26458.0,845,65
20525,6e35b476-bd64-4769-a2c5-4553478a7bc2,"Plan hash value: 1148224997

-----------------------------------------------------------------------------------------------
| Id  | Operation           | Name            | Rows  | Bytes |TempSpc| Cost (%CPU)| Time     |
-----------------------------------------------------------------------------------------------
|   0 | SELECT STATEMENT    |                 | 86835 |  2883K|       |   873   (2)| 00:00:11 |
|   1 |  SORT GROUP BY      |                 | 86835 |  2883K|  4096K|   873   (2)| 00:00:11 |
|*  2 |   HASH JOIN         |                 | 86835 |  2883K|       |    76   (6)| 00:00:01 |
|   3 |    TABLE ACCESS FULL| TIME_BY_DAY     |   730 |  8760 |       |     3   (0)| 00:00:01 |
|   4 |    TABLE ACCESS FULL| SALES_FACT_1997 | 86835 |  1865K|       |    71   (3)| 00:00:01 |
-----------------------------------------------------------------------------------------------

Predicate Information (identified by operation id):
---------------------------------------------------

2 - access(""TIME_BY_DAY"".""TIME_ID""=""FT"".""TIME_ID"")
","with sales explain unit_sales by customer_id, the_date against store_cost, store_sales using CrossCorrelation, Multireg, Polyfit",128,2883000.0,392.0,873.0,86835.0,842,68
77832,d14b05e9-dd13-4558-8c4c-d3c98256af7d,"Plan hash value: 1148224997

-----------------------------------------------------------------------------------------------
| Id  | Operation           | Name            | Rows  | Bytes |TempSpc| Cost (%CPU)| Time     |
-----------------------------------------------------------------------------------------------
|   0 | SELECT STATEMENT    |                 | 86835 |  2798K|       |   855   (2)| 00:00:11 |
|   1 |  SORT GROUP BY      |                 | 86835 |  2798K|  4096K|   855   (2)| 00:00:11 |
|*  2 |   HASH JOIN         |                 | 86835 |  2798K|       |    76   (6)| 00:00:01 |
|   3 |    TABLE ACCESS FULL| TIME_BY_DAY     |   730 |  8760 |       |     3   (0)| 00:00:01 |
|   4 |    TABLE ACCESS FULL| SALES_FACT_1997 | 86835 |  1780K|       |    71   (3)| 00:00:01 |
-----------------------------------------------------------------------------------------------

Predicate Information (identified by operation id):
---------------------------------------------------

2 - access(""TIME_BY_DAY"".""TIME_ID""=""FT"".""TIME_ID"")
","with sales explain unit_sales by product_id, the_date against store_cost, store_sales using CrossCorrelation, Multireg, Polyfit",127,2798000.0,382.0,855.0,86835.0,955,80
86832,0f3924b1-5886-43a1-92a4-3a27b5dbea1e,"Plan hash value: 1148224997

-----------------------------------------------------------------------------------------------
| Id  | Operation           | Name            | Rows  | Bytes |TempSpc| Cost (%CPU)| Time     |
-----------------------------------------------------------------------------------------------
|   0 | SELECT STATEMENT    |                 | 86835 |  3222K|       |   939   (2)| 00:00:12 |
|   1 |  SORT GROUP BY      |                 | 86835 |  3222K|  4800K|   939   (2)| 00:00:12 |
|*  2 |   HASH JOIN         |                 | 86835 |  3222K|       |    76   (6)| 00:00:01 |
|   3 |    TABLE ACCESS FULL| TIME_BY_DAY     |   730 |  8760 |       |     3   (0)| 00:00:01 |
|   4 |    TABLE ACCESS FULL| SALES_FACT_1997 | 86835 |  2204K|       |    71   (3)| 00:00:01 |
-----------------------------------------------------------------------------------------------

Predicate Information (identified by operation id):
---------------------------------------------------

2 - access(""TIME_BY_DAY"".""TIME_ID""=""FT"".""TIME_ID"")
","with sales explain unit_sales by customer_id, product_id, the_date against store_cost, store_sales using CrossCorrelation, Multireg, Polyfit",140,3222000.0,509.0,939.0,86835.0,963,91
12,d0b237a1-ab5d-41b3-a282-89bd457988a3,"Plan hash value: 1148224997

---------------------------------------------------------------------------------------
| Id  | Operation           | Name            | Rows  | Bytes | Cost (%CPU)| Time     |
---------------------------------------------------------------------------------------
|   0 | SELECT STATEMENT    |                 |    24 |   696 |    82  (13)| 00:00:01 |
|   1 |  SORT GROUP BY      |                 |    24 |   696 |    82  (13)| 00:00:01 |
|*  2 |   HASH JOIN         |                 | 86835 |  2459K|    76   (6)| 00:00:01 |
|   3 |    TABLE ACCESS FULL| TIME_BY_DAY     |   730 |  8760 |     3   (0)| 00:00:01 |
|   4 |    TABLE ACCESS FULL| SALES_FACT_1997 | 86835 |  1441K|    71   (3)| 00:00:01 |
---------------------------------------------------------------------------------------

Predicate Information (identified by operation id):
---------------------------------------------------

2 - access(""TIME_BY_DAY"".""TIME_ID""=""FT"".""TIME_ID"")
","with sales explain unit_sales by the_month against store_cost, store_sales using CrossCorrelation, Multireg, Polyfit",116,696.0,268.0,82.0,24.0,805,29
36,09ea3748-bb5e-4fe3-a974-a856c52619a5,"Plan hash value: 165028050

----------------------------------------------------------------------------------------
| Id  | Operation            | Name            | Rows  | Bytes | Cost (%CPU)| Time     |
----------------------------------------------------------------------------------------
|   0 | SELECT STATEMENT     |                 |    51 |  2244 |    88  (14)| 00:00:02 |
|   1 |  SORT GROUP BY       |                 |    51 |  2244 |    88  (14)| 00:00:02 |
|*  2 |   HASH JOIN          |                 | 86835 |  3731K|    81   (7)| 00:00:01 |
|   3 |    TABLE ACCESS FULL | PRODUCT         |  1560 | 17160 |     4   (0)| 00:00:01 |
|*  4 |    HASH JOIN         |                 | 86835 |  2798K|    76   (6)| 00:00:01 |
|   5 |     TABLE ACCESS FULL| TIME_BY_DAY     |   730 |  8760 |     3   (0)| 00:00:01 |
|   6 |     TABLE ACCESS FULL| SALES_FACT_1997 | 86835 |  1780K|    71   (3)| 00:00:01 |
----------------------------------------------------------------------------------------

Predicate Information (identified by operation id):
---------------------------------------------------

2 - access(""PRODUCT"".""PRODUCT_ID""=""FT"".""PRODUCT_ID"")
4 - access(""TIME_BY_DAY"".""TIME_ID""=""FT"".""TIME_ID"")
","with sales explain unit_sales by product_family, the_month against store_cost, store_sales using CrossCorrelation, Multireg, Polyfit",132,2244.0,397.0,88.0,51.0,787,43
323,28426b5c-cf62-479d-98b0-c28c8eca0a04,"Plan hash value: 1148224997

---------------------------------------------------------------------------------------
| Id  | Operation           | Name            | Rows  | Bytes | Cost (%CPU)| Time     |
---------------------------------------------------------------------------------------
|   0 | SELECT STATEMENT    |                 |   730 | 21170 |    82  (13)| 00:00:01 |
|   1 |  SORT GROUP BY      |                 |   730 | 21170 |    82  (13)| 00:00:01 |
|*  2 |   HASH JOIN         |                 | 86835 |  2459K|    76   (6)| 00:00:01 |
|   3 |    TABLE ACCESS FULL| TIME_BY_DAY     |   730 |  8760 |     3   (0)| 00:00:01 |
|   4 |    TABLE ACCESS FULL| SALES_FACT_1997 | 86835 |  1441K|    71   (3)| 00:00:01 |
---------------------------------------------------------------------------------------

Predicate Information (identified by operation id):
---------------------------------------------------

2 - access(""TIME_BY_DAY"".""TIME_ID""=""FT"".""TIME_ID"")
","with sales explain unit_sales by the_date against store_cost, store_sales using CrossCorrelation, Multireg, Polyfit",115,21170.0,265.0,82.0,730.0,780,35
540,7ba0c527-c4a6-440f-a6a8-ec70d79e8675,"Plan hash value: 165028050

----------------------------------------------------------------------------------------
| Id  | Operation            | Name            | Rows  | Bytes | Cost (%CPU)| Time     |
----------------------------------------------------------------------------------------
|   0 | SELECT STATEMENT     |                 |   764 | 37436 |    88  (14)| 00:00:02 |
|   1 |  SORT GROUP BY       |                 |   764 | 37436 |    88  (14)| 00:00:02 |
|*  2 |   HASH JOIN          |                 | 86835 |  4155K|    81   (7)| 00:00:01 |
|   3 |    TABLE ACCESS FULL | PRODUCT         |  1560 | 24960 |     4   (0)| 00:00:01 |
|*  4 |    HASH JOIN         |                 | 86835 |  2798K|    76   (6)| 00:00:01 |
|   5 |     TABLE ACCESS FULL| TIME_BY_DAY     |   730 |  8760 |     3   (0)| 00:00:01 |
|   6 |     TABLE ACCESS FULL| SALES_FACT_1997 | 86835 |  1780K|    71   (3)| 00:00:01 |
----------------------------------------------------------------------------------------

Predicate Information (identified by operation id):
---------------------------------------------------

2 - access(""PRODUCT"".""PRODUCT_ID""=""FT"".""PRODUCT_ID"")
4 - access(""TIME_BY_DAY"".""TIME_ID""=""FT"".""TIME_ID"")
","with sales explain unit_sales by product_category, the_month against store_cost, store_sales using CrossCorrelation, Multireg, Polyfit",134,37436.0,403.0,88.0,764.0,782,54
1224,28a61dbe-4193-49c0-a4bc-32c2123b07ee,"Plan hash value: 165028050

----------------------------------------------------------------------------------------
| Id  | Operation            | Name            | Rows  | Bytes | Cost (%CPU)| Time     |
----------------------------------------------------------------------------------------
|   0 | SELECT STATEMENT     |                 |  1731 | 83088 |    88  (14)| 00:00:02 |
|   1 |  SORT GROUP BY       |                 |  1731 | 83088 |    88  (14)| 00:00:02 |
|*  2 |   HASH JOIN          |                 | 86835 |  4070K|    81   (7)| 00:00:01 |
|   3 |    TABLE ACCESS FULL | PRODUCT         |  1560 | 23400 |     4   (0)| 00:00:01 |
|*  4 |    HASH JOIN         |                 | 86835 |  2798K|    76   (6)| 00:00:01 |
|   5 |     TABLE ACCESS FULL| TIME_BY_DAY     |   730 |  8760 |     3   (0)| 00:00:01 |
|   6 |     TABLE ACCESS FULL| SALES_FACT_1997 | 86835 |  1780K|    71   (3)| 00:00:01 |
----------------------------------------------------------------------------------------

Predicate Information (identified by operation id):
---------------------------------------------------

2 - access(""PRODUCT"".""PRODUCT_ID""=""FT"".""PRODUCT_ID"")
4 - access(""TIME_BY_DAY"".""TIME_ID""=""FT"".""TIME_ID"")
","with sales explain unit_sales by product_subcategory, the_month against store_cost, store_sales using CrossCorrelation, Multireg, Polyfit",137,83088.0,412.0,88.0,1731.0,787,55
12113,ec0f4b52-7f9f-4a08-86dd-49906cce75c9,"Plan hash value: 251198219

--------------------------------------------------------------------------------------------------
| Id  | Operation              | Name            | Rows  | Bytes |TempSpc| Cost (%CPU)| Time     |
--------------------------------------------------------------------------------------------------
|   0 | SELECT STATEMENT       |                 | 10278 |   672K|       |   614   (3)| 00:00:08 |
|   1 |  SORT GROUP BY         |                 | 10278 |   672K|   856K|   614   (3)| 00:00:08 |
|*  2 |   HASH JOIN            |                 | 10278 |   672K|       |   449   (3)| 00:00:06 |
|   3 |    TABLE ACCESS FULL   | TIME_BY_DAY     |   730 |  8760 |       |     3   (0)| 00:00:01 |
|   4 |    VIEW                | VW_GBC_9        | 10278 |   552K|       |   445   (3)| 00:00:06 |
|   5 |     HASH GROUP BY      |                 | 10278 |   371K|  4440K|   445   (3)| 00:00:06 |
|*  6 |      HASH JOIN         |                 | 86835 |  3137K|       |    77   (6)| 00:00:01 |
|   7 |       TABLE ACCESS FULL| PRODUCT         |  1560 | 24960 |       |     4   (0)| 00:00:01 |
|   8 |       TABLE ACCESS FULL| SALES_FACT_1997 | 86835 |  1780K|       |    71   (3)| 00:00:01 |
--------------------------------------------------------------------------------------------------

Predicate Information (identified by operation id):
---------------------------------------------------

2 - access(""TIME_BY_DAY"".""TIME_ID""=""ITEM_1"")
6 - access(""PRODUCT"".""PRODUCT_ID""=""FT"".""PRODUCT_ID"")
","with sales explain unit_sales by product_category, the_date against store_cost, store_sales using CrossCorrelation, Multireg, Polyfit",133,672000.0,400.0,614.0,10278.0,828,46
16949,69eb782e-e076-4934-bd47-2b69b1d67465,"Plan hash value: 1148224997

-----------------------------------------------------------------------------------------------
| Id  | Operation           | Name            | Rows  | Bytes |TempSpc| Cost (%CPU)| Time     |
-----------------------------------------------------------------------------------------------
|   0 | SELECT STATEMENT    |                 | 86835 |  2883K|       |   873   (2)| 00:00:11 |
|   1 |  SORT GROUP BY      |                 | 86835 |  2883K|  4096K|   873   (2)| 00:00:11 |
|*  2 |   HASH JOIN         |                 | 86835 |  2883K|       |    76   (6)| 00:00:01 |
|   3 |    TABLE ACCESS FULL| TIME_BY_DAY     |   730 |  8760 |       |     3   (0)| 00:00:01 |
|   4 |    TABLE ACCESS FULL| SALES_FACT_1997 | 86835 |  1865K|       |    71   (3)| 00:00:01 |
-----------------------------------------------------------------------------------------------

Predicate Information (identified by operation id):
---------------------------------------------------

2 - access(""TIME_BY_DAY"".""TIME_ID""=""FT"".""TIME_ID"")
","with sales explain unit_sales by customer_id, the_month against store_cost, store_sales using CrossCorrelation, Multireg, Polyfit",129,2883000.0,395.0,873.0,86835.0,836,71
18492,987e63d4-18ff-4cd5-a22a-b770c7f1eeaf,"Plan hash value: 1148224997

-----------------------------------------------------------------------------------------------
| Id  | Operation           | Name            | Rows  | Bytes |TempSpc| Cost (%CPU)| Time     |
-----------------------------------------------------------------------------------------------
|   0 | SELECT STATEMENT    |                 | 26458 |   852K|       |   508   (3)| 00:00:07 |
|   1 |  SORT GROUP BY      |                 | 26458 |   852K|  4096K|   508   (3)| 00:00:07 |
|*  2 |   HASH JOIN         |                 | 86835 |  2798K|       |    76   (6)| 00:00:01 |
|   3 |    TABLE ACCESS FULL| TIME_BY_DAY     |   730 |  8760 |       |     3   (0)| 00:00:01 |
|   4 |    TABLE ACCESS FULL| SALES_FACT_1997 | 86835 |  1780K|       |    71   (3)| 00:00:01 |
-----------------------------------------------------------------------------------------------

Predicate Information (identified by operation id):
---------------------------------------------------

2 - access(""TIME_BY_DAY"".""TIME_ID""=""FT"".""TIME_ID"")
","with sales explain unit_sales by product_id, the_month against store_cost, store_sales using CrossCorrelation, Multireg, Polyfit",128,852000.0,385.0,508.0,26458.0,837,64
20525,3dcd6cb2-7fc2-42b0-9227-91b300530384,"Plan hash value: 1148224997

-----------------------------------------------------------------------------------------------
| Id  | Operation           | Name            | Rows  | Bytes |TempSpc| Cost (%CPU)| Time     |
-----------------------------------------------------------------------------------------------
|   0 | SELECT STATEMENT    |                 | 86835 |  2883K|       |   873   (2)| 00:00:11 |
|   1 |  SORT GROUP BY      |                 | 86835 |  2883K|  4096K|   873   (2)| 00:00:11 |
|*  2 |   HASH JOIN         |                 | 86835 |  2883K|       |    76   (6)| 00:00:01 |
|   3 |    TABLE ACCESS FULL| TIME_BY_DAY     |   730 |  8760 |       |     3   (0)| 00:00:01 |
|   4 |    TABLE ACCESS FULL| SALES_FACT_1997 | 86835 |  1865K|       |    71   (3)| 00:00:01 |
-----------------------------------------------------------------------------------------------

Predicate Information (identified by operation id):
---------------------------------------------------

2 - access(""TIME_BY_DAY"".""TIME_ID""=""FT"".""TIME_ID"")
","with sales explain unit_sales by customer_id, the_date against store_cost, store_sales using CrossCorrelation, Multireg, Polyfit",128,2883000.0,392.0,873.0,86835.0,844,71
77832,564ea5e0-7261-47fa-b013-fbc4a0d16cf9,"Plan hash value: 1148224997

-----------------------------------------------------------------------------------------------
| Id  | Operation           | Name            | Rows  | Bytes |TempSpc| Cost (%CPU)| Time     |
-----------------------------------------------------------------------------------------------
|   0 | SELECT STATEMENT    |                 | 86835 |  2798K|       |   855   (2)| 00:00:11 |
|   1 |  SORT GROUP BY      |                 | 86835 |  2798K|  4096K|   855   (2)| 00:00:11 |
|*  2 |   HASH JOIN         |                 | 86835 |  2798K|       |    76   (6)| 00:00:01 |
|   3 |    TABLE ACCESS FULL| TIME_BY_DAY     |   730 |  8760 |       |     3   (0)| 00:00:01 |
|   4 |    TABLE ACCESS FULL| SALES_FACT_1997 | 86835 |  1780K|       |    71   (3)| 00:00:01 |
-----------------------------------------------------------------------------------------------

Predicate Information (identified by operation id):
---------------------------------------------------

2 - access(""TIME_BY_DAY"".""TIME_ID""=""FT"".""TIME_ID"")
","with sales explain unit_sales by product_id, the_date against store_cost, store_sales using CrossCorrelation, Multireg, Polyfit",127,2798000.0,382.0,855.0,86835.0,961,83
86832,e0ca3160-aafd-4f9b-b98a-b896d879d994,"Plan hash value: 1148224997

-----------------------------------------------------------------------------------------------
| Id  | Operation           | Name            | Rows  | Bytes |TempSpc| Cost (%CPU)| Time     |
-----------------------------------------------------------------------------------------------
|   0 | SELECT STATEMENT    |                 | 86835 |  3222K|       |   939   (2)| 00:00:12 |
|   1 |  SORT GROUP BY      |                 | 86835 |  3222K|  4800K|   939   (2)| 00:00:12 |
|*  2 |   HASH JOIN         |                 | 86835 |  3222K|       |    76   (6)| 00:00:01 |
|   3 |    TABLE ACCESS FULL| TIME_BY_DAY     |   730 |  8760 |       |     3   (0)| 00:00:01 |
|   4 |    TABLE ACCESS FULL| SALES_FACT_1997 | 86835 |  2204K|       |    71   (3)| 00:00:01 |
-----------------------------------------------------------------------------------------------

Predicate Information (identified by operation id):
---------------------------------------------------

2 - access(""TIME_BY_DAY"".""TIME_ID""=""FT"".""TIME_ID"")
","with sales explain unit_sales by customer_id, product_id, the_date against store_cost, store_sales using CrossCorrelation, Multireg, Polyfit",140,3222000.0,509.0,939.0,86835.0,962,96
12,12c4dc96-c6a6-4b99-90e7-858b297923fa,"Plan hash value: 1148224997

---------------------------------------------------------------------------------------
| Id  | Operation           | Name            | Rows  | Bytes | Cost (%CPU)| Time     |
---------------------------------------------------------------------------------------
|   0 | SELECT STATEMENT    |                 |    24 |   696 |    82  (13)| 00:00:01 |
|   1 |  SORT GROUP BY      |                 |    24 |   696 |    82  (13)| 00:00:01 |
|*  2 |   HASH JOIN         |                 | 86835 |  2459K|    76   (6)| 00:00:01 |
|   3 |    TABLE ACCESS FULL| TIME_BY_DAY     |   730 |  8760 |     3   (0)| 00:00:01 |
|   4 |    TABLE ACCESS FULL| SALES_FACT_1997 | 86835 |  1441K|    71   (3)| 00:00:01 |
---------------------------------------------------------------------------------------

Predicate Information (identified by operation id):
---------------------------------------------------

2 - access(""TIME_BY_DAY"".""TIME_ID""=""FT"".""TIME_ID"")
","with sales explain unit_sales by the_month against store_cost, store_sales using CrossCorrelation, Multireg, Polyfit",116,696.0,268.0,82.0,24.0,779,27
36,7863569d-8e33-48e8-95f5-efc1cdc5f477,"Plan hash value: 165028050

----------------------------------------------------------------------------------------
| Id  | Operation            | Name            | Rows  | Bytes | Cost (%CPU)| Time     |
----------------------------------------------------------------------------------------
|   0 | SELECT STATEMENT     |                 |    51 |  2244 |    88  (14)| 00:00:02 |
|   1 |  SORT GROUP BY       |                 |    51 |  2244 |    88  (14)| 00:00:02 |
|*  2 |   HASH JOIN          |                 | 86835 |  3731K|    81   (7)| 00:00:01 |
|   3 |    TABLE ACCESS FULL | PRODUCT         |  1560 | 17160 |     4   (0)| 00:00:01 |
|*  4 |    HASH JOIN         |                 | 86835 |  2798K|    76   (6)| 00:00:01 |
|   5 |     TABLE ACCESS FULL| TIME_BY_DAY     |   730 |  8760 |     3   (0)| 00:00:01 |
|   6 |     TABLE ACCESS FULL| SALES_FACT_1997 | 86835 |  1780K|    71   (3)| 00:00:01 |
----------------------------------------------------------------------------------------

Predicate Information (identified by operation id):
---------------------------------------------------

2 - access(""PRODUCT"".""PRODUCT_ID""=""FT"".""PRODUCT_ID"")
4 - access(""TIME_BY_DAY"".""TIME_ID""=""FT"".""TIME_ID"")
","with sales explain unit_sales by product_family, the_month against store_cost, store_sales using CrossCorrelation, Multireg, Polyfit",132,2244.0,397.0,88.0,51.0,788,41
323,8a8f57fa-3615-44f4-a978-bd4f7c60c08e,"Plan hash value: 1148224997

---------------------------------------------------------------------------------------
| Id  | Operation           | Name            | Rows  | Bytes | Cost (%CPU)| Time     |
---------------------------------------------------------------------------------------
|   0 | SELECT STATEMENT    |                 |   730 | 21170 |    82  (13)| 00:00:01 |
|   1 |  SORT GROUP BY      |                 |   730 | 21170 |    82  (13)| 00:00:01 |
|*  2 |   HASH JOIN         |                 | 86835 |  2459K|    76   (6)| 00:00:01 |
|   3 |    TABLE ACCESS FULL| TIME_BY_DAY     |   730 |  8760 |     3   (0)| 00:00:01 |
|   4 |    TABLE ACCESS FULL| SALES_FACT_1997 | 86835 |  1441K|    71   (3)| 00:00:01 |
---------------------------------------------------------------------------------------

Predicate Information (identified by operation id):
---------------------------------------------------

2 - access(""TIME_BY_DAY"".""TIME_ID""=""FT"".""TIME_ID"")
","with sales explain unit_sales by the_date against store_cost, store_sales using CrossCorrelation, Multireg, Polyfit",115,21170.0,265.0,82.0,730.0,793,32
540,aa18fb59-a40f-451f-901d-1ecfce8fb6f1,"Plan hash value: 165028050

----------------------------------------------------------------------------------------
| Id  | Operation            | Name            | Rows  | Bytes | Cost (%CPU)| Time     |
----------------------------------------------------------------------------------------
|   0 | SELECT STATEMENT     |                 |   764 | 37436 |    88  (14)| 00:00:02 |
|   1 |  SORT GROUP BY       |                 |   764 | 37436 |    88  (14)| 00:00:02 |
|*  2 |   HASH JOIN          |                 | 86835 |  4155K|    81   (7)| 00:00:01 |
|   3 |    TABLE ACCESS FULL | PRODUCT         |  1560 | 24960 |     4   (0)| 00:00:01 |
|*  4 |    HASH JOIN         |                 | 86835 |  2798K|    76   (6)| 00:00:01 |
|   5 |     TABLE ACCESS FULL| TIME_BY_DAY     |   730 |  8760 |     3   (0)| 00:00:01 |
|   6 |     TABLE ACCESS FULL| SALES_FACT_1997 | 86835 |  1780K|    71   (3)| 00:00:01 |
----------------------------------------------------------------------------------------

Predicate Information (identified by operation id):
---------------------------------------------------

2 - access(""PRODUCT"".""PRODUCT_ID""=""FT"".""PRODUCT_ID"")
4 - access(""TIME_BY_DAY"".""TIME_ID""=""FT"".""TIME_ID"")
","with sales explain unit_sales by product_category, the_month against store_cost, store_sales using CrossCorrelation, Multireg, Polyfit",134,37436.0,403.0,88.0,764.0,788,52
1224,34287648-90f5-4609-908f-6f05c516de73,"Plan hash value: 165028050

----------------------------------------------------------------------------------------
| Id  | Operation            | Name            | Rows  | Bytes | Cost (%CPU)| Time     |
----------------------------------------------------------------------------------------
|   0 | SELECT STATEMENT     |                 |  1731 | 83088 |    88  (14)| 00:00:02 |
|   1 |  SORT GROUP BY       |                 |  1731 | 83088 |    88  (14)| 00:00:02 |
|*  2 |   HASH JOIN          |                 | 86835 |  4070K|    81   (7)| 00:00:01 |
|   3 |    TABLE ACCESS FULL | PRODUCT         |  1560 | 23400 |     4   (0)| 00:00:01 |
|*  4 |    HASH JOIN         |                 | 86835 |  2798K|    76   (6)| 00:00:01 |
|   5 |     TABLE ACCESS FULL| TIME_BY_DAY     |   730 |  8760 |     3   (0)| 00:00:01 |
|   6 |     TABLE ACCESS FULL| SALES_FACT_1997 | 86835 |  1780K|    71   (3)| 00:00:01 |
----------------------------------------------------------------------------------------

Predicate Information (identified by operation id):
---------------------------------------------------

2 - access(""PRODUCT"".""PRODUCT_ID""=""FT"".""PRODUCT_ID"")
4 - access(""TIME_BY_DAY"".""TIME_ID""=""FT"".""TIME_ID"")
","with sales explain unit_sales by product_subcategory, the_month against store_cost, store_sales using CrossCorrelation, Multireg, Polyfit",137,83088.0,412.0,88.0,1731.0,787,58
12113,4e81670b-9597-4847-9ef4-2b237627b93b,"Plan hash value: 251198219

--------------------------------------------------------------------------------------------------
| Id  | Operation              | Name            | Rows  | Bytes |TempSpc| Cost (%CPU)| Time     |
--------------------------------------------------------------------------------------------------
|   0 | SELECT STATEMENT       |                 | 10278 |   672K|       |   614   (3)| 00:00:08 |
|   1 |  SORT GROUP BY         |                 | 10278 |   672K|   856K|   614   (3)| 00:00:08 |
|*  2 |   HASH JOIN            |                 | 10278 |   672K|       |   449   (3)| 00:00:06 |
|   3 |    TABLE ACCESS FULL   | TIME_BY_DAY     |   730 |  8760 |       |     3   (0)| 00:00:01 |
|   4 |    VIEW                | VW_GBC_9        | 10278 |   552K|       |   445   (3)| 00:00:06 |
|   5 |     HASH GROUP BY      |                 | 10278 |   371K|  4440K|   445   (3)| 00:00:06 |
|*  6 |      HASH JOIN         |                 | 86835 |  3137K|       |    77   (6)| 00:00:01 |
|   7 |       TABLE ACCESS FULL| PRODUCT         |  1560 | 24960 |       |     4   (0)| 00:00:01 |
|   8 |       TABLE ACCESS FULL| SALES_FACT_1997 | 86835 |  1780K|       |    71   (3)| 00:00:01 |
--------------------------------------------------------------------------------------------------

Predicate Information (identified by operation id):
---------------------------------------------------

2 - access(""TIME_BY_DAY"".""TIME_ID""=""ITEM_1"")
6 - access(""PRODUCT"".""PRODUCT_ID""=""FT"".""PRODUCT_ID"")
","with sales explain unit_sales by product_category, the_date against store_cost, store_sales using CrossCorrelation, Multireg, Polyfit",133,672000.0,400.0,614.0,10278.0,837,45
16949,1eebe95b-e09e-470d-b388-aa68b34ceee3,"Plan hash value: 1148224997

-----------------------------------------------------------------------------------------------
| Id  | Operation           | Name            | Rows  | Bytes |TempSpc| Cost (%CPU)| Time     |
-----------------------------------------------------------------------------------------------
|   0 | SELECT STATEMENT    |                 | 86835 |  2883K|       |   873   (2)| 00:00:11 |
|   1 |  SORT GROUP BY      |                 | 86835 |  2883K|  4096K|   873   (2)| 00:00:11 |
|*  2 |   HASH JOIN         |                 | 86835 |  2883K|       |    76   (6)| 00:00:01 |
|   3 |    TABLE ACCESS FULL| TIME_BY_DAY     |   730 |  8760 |       |     3   (0)| 00:00:01 |
|   4 |    TABLE ACCESS FULL| SALES_FACT_1997 | 86835 |  1865K|       |    71   (3)| 00:00:01 |
-----------------------------------------------------------------------------------------------

Predicate Information (identified by operation id):
---------------------------------------------------

2 - access(""TIME_BY_DAY"".""TIME_ID""=""FT"".""TIME_ID"")
","with sales explain unit_sales by customer_id, the_month against store_cost, store_sales using CrossCorrelation, Multireg, Polyfit",129,2883000.0,395.0,873.0,86835.0,883,69
18492,dcda56c4-ef89-4f7a-a0fa-16b51fe91a34,"Plan hash value: 1148224997

-----------------------------------------------------------------------------------------------
| Id  | Operation           | Name            | Rows  | Bytes |TempSpc| Cost (%CPU)| Time     |
-----------------------------------------------------------------------------------------------
|   0 | SELECT STATEMENT    |                 | 26458 |   852K|       |   508   (3)| 00:00:07 |
|   1 |  SORT GROUP BY      |                 | 26458 |   852K|  4096K|   508   (3)| 00:00:07 |
|*  2 |   HASH JOIN         |                 | 86835 |  2798K|       |    76   (6)| 00:00:01 |
|   3 |    TABLE ACCESS FULL| TIME_BY_DAY     |   730 |  8760 |       |     3   (0)| 00:00:01 |
|   4 |    TABLE ACCESS FULL| SALES_FACT_1997 | 86835 |  1780K|       |    71   (3)| 00:00:01 |
-----------------------------------------------------------------------------------------------

Predicate Information (identified by operation id):
---------------------------------------------------

2 - access(""TIME_BY_DAY"".""TIME_ID""=""FT"".""TIME_ID"")
","with sales explain unit_sales by product_id, the_month against store_cost, store_sales using CrossCorrelation, Multireg, Polyfit",128,852000.0,385.0,508.0,26458.0,841,60
20525,26d833be-063a-4f0f-a46c-79857989e219,"Plan hash value: 1148224997

-----------------------------------------------------------------------------------------------
| Id  | Operation           | Name            | Rows  | Bytes |TempSpc| Cost (%CPU)| Time     |
-----------------------------------------------------------------------------------------------
|   0 | SELECT STATEMENT    |                 | 86835 |  2883K|       |   873   (2)| 00:00:11 |
|   1 |  SORT GROUP BY      |                 | 86835 |  2883K|  4096K|   873   (2)| 00:00:11 |
|*  2 |   HASH JOIN         |                 | 86835 |  2883K|       |    76   (6)| 00:00:01 |
|   3 |    TABLE ACCESS FULL| TIME_BY_DAY     |   730 |  8760 |       |     3   (0)| 00:00:01 |
|   4 |    TABLE ACCESS FULL| SALES_FACT_1997 | 86835 |  1865K|       |    71   (3)| 00:00:01 |
-----------------------------------------------------------------------------------------------

Predicate Information (identified by operation id):
---------------------------------------------------

2 - access(""TIME_BY_DAY"".""TIME_ID""=""FT"".""TIME_ID"")
","with sales explain unit_sales by customer_id, the_date against store_cost, store_sales using CrossCorrelation, Multireg, Polyfit",128,2883000.0,392.0,873.0,86835.0,847,69
77832,28610039-5234-4750-8ecf-ef9a148dbf97,"Plan hash value: 1148224997

-----------------------------------------------------------------------------------------------
| Id  | Operation           | Name            | Rows  | Bytes |TempSpc| Cost (%CPU)| Time     |
-----------------------------------------------------------------------------------------------
|   0 | SELECT STATEMENT    |                 | 86835 |  2798K|       |   855   (2)| 00:00:11 |
|   1 |  SORT GROUP BY      |                 | 86835 |  2798K|  4096K|   855   (2)| 00:00:11 |
|*  2 |   HASH JOIN         |                 | 86835 |  2798K|       |    76   (6)| 00:00:01 |
|   3 |    TABLE ACCESS FULL| TIME_BY_DAY     |   730 |  8760 |       |     3   (0)| 00:00:01 |
|   4 |    TABLE ACCESS FULL| SALES_FACT_1997 | 86835 |  1780K|       |    71   (3)| 00:00:01 |
-----------------------------------------------------------------------------------------------

Predicate Information (identified by operation id):
---------------------------------------------------

2 - access(""TIME_BY_DAY"".""TIME_ID""=""FT"".""TIME_ID"")
","with sales explain unit_sales by product_id, the_date against store_cost, store_sales using CrossCorrelation, Multireg, Polyfit",127,2798000.0,382.0,855.0,86835.0,1004,83
86832,d883a8f4-1db6-4ea6-a472-b4cbe711c6ec,"Plan hash value: 1148224997

-----------------------------------------------------------------------------------------------
| Id  | Operation           | Name            | Rows  | Bytes |TempSpc| Cost (%CPU)| Time     |
-----------------------------------------------------------------------------------------------
|   0 | SELECT STATEMENT    |                 | 86835 |  3222K|       |   939   (2)| 00:00:12 |
|   1 |  SORT GROUP BY      |                 | 86835 |  3222K|  4800K|   939   (2)| 00:00:12 |
|*  2 |   HASH JOIN         |                 | 86835 |  3222K|       |    76   (6)| 00:00:01 |
|   3 |    TABLE ACCESS FULL| TIME_BY_DAY     |   730 |  8760 |       |     3   (0)| 00:00:01 |
|   4 |    TABLE ACCESS FULL| SALES_FACT_1997 | 86835 |  2204K|       |    71   (3)| 00:00:01 |
-----------------------------------------------------------------------------------------------

Predicate Information (identified by operation id):
---------------------------------------------------

2 - access(""TIME_BY_DAY"".""TIME_ID""=""FT"".""TIME_ID"")
","with sales explain unit_sales by customer_id, product_id, the_date against store_cost, store_sales using CrossCorrelation, Multireg, Polyfit",140,3222000.0,509.0,939.0,86835.0,973,93
12,a251560a-43fd-4c64-a9c0-78e712c8ab39,"Plan hash value: 1148224997

---------------------------------------------------------------------------------------
| Id  | Operation           | Name            | Rows  | Bytes | Cost (%CPU)| Time     |
---------------------------------------------------------------------------------------
|   0 | SELECT STATEMENT    |                 |    24 |   696 |    82  (13)| 00:00:01 |
|   1 |  SORT GROUP BY      |                 |    24 |   696 |    82  (13)| 00:00:01 |
|*  2 |   HASH JOIN         |                 | 86835 |  2459K|    76   (6)| 00:00:01 |
|   3 |    TABLE ACCESS FULL| TIME_BY_DAY     |   730 |  8760 |     3   (0)| 00:00:01 |
|   4 |    TABLE ACCESS FULL| SALES_FACT_1997 | 86835 |  1441K|    71   (3)| 00:00:01 |
---------------------------------------------------------------------------------------

Predicate Information (identified by operation id):
---------------------------------------------------

2 - access(""TIME_BY_DAY"".""TIME_ID""=""FT"".""TIME_ID"")
","with sales explain unit_sales by the_month against store_cost, store_sales using CrossCorrelation, Multireg, Polyfit",116,696.0,268.0,82.0,24.0,780,29
36,671d2bfc-0e8a-48fb-8982-70711d8c35db,"Plan hash value: 165028050

----------------------------------------------------------------------------------------
| Id  | Operation            | Name            | Rows  | Bytes | Cost (%CPU)| Time     |
----------------------------------------------------------------------------------------
|   0 | SELECT STATEMENT     |                 |    51 |  2244 |    88  (14)| 00:00:02 |
|   1 |  SORT GROUP BY       |                 |    51 |  2244 |    88  (14)| 00:00:02 |
|*  2 |   HASH JOIN          |                 | 86835 |  3731K|    81   (7)| 00:00:01 |
|   3 |    TABLE ACCESS FULL | PRODUCT         |  1560 | 17160 |     4   (0)| 00:00:01 |
|*  4 |    HASH JOIN         |                 | 86835 |  2798K|    76   (6)| 00:00:01 |
|   5 |     TABLE ACCESS FULL| TIME_BY_DAY     |   730 |  8760 |     3   (0)| 00:00:01 |
|   6 |     TABLE ACCESS FULL| SALES_FACT_1997 | 86835 |  1780K|    71   (3)| 00:00:01 |
----------------------------------------------------------------------------------------

Predicate Information (identified by operation id):
---------------------------------------------------

2 - access(""PRODUCT"".""PRODUCT_ID""=""FT"".""PRODUCT_ID"")
4 - access(""TIME_BY_DAY"".""TIME_ID""=""FT"".""TIME_ID"")
","with sales explain unit_sales by product_family, the_month against store_cost, store_sales using CrossCorrelation, Multireg, Polyfit",132,2244.0,397.0,88.0,51.0,798,38
323,6858cb35-0111-4729-9fba-73fc6050e471,"Plan hash value: 1148224997

---------------------------------------------------------------------------------------
| Id  | Operation           | Name            | Rows  | Bytes | Cost (%CPU)| Time     |
---------------------------------------------------------------------------------------
|   0 | SELECT STATEMENT    |                 |   730 | 21170 |    82  (13)| 00:00:01 |
|   1 |  SORT GROUP BY      |                 |   730 | 21170 |    82  (13)| 00:00:01 |
|*  2 |   HASH JOIN         |                 | 86835 |  2459K|    76   (6)| 00:00:01 |
|   3 |    TABLE ACCESS FULL| TIME_BY_DAY     |   730 |  8760 |     3   (0)| 00:00:01 |
|   4 |    TABLE ACCESS FULL| SALES_FACT_1997 | 86835 |  1441K|    71   (3)| 00:00:01 |
---------------------------------------------------------------------------------------

Predicate Information (identified by operation id):
---------------------------------------------------

2 - access(""TIME_BY_DAY"".""TIME_ID""=""FT"".""TIME_ID"")
","with sales explain unit_sales by the_date against store_cost, store_sales using CrossCorrelation, Multireg, Polyfit",115,21170.0,265.0,82.0,730.0,789,38
540,b8d24b83-040e-4c35-9e15-d5a95f3a7ebf,"Plan hash value: 165028050

----------------------------------------------------------------------------------------
| Id  | Operation            | Name            | Rows  | Bytes | Cost (%CPU)| Time     |
----------------------------------------------------------------------------------------
|   0 | SELECT STATEMENT     |                 |   764 | 37436 |    88  (14)| 00:00:02 |
|   1 |  SORT GROUP BY       |                 |   764 | 37436 |    88  (14)| 00:00:02 |
|*  2 |   HASH JOIN          |                 | 86835 |  4155K|    81   (7)| 00:00:01 |
|   3 |    TABLE ACCESS FULL | PRODUCT         |  1560 | 24960 |     4   (0)| 00:00:01 |
|*  4 |    HASH JOIN         |                 | 86835 |  2798K|    76   (6)| 00:00:01 |
|   5 |     TABLE ACCESS FULL| TIME_BY_DAY     |   730 |  8760 |     3   (0)| 00:00:01 |
|   6 |     TABLE ACCESS FULL| SALES_FACT_1997 | 86835 |  1780K|    71   (3)| 00:00:01 |
----------------------------------------------------------------------------------------

Predicate Information (identified by operation id):
---------------------------------------------------

2 - access(""PRODUCT"".""PRODUCT_ID""=""FT"".""PRODUCT_ID"")
4 - access(""TIME_BY_DAY"".""TIME_ID""=""FT"".""TIME_ID"")
","with sales explain unit_sales by product_category, the_month against store_cost, store_sales using CrossCorrelation, Multireg, Polyfit",134,37436.0,403.0,88.0,764.0,785,53
1224,5a97dd16-fbe4-4e13-9ff2-f4856b465ba1,"Plan hash value: 165028050

----------------------------------------------------------------------------------------
| Id  | Operation            | Name            | Rows  | Bytes | Cost (%CPU)| Time     |
----------------------------------------------------------------------------------------
|   0 | SELECT STATEMENT     |                 |  1731 | 83088 |    88  (14)| 00:00:02 |
|   1 |  SORT GROUP BY       |                 |  1731 | 83088 |    88  (14)| 00:00:02 |
|*  2 |   HASH JOIN          |                 | 86835 |  4070K|    81   (7)| 00:00:01 |
|   3 |    TABLE ACCESS FULL | PRODUCT         |  1560 | 23400 |     4   (0)| 00:00:01 |
|*  4 |    HASH JOIN         |                 | 86835 |  2798K|    76   (6)| 00:00:01 |
|   5 |     TABLE ACCESS FULL| TIME_BY_DAY     |   730 |  8760 |     3   (0)| 00:00:01 |
|   6 |     TABLE ACCESS FULL| SALES_FACT_1997 | 86835 |  1780K|    71   (3)| 00:00:01 |
----------------------------------------------------------------------------------------

Predicate Information (identified by operation id):
---------------------------------------------------

2 - access(""PRODUCT"".""PRODUCT_ID""=""FT"".""PRODUCT_ID"")
4 - access(""TIME_BY_DAY"".""TIME_ID""=""FT"".""TIME_ID"")
","with sales explain unit_sales by product_subcategory, the_month against store_cost, store_sales using CrossCorrelation, Multireg, Polyfit",137,83088.0,412.0,88.0,1731.0,796,56
12113,18c6c232-9afb-43f0-94fa-73e77c185c43,"Plan hash value: 251198219

--------------------------------------------------------------------------------------------------
| Id  | Operation              | Name            | Rows  | Bytes |TempSpc| Cost (%CPU)| Time     |
--------------------------------------------------------------------------------------------------
|   0 | SELECT STATEMENT       |                 | 10278 |   672K|       |   614   (3)| 00:00:08 |
|   1 |  SORT GROUP BY         |                 | 10278 |   672K|   856K|   614   (3)| 00:00:08 |
|*  2 |   HASH JOIN            |                 | 10278 |   672K|       |   449   (3)| 00:00:06 |
|   3 |    TABLE ACCESS FULL   | TIME_BY_DAY     |   730 |  8760 |       |     3   (0)| 00:00:01 |
|   4 |    VIEW                | VW_GBC_9        | 10278 |   552K|       |   445   (3)| 00:00:06 |
|   5 |     HASH GROUP BY      |                 | 10278 |   371K|  4440K|   445   (3)| 00:00:06 |
|*  6 |      HASH JOIN         |                 | 86835 |  3137K|       |    77   (6)| 00:00:01 |
|   7 |       TABLE ACCESS FULL| PRODUCT         |  1560 | 24960 |       |     4   (0)| 00:00:01 |
|   8 |       TABLE ACCESS FULL| SALES_FACT_1997 | 86835 |  1780K|       |    71   (3)| 00:00:01 |
--------------------------------------------------------------------------------------------------

Predicate Information (identified by operation id):
---------------------------------------------------

2 - access(""TIME_BY_DAY"".""TIME_ID""=""ITEM_1"")
6 - access(""PRODUCT"".""PRODUCT_ID""=""FT"".""PRODUCT_ID"")
","with sales explain unit_sales by product_category, the_date against store_cost, store_sales using CrossCorrelation, Multireg, Polyfit",133,672000.0,400.0,614.0,10278.0,853,45
16949,2c13fb08-3b16-4249-beb2-ad0f27455d27,"Plan hash value: 1148224997

-----------------------------------------------------------------------------------------------
| Id  | Operation           | Name            | Rows  | Bytes |TempSpc| Cost (%CPU)| Time     |
-----------------------------------------------------------------------------------------------
|   0 | SELECT STATEMENT    |                 | 86835 |  2883K|       |   873   (2)| 00:00:11 |
|   1 |  SORT GROUP BY      |                 | 86835 |  2883K|  4096K|   873   (2)| 00:00:11 |
|*  2 |   HASH JOIN         |                 | 86835 |  2883K|       |    76   (6)| 00:00:01 |
|   3 |    TABLE ACCESS FULL| TIME_BY_DAY     |   730 |  8760 |       |     3   (0)| 00:00:01 |
|   4 |    TABLE ACCESS FULL| SALES_FACT_1997 | 86835 |  1865K|       |    71   (3)| 00:00:01 |
-----------------------------------------------------------------------------------------------

Predicate Information (identified by operation id):
---------------------------------------------------

2 - access(""TIME_BY_DAY"".""TIME_ID""=""FT"".""TIME_ID"")
","with sales explain unit_sales by customer_id, the_month against store_cost, store_sales using CrossCorrelation, Multireg, Polyfit",129,2883000.0,395.0,873.0,86835.0,843,70
18492,ce0c833b-c963-46e7-aa6e-677785f6ff17,"Plan hash value: 1148224997

-----------------------------------------------------------------------------------------------
| Id  | Operation           | Name            | Rows  | Bytes |TempSpc| Cost (%CPU)| Time     |
-----------------------------------------------------------------------------------------------
|   0 | SELECT STATEMENT    |                 | 26458 |   852K|       |   508   (3)| 00:00:07 |
|   1 |  SORT GROUP BY      |                 | 26458 |   852K|  4096K|   508   (3)| 00:00:07 |
|*  2 |   HASH JOIN         |                 | 86835 |  2798K|       |    76   (6)| 00:00:01 |
|   3 |    TABLE ACCESS FULL| TIME_BY_DAY     |   730 |  8760 |       |     3   (0)| 00:00:01 |
|   4 |    TABLE ACCESS FULL| SALES_FACT_1997 | 86835 |  1780K|       |    71   (3)| 00:00:01 |
-----------------------------------------------------------------------------------------------

Predicate Information (identified by operation id):
---------------------------------------------------

2 - access(""TIME_BY_DAY"".""TIME_ID""=""FT"".""TIME_ID"")
","with sales explain unit_sales by product_id, the_month against store_cost, store_sales using CrossCorrelation, Multireg, Polyfit",128,852000.0,385.0,508.0,26458.0,848,59
20525,51aa2ca2-96eb-4f4d-867c-cd79381d6e99,"Plan hash value: 1148224997

-----------------------------------------------------------------------------------------------
| Id  | Operation           | Name            | Rows  | Bytes |TempSpc| Cost (%CPU)| Time     |
-----------------------------------------------------------------------------------------------
|   0 | SELECT STATEMENT    |                 | 86835 |  2883K|       |   873   (2)| 00:00:11 |
|   1 |  SORT GROUP BY      |                 | 86835 |  2883K|  4096K|   873   (2)| 00:00:11 |
|*  2 |   HASH JOIN         |                 | 86835 |  2883K|       |    76   (6)| 00:00:01 |
|   3 |    TABLE ACCESS FULL| TIME_BY_DAY     |   730 |  8760 |       |     3   (0)| 00:00:01 |
|   4 |    TABLE ACCESS FULL| SALES_FACT_1997 | 86835 |  1865K|       |    71   (3)| 00:00:01 |
-----------------------------------------------------------------------------------------------

Predicate Information (identified by operation id):
---------------------------------------------------

2 - access(""TIME_BY_DAY"".""TIME_ID""=""FT"".""TIME_ID"")
","with sales explain unit_sales by customer_id, the_date against store_cost, store_sales using CrossCorrelation, Multireg, Polyfit",128,2883000.0,392.0,873.0,86835.0,841,69
77832,30c81443-c7ca-41ae-a2ad-b61c06662f9d,"Plan hash value: 1148224997

-----------------------------------------------------------------------------------------------
| Id  | Operation           | Name            | Rows  | Bytes |TempSpc| Cost (%CPU)| Time     |
-----------------------------------------------------------------------------------------------
|   0 | SELECT STATEMENT    |                 | 86835 |  2798K|       |   855   (2)| 00:00:11 |
|   1 |  SORT GROUP BY      |                 | 86835 |  2798K|  4096K|   855   (2)| 00:00:11 |
|*  2 |   HASH JOIN         |                 | 86835 |  2798K|       |    76   (6)| 00:00:01 |
|   3 |    TABLE ACCESS FULL| TIME_BY_DAY     |   730 |  8760 |       |     3   (0)| 00:00:01 |
|   4 |    TABLE ACCESS FULL| SALES_FACT_1997 | 86835 |  1780K|       |    71   (3)| 00:00:01 |
-----------------------------------------------------------------------------------------------

Predicate Information (identified by operation id):
---------------------------------------------------

2 - access(""TIME_BY_DAY"".""TIME_ID""=""FT"".""TIME_ID"")
","with sales explain unit_sales by product_id, the_date against store_cost, store_sales using CrossCorrelation, Multireg, Polyfit",127,2798000.0,382.0,855.0,86835.0,964,82
86832,79086e9b-fd92-4a9b-9e2d-ae99a218e31c,"Plan hash value: 1148224997

-----------------------------------------------------------------------------------------------
| Id  | Operation           | Name            | Rows  | Bytes |TempSpc| Cost (%CPU)| Time     |
-----------------------------------------------------------------------------------------------
|   0 | SELECT STATEMENT    |                 | 86835 |  3222K|       |   939   (2)| 00:00:12 |
|   1 |  SORT GROUP BY      |                 | 86835 |  3222K|  4800K|   939   (2)| 00:00:12 |
|*  2 |   HASH JOIN         |                 | 86835 |  3222K|       |    76   (6)| 00:00:01 |
|   3 |    TABLE ACCESS FULL| TIME_BY_DAY     |   730 |  8760 |       |     3   (0)| 00:00:01 |
|   4 |    TABLE ACCESS FULL| SALES_FACT_1997 | 86835 |  2204K|       |    71   (3)| 00:00:01 |
-----------------------------------------------------------------------------------------------

Predicate Information (identified by operation id):
---------------------------------------------------

2 - access(""TIME_BY_DAY"".""TIME_ID""=""FT"".""TIME_ID"")
","with sales explain unit_sales by customer_id, product_id, the_date against store_cost, store_sales using CrossCorrelation, Multireg, Polyfit",140,3222000.0,509.0,939.0,86835.0,977,89
12,460c1dae-0bbb-4e3c-8121-88b89664efc8,"Plan hash value: 1148224997

---------------------------------------------------------------------------------------
| Id  | Operation           | Name            | Rows  | Bytes | Cost (%CPU)| Time     |
---------------------------------------------------------------------------------------
|   0 | SELECT STATEMENT    |                 |    24 |   696 |    82  (13)| 00:00:01 |
|   1 |  SORT GROUP BY      |                 |    24 |   696 |    82  (13)| 00:00:01 |
|*  2 |   HASH JOIN         |                 | 86835 |  2459K|    76   (6)| 00:00:01 |
|   3 |    TABLE ACCESS FULL| TIME_BY_DAY     |   730 |  8760 |     3   (0)| 00:00:01 |
|   4 |    TABLE ACCESS FULL| SALES_FACT_1997 | 86835 |  1441K|    71   (3)| 00:00:01 |
---------------------------------------------------------------------------------------

Predicate Information (identified by operation id):
---------------------------------------------------

2 - access(""TIME_BY_DAY"".""TIME_ID""=""FT"".""TIME_ID"")
","with sales explain unit_sales by the_month against store_cost, store_sales using CrossCorrelation, Multireg, Polyfit",116,696.0,268.0,82.0,24.0,788,28
36,66f10010-d863-4654-bf55-d7677ec26d21,"Plan hash value: 165028050

----------------------------------------------------------------------------------------
| Id  | Operation            | Name            | Rows  | Bytes | Cost (%CPU)| Time     |
----------------------------------------------------------------------------------------
|   0 | SELECT STATEMENT     |                 |    51 |  2244 |    88  (14)| 00:00:02 |
|   1 |  SORT GROUP BY       |                 |    51 |  2244 |    88  (14)| 00:00:02 |
|*  2 |   HASH JOIN          |                 | 86835 |  3731K|    81   (7)| 00:00:01 |
|   3 |    TABLE ACCESS FULL | PRODUCT         |  1560 | 17160 |     4   (0)| 00:00:01 |
|*  4 |    HASH JOIN         |                 | 86835 |  2798K|    76   (6)| 00:00:01 |
|   5 |     TABLE ACCESS FULL| TIME_BY_DAY     |   730 |  8760 |     3   (0)| 00:00:01 |
|   6 |     TABLE ACCESS FULL| SALES_FACT_1997 | 86835 |  1780K|    71   (3)| 00:00:01 |
----------------------------------------------------------------------------------------

Predicate Information (identified by operation id):
---------------------------------------------------

2 - access(""PRODUCT"".""PRODUCT_ID""=""FT"".""PRODUCT_ID"")
4 - access(""TIME_BY_DAY"".""TIME_ID""=""FT"".""TIME_ID"")
","with sales explain unit_sales by product_family, the_month against store_cost, store_sales using CrossCorrelation, Multireg, Polyfit",132,2244.0,397.0,88.0,51.0,786,38
323,20779940-bef1-4be5-9ebd-48b7e6260ca6,"Plan hash value: 1148224997

---------------------------------------------------------------------------------------
| Id  | Operation           | Name            | Rows  | Bytes | Cost (%CPU)| Time     |
---------------------------------------------------------------------------------------
|   0 | SELECT STATEMENT    |                 |   730 | 21170 |    82  (13)| 00:00:01 |
|   1 |  SORT GROUP BY      |                 |   730 | 21170 |    82  (13)| 00:00:01 |
|*  2 |   HASH JOIN         |                 | 86835 |  2459K|    76   (6)| 00:00:01 |
|   3 |    TABLE ACCESS FULL| TIME_BY_DAY     |   730 |  8760 |     3   (0)| 00:00:01 |
|   4 |    TABLE ACCESS FULL| SALES_FACT_1997 | 86835 |  1441K|    71   (3)| 00:00:01 |
---------------------------------------------------------------------------------------

Predicate Information (identified by operation id):
---------------------------------------------------

2 - access(""TIME_BY_DAY"".""TIME_ID""=""FT"".""TIME_ID"")
","with sales explain unit_sales by the_date against store_cost, store_sales using CrossCorrelation, Multireg, Polyfit",115,21170.0,265.0,82.0,730.0,788,32
540,e1b78c85-9872-47f8-aeb3-0bd25a6a72b4,"Plan hash value: 165028050

----------------------------------------------------------------------------------------
| Id  | Operation            | Name            | Rows  | Bytes | Cost (%CPU)| Time     |
----------------------------------------------------------------------------------------
|   0 | SELECT STATEMENT     |                 |   764 | 37436 |    88  (14)| 00:00:02 |
|   1 |  SORT GROUP BY       |                 |   764 | 37436 |    88  (14)| 00:00:02 |
|*  2 |   HASH JOIN          |                 | 86835 |  4155K|    81   (7)| 00:00:01 |
|   3 |    TABLE ACCESS FULL | PRODUCT         |  1560 | 24960 |     4   (0)| 00:00:01 |
|*  4 |    HASH JOIN         |                 | 86835 |  2798K|    76   (6)| 00:00:01 |
|   5 |     TABLE ACCESS FULL| TIME_BY_DAY     |   730 |  8760 |     3   (0)| 00:00:01 |
|   6 |     TABLE ACCESS FULL| SALES_FACT_1997 | 86835 |  1780K|    71   (3)| 00:00:01 |
----------------------------------------------------------------------------------------

Predicate Information (identified by operation id):
---------------------------------------------------

2 - access(""PRODUCT"".""PRODUCT_ID""=""FT"".""PRODUCT_ID"")
4 - access(""TIME_BY_DAY"".""TIME_ID""=""FT"".""TIME_ID"")
","with sales explain unit_sales by product_category, the_month against store_cost, store_sales using CrossCorrelation, Multireg, Polyfit",134,37436.0,403.0,88.0,764.0,784,49
1224,aea9e93f-da7c-4aac-bebf-82c41cadd41e,"Plan hash value: 165028050

----------------------------------------------------------------------------------------
| Id  | Operation            | Name            | Rows  | Bytes | Cost (%CPU)| Time     |
----------------------------------------------------------------------------------------
|   0 | SELECT STATEMENT     |                 |  1731 | 83088 |    88  (14)| 00:00:02 |
|   1 |  SORT GROUP BY       |                 |  1731 | 83088 |    88  (14)| 00:00:02 |
|*  2 |   HASH JOIN          |                 | 86835 |  4070K|    81   (7)| 00:00:01 |
|   3 |    TABLE ACCESS FULL | PRODUCT         |  1560 | 23400 |     4   (0)| 00:00:01 |
|*  4 |    HASH JOIN         |                 | 86835 |  2798K|    76   (6)| 00:00:01 |
|   5 |     TABLE ACCESS FULL| TIME_BY_DAY     |   730 |  8760 |     3   (0)| 00:00:01 |
|   6 |     TABLE ACCESS FULL| SALES_FACT_1997 | 86835 |  1780K|    71   (3)| 00:00:01 |
----------------------------------------------------------------------------------------

Predicate Information (identified by operation id):
---------------------------------------------------

2 - access(""PRODUCT"".""PRODUCT_ID""=""FT"".""PRODUCT_ID"")
4 - access(""TIME_BY_DAY"".""TIME_ID""=""FT"".""TIME_ID"")
","with sales explain unit_sales by product_subcategory, the_month against store_cost, store_sales using CrossCorrelation, Multireg, Polyfit",137,83088.0,412.0,88.0,1731.0,796,58
12113,186d369f-ebb5-4360-8634-93a354109d73,"Plan hash value: 251198219

--------------------------------------------------------------------------------------------------
| Id  | Operation              | Name            | Rows  | Bytes |TempSpc| Cost (%CPU)| Time     |
--------------------------------------------------------------------------------------------------
|   0 | SELECT STATEMENT       |                 | 10278 |   672K|       |   614   (3)| 00:00:08 |
|   1 |  SORT GROUP BY         |                 | 10278 |   672K|   856K|   614   (3)| 00:00:08 |
|*  2 |   HASH JOIN            |                 | 10278 |   672K|       |   449   (3)| 00:00:06 |
|   3 |    TABLE ACCESS FULL   | TIME_BY_DAY     |   730 |  8760 |       |     3   (0)| 00:00:01 |
|   4 |    VIEW                | VW_GBC_9        | 10278 |   552K|       |   445   (3)| 00:00:06 |
|   5 |     HASH GROUP BY      |                 | 10278 |   371K|  4440K|   445   (3)| 00:00:06 |
|*  6 |      HASH JOIN         |                 | 86835 |  3137K|       |    77   (6)| 00:00:01 |
|   7 |       TABLE ACCESS FULL| PRODUCT         |  1560 | 24960 |       |     4   (0)| 00:00:01 |
|   8 |       TABLE ACCESS FULL| SALES_FACT_1997 | 86835 |  1780K|       |    71   (3)| 00:00:01 |
--------------------------------------------------------------------------------------------------

Predicate Information (identified by operation id):
---------------------------------------------------

2 - access(""TIME_BY_DAY"".""TIME_ID""=""ITEM_1"")
6 - access(""PRODUCT"".""PRODUCT_ID""=""FT"".""PRODUCT_ID"")
","with sales explain unit_sales by product_category, the_date against store_cost, store_sales using CrossCorrelation, Multireg, Polyfit",133,672000.0,400.0,614.0,10278.0,829,47
16949,293be993-7b16-4624-93a8-66f9ee518f22,"Plan hash value: 1148224997

-----------------------------------------------------------------------------------------------
| Id  | Operation           | Name            | Rows  | Bytes |TempSpc| Cost (%CPU)| Time     |
-----------------------------------------------------------------------------------------------
|   0 | SELECT STATEMENT    |                 | 86835 |  2883K|       |   873   (2)| 00:00:11 |
|   1 |  SORT GROUP BY      |                 | 86835 |  2883K|  4096K|   873   (2)| 00:00:11 |
|*  2 |   HASH JOIN         |                 | 86835 |  2883K|       |    76   (6)| 00:00:01 |
|   3 |    TABLE ACCESS FULL| TIME_BY_DAY     |   730 |  8760 |       |     3   (0)| 00:00:01 |
|   4 |    TABLE ACCESS FULL| SALES_FACT_1997 | 86835 |  1865K|       |    71   (3)| 00:00:01 |
-----------------------------------------------------------------------------------------------

Predicate Information (identified by operation id):
---------------------------------------------------

2 - access(""TIME_BY_DAY"".""TIME_ID""=""FT"".""TIME_ID"")
","with sales explain unit_sales by customer_id, the_month against store_cost, store_sales using CrossCorrelation, Multireg, Polyfit",129,2883000.0,395.0,873.0,86835.0,831,76
18492,b8f2dafb-c809-46ca-887b-dfffa68acef2,"Plan hash value: 1148224997

-----------------------------------------------------------------------------------------------
| Id  | Operation           | Name            | Rows  | Bytes |TempSpc| Cost (%CPU)| Time     |
-----------------------------------------------------------------------------------------------
|   0 | SELECT STATEMENT    |                 | 26458 |   852K|       |   508   (3)| 00:00:07 |
|   1 |  SORT GROUP BY      |                 | 26458 |   852K|  4096K|   508   (3)| 00:00:07 |
|*  2 |   HASH JOIN         |                 | 86835 |  2798K|       |    76   (6)| 00:00:01 |
|   3 |    TABLE ACCESS FULL| TIME_BY_DAY     |   730 |  8760 |       |     3   (0)| 00:00:01 |
|   4 |    TABLE ACCESS FULL| SALES_FACT_1997 | 86835 |  1780K|       |    71   (3)| 00:00:01 |
-----------------------------------------------------------------------------------------------

Predicate Information (identified by operation id):
---------------------------------------------------

2 - access(""TIME_BY_DAY"".""TIME_ID""=""FT"".""TIME_ID"")
","with sales explain unit_sales by product_id, the_month against store_cost, store_sales using CrossCorrelation, Multireg, Polyfit",128,852000.0,385.0,508.0,26458.0,840,62
20525,389b04c1-5f36-464d-a987-143b810b2f49,"Plan hash value: 1148224997

-----------------------------------------------------------------------------------------------
| Id  | Operation           | Name            | Rows  | Bytes |TempSpc| Cost (%CPU)| Time     |
-----------------------------------------------------------------------------------------------
|   0 | SELECT STATEMENT    |                 | 86835 |  2883K|       |   873   (2)| 00:00:11 |
|   1 |  SORT GROUP BY      |                 | 86835 |  2883K|  4096K|   873   (2)| 00:00:11 |
|*  2 |   HASH JOIN         |                 | 86835 |  2883K|       |    76   (6)| 00:00:01 |
|   3 |    TABLE ACCESS FULL| TIME_BY_DAY     |   730 |  8760 |       |     3   (0)| 00:00:01 |
|   4 |    TABLE ACCESS FULL| SALES_FACT_1997 | 86835 |  1865K|       |    71   (3)| 00:00:01 |
-----------------------------------------------------------------------------------------------

Predicate Information (identified by operation id):
---------------------------------------------------

2 - access(""TIME_BY_DAY"".""TIME_ID""=""FT"".""TIME_ID"")
","with sales explain unit_sales by customer_id, the_date against store_cost, store_sales using CrossCorrelation, Multireg, Polyfit",128,2883000.0,392.0,873.0,86835.0,837,68
77832,db2f7073-b565-4fbc-93c3-bb9cc125cc7b,"Plan hash value: 1148224997

-----------------------------------------------------------------------------------------------
| Id  | Operation           | Name            | Rows  | Bytes |TempSpc| Cost (%CPU)| Time     |
-----------------------------------------------------------------------------------------------
|   0 | SELECT STATEMENT    |                 | 86835 |  2798K|       |   855   (2)| 00:00:11 |
|   1 |  SORT GROUP BY      |                 | 86835 |  2798K|  4096K|   855   (2)| 00:00:11 |
|*  2 |   HASH JOIN         |                 | 86835 |  2798K|       |    76   (6)| 00:00:01 |
|   3 |    TABLE ACCESS FULL| TIME_BY_DAY     |   730 |  8760 |       |     3   (0)| 00:00:01 |
|   4 |    TABLE ACCESS FULL| SALES_FACT_1997 | 86835 |  1780K|       |    71   (3)| 00:00:01 |
-----------------------------------------------------------------------------------------------

Predicate Information (identified by operation id):
---------------------------------------------------

2 - access(""TIME_BY_DAY"".""TIME_ID""=""FT"".""TIME_ID"")
","with sales explain unit_sales by product_id, the_date against store_cost, store_sales using CrossCorrelation, Multireg, Polyfit",127,2798000.0,382.0,855.0,86835.0,995,92
86832,c6c07e65-3889-4f2b-8f8a-432a0e402eed,"Plan hash value: 1148224997

-----------------------------------------------------------------------------------------------
| Id  | Operation           | Name            | Rows  | Bytes |TempSpc| Cost (%CPU)| Time     |
-----------------------------------------------------------------------------------------------
|   0 | SELECT STATEMENT    |                 | 86835 |  3222K|       |   939   (2)| 00:00:12 |
|   1 |  SORT GROUP BY      |                 | 86835 |  3222K|  4800K|   939   (2)| 00:00:12 |
|*  2 |   HASH JOIN         |                 | 86835 |  3222K|       |    76   (6)| 00:00:01 |
|   3 |    TABLE ACCESS FULL| TIME_BY_DAY     |   730 |  8760 |       |     3   (0)| 00:00:01 |
|   4 |    TABLE ACCESS FULL| SALES_FACT_1997 | 86835 |  2204K|       |    71   (3)| 00:00:01 |
-----------------------------------------------------------------------------------------------

Predicate Information (identified by operation id):
---------------------------------------------------

2 - access(""TIME_BY_DAY"".""TIME_ID""=""FT"".""TIME_ID"")
","with sales explain unit_sales by customer_id, product_id, the_date against store_cost, store_sales using CrossCorrelation, Multireg, Polyfit",140,3222000.0,509.0,939.0,86835.0,971,89
12,d8ff87ba-44de-48ce-87d1-2a34b8c2b131,"Plan hash value: 1148224997

---------------------------------------------------------------------------------------
| Id  | Operation           | Name            | Rows  | Bytes | Cost (%CPU)| Time     |
---------------------------------------------------------------------------------------
|   0 | SELECT STATEMENT    |                 |    24 |   696 |    82  (13)| 00:00:01 |
|   1 |  SORT GROUP BY      |                 |    24 |   696 |    82  (13)| 00:00:01 |
|*  2 |   HASH JOIN         |                 | 86835 |  2459K|    76   (6)| 00:00:01 |
|   3 |    TABLE ACCESS FULL| TIME_BY_DAY     |   730 |  8760 |     3   (0)| 00:00:01 |
|   4 |    TABLE ACCESS FULL| SALES_FACT_1997 | 86835 |  1441K|    71   (3)| 00:00:01 |
---------------------------------------------------------------------------------------

Predicate Information (identified by operation id):
---------------------------------------------------

2 - access(""TIME_BY_DAY"".""TIME_ID""=""FT"".""TIME_ID"")
","with sales explain unit_sales by the_month against store_cost, store_sales using CrossCorrelation, Multireg, Polyfit",116,696.0,268.0,82.0,24.0,782,31
36,40ff08e9-60fb-410d-a718-af5507c4b382,"Plan hash value: 165028050

----------------------------------------------------------------------------------------
| Id  | Operation            | Name            | Rows  | Bytes | Cost (%CPU)| Time     |
----------------------------------------------------------------------------------------
|   0 | SELECT STATEMENT     |                 |    51 |  2244 |    88  (14)| 00:00:02 |
|   1 |  SORT GROUP BY       |                 |    51 |  2244 |    88  (14)| 00:00:02 |
|*  2 |   HASH JOIN          |                 | 86835 |  3731K|    81   (7)| 00:00:01 |
|   3 |    TABLE ACCESS FULL | PRODUCT         |  1560 | 17160 |     4   (0)| 00:00:01 |
|*  4 |    HASH JOIN         |                 | 86835 |  2798K|    76   (6)| 00:00:01 |
|   5 |     TABLE ACCESS FULL| TIME_BY_DAY     |   730 |  8760 |     3   (0)| 00:00:01 |
|   6 |     TABLE ACCESS FULL| SALES_FACT_1997 | 86835 |  1780K|    71   (3)| 00:00:01 |
----------------------------------------------------------------------------------------

Predicate Information (identified by operation id):
---------------------------------------------------

2 - access(""PRODUCT"".""PRODUCT_ID""=""FT"".""PRODUCT_ID"")
4 - access(""TIME_BY_DAY"".""TIME_ID""=""FT"".""TIME_ID"")
","with sales explain unit_sales by product_family, the_month against store_cost, store_sales using CrossCorrelation, Multireg, Polyfit",132,2244.0,397.0,88.0,51.0,805,45
323,ff1f6d9f-adc6-48dc-a5e4-b5a0b673f673,"Plan hash value: 1148224997

---------------------------------------------------------------------------------------
| Id  | Operation           | Name            | Rows  | Bytes | Cost (%CPU)| Time     |
---------------------------------------------------------------------------------------
|   0 | SELECT STATEMENT    |                 |   730 | 21170 |    82  (13)| 00:00:01 |
|   1 |  SORT GROUP BY      |                 |   730 | 21170 |    82  (13)| 00:00:01 |
|*  2 |   HASH JOIN         |                 | 86835 |  2459K|    76   (6)| 00:00:01 |
|   3 |    TABLE ACCESS FULL| TIME_BY_DAY     |   730 |  8760 |     3   (0)| 00:00:01 |
|   4 |    TABLE ACCESS FULL| SALES_FACT_1997 | 86835 |  1441K|    71   (3)| 00:00:01 |
---------------------------------------------------------------------------------------

Predicate Information (identified by operation id):
---------------------------------------------------

2 - access(""TIME_BY_DAY"".""TIME_ID""=""FT"".""TIME_ID"")
","with sales explain unit_sales by the_date against store_cost, store_sales using CrossCorrelation, Multireg, Polyfit",115,21170.0,265.0,82.0,730.0,790,35
540,5e21401d-a093-4fef-9f84-bcf600a8b67f,"Plan hash value: 165028050

----------------------------------------------------------------------------------------
| Id  | Operation            | Name            | Rows  | Bytes | Cost (%CPU)| Time     |
----------------------------------------------------------------------------------------
|   0 | SELECT STATEMENT     |                 |   764 | 37436 |    88  (14)| 00:00:02 |
|   1 |  SORT GROUP BY       |                 |   764 | 37436 |    88  (14)| 00:00:02 |
|*  2 |   HASH JOIN          |                 | 86835 |  4155K|    81   (7)| 00:00:01 |
|   3 |    TABLE ACCESS FULL | PRODUCT         |  1560 | 24960 |     4   (0)| 00:00:01 |
|*  4 |    HASH JOIN         |                 | 86835 |  2798K|    76   (6)| 00:00:01 |
|   5 |     TABLE ACCESS FULL| TIME_BY_DAY     |   730 |  8760 |     3   (0)| 00:00:01 |
|   6 |     TABLE ACCESS FULL| SALES_FACT_1997 | 86835 |  1780K|    71   (3)| 00:00:01 |
----------------------------------------------------------------------------------------

Predicate Information (identified by operation id):
---------------------------------------------------

2 - access(""PRODUCT"".""PRODUCT_ID""=""FT"".""PRODUCT_ID"")
4 - access(""TIME_BY_DAY"".""TIME_ID""=""FT"".""TIME_ID"")
","with sales explain unit_sales by product_category, the_month against store_cost, store_sales using CrossCorrelation, Multireg, Polyfit",134,37436.0,403.0,88.0,764.0,791,52
1224,061613c1-7d48-4b05-84db-419254a827cd,"Plan hash value: 165028050

----------------------------------------------------------------------------------------
| Id  | Operation            | Name            | Rows  | Bytes | Cost (%CPU)| Time     |
----------------------------------------------------------------------------------------
|   0 | SELECT STATEMENT     |                 |  1731 | 83088 |    88  (14)| 00:00:02 |
|   1 |  SORT GROUP BY       |                 |  1731 | 83088 |    88  (14)| 00:00:02 |
|*  2 |   HASH JOIN          |                 | 86835 |  4070K|    81   (7)| 00:00:01 |
|   3 |    TABLE ACCESS FULL | PRODUCT         |  1560 | 23400 |     4   (0)| 00:00:01 |
|*  4 |    HASH JOIN         |                 | 86835 |  2798K|    76   (6)| 00:00:01 |
|   5 |     TABLE ACCESS FULL| TIME_BY_DAY     |   730 |  8760 |     3   (0)| 00:00:01 |
|   6 |     TABLE ACCESS FULL| SALES_FACT_1997 | 86835 |  1780K|    71   (3)| 00:00:01 |
----------------------------------------------------------------------------------------

Predicate Information (identified by operation id):
---------------------------------------------------

2 - access(""PRODUCT"".""PRODUCT_ID""=""FT"".""PRODUCT_ID"")
4 - access(""TIME_BY_DAY"".""TIME_ID""=""FT"".""TIME_ID"")
","with sales explain unit_sales by product_subcategory, the_month against store_cost, store_sales using CrossCorrelation, Multireg, Polyfit",137,83088.0,412.0,88.0,1731.0,808,56
12113,a635aa47-14cf-4579-a3e0-2ba1b8e57e90,"Plan hash value: 251198219

--------------------------------------------------------------------------------------------------
| Id  | Operation              | Name            | Rows  | Bytes |TempSpc| Cost (%CPU)| Time     |
--------------------------------------------------------------------------------------------------
|   0 | SELECT STATEMENT       |                 | 10278 |   672K|       |   614   (3)| 00:00:08 |
|   1 |  SORT GROUP BY         |                 | 10278 |   672K|   856K|   614   (3)| 00:00:08 |
|*  2 |   HASH JOIN            |                 | 10278 |   672K|       |   449   (3)| 00:00:06 |
|   3 |    TABLE ACCESS FULL   | TIME_BY_DAY     |   730 |  8760 |       |     3   (0)| 00:00:01 |
|   4 |    VIEW                | VW_GBC_9        | 10278 |   552K|       |   445   (3)| 00:00:06 |
|   5 |     HASH GROUP BY      |                 | 10278 |   371K|  4440K|   445   (3)| 00:00:06 |
|*  6 |      HASH JOIN         |                 | 86835 |  3137K|       |    77   (6)| 00:00:01 |
|   7 |       TABLE ACCESS FULL| PRODUCT         |  1560 | 24960 |       |     4   (0)| 00:00:01 |
|   8 |       TABLE ACCESS FULL| SALES_FACT_1997 | 86835 |  1780K|       |    71   (3)| 00:00:01 |
--------------------------------------------------------------------------------------------------

Predicate Information (identified by operation id):
---------------------------------------------------

2 - access(""TIME_BY_DAY"".""TIME_ID""=""ITEM_1"")
6 - access(""PRODUCT"".""PRODUCT_ID""=""FT"".""PRODUCT_ID"")
","with sales explain unit_sales by product_category, the_date against store_cost, store_sales using CrossCorrelation, Multireg, Polyfit",133,672000.0,400.0,614.0,10278.0,835,43
16949,fbcfc651-b469-4261-a67a-bcd5d30f51ec,"Plan hash value: 1148224997

-----------------------------------------------------------------------------------------------
| Id  | Operation           | Name            | Rows  | Bytes |TempSpc| Cost (%CPU)| Time     |
-----------------------------------------------------------------------------------------------
|   0 | SELECT STATEMENT    |                 | 86835 |  2883K|       |   873   (2)| 00:00:11 |
|   1 |  SORT GROUP BY      |                 | 86835 |  2883K|  4096K|   873   (2)| 00:00:11 |
|*  2 |   HASH JOIN         |                 | 86835 |  2883K|       |    76   (6)| 00:00:01 |
|   3 |    TABLE ACCESS FULL| TIME_BY_DAY     |   730 |  8760 |       |     3   (0)| 00:00:01 |
|   4 |    TABLE ACCESS FULL| SALES_FACT_1997 | 86835 |  1865K|       |    71   (3)| 00:00:01 |
-----------------------------------------------------------------------------------------------

Predicate Information (identified by operation id):
---------------------------------------------------

2 - access(""TIME_BY_DAY"".""TIME_ID""=""FT"".""TIME_ID"")
","with sales explain unit_sales by customer_id, the_month against store_cost, store_sales using CrossCorrelation, Multireg, Polyfit",129,2883000.0,395.0,873.0,86835.0,839,80
18492,6f45a4d7-14a2-4cb8-b0f6-0516da6e25c3,"Plan hash value: 1148224997

-----------------------------------------------------------------------------------------------
| Id  | Operation           | Name            | Rows  | Bytes |TempSpc| Cost (%CPU)| Time     |
-----------------------------------------------------------------------------------------------
|   0 | SELECT STATEMENT    |                 | 26458 |   852K|       |   508   (3)| 00:00:07 |
|   1 |  SORT GROUP BY      |                 | 26458 |   852K|  4096K|   508   (3)| 00:00:07 |
|*  2 |   HASH JOIN         |                 | 86835 |  2798K|       |    76   (6)| 00:00:01 |
|   3 |    TABLE ACCESS FULL| TIME_BY_DAY     |   730 |  8760 |       |     3   (0)| 00:00:01 |
|   4 |    TABLE ACCESS FULL| SALES_FACT_1997 | 86835 |  1780K|       |    71   (3)| 00:00:01 |
-----------------------------------------------------------------------------------------------

Predicate Information (identified by operation id):
---------------------------------------------------

2 - access(""TIME_BY_DAY"".""TIME_ID""=""FT"".""TIME_ID"")
","with sales explain unit_sales by product_id, the_month against store_cost, store_sales using CrossCorrelation, Multireg, Polyfit",128,852000.0,385.0,508.0,26458.0,853,60
20525,7ae584d4-10ec-4657-a58b-91d11600302b,"Plan hash value: 1148224997

-----------------------------------------------------------------------------------------------
| Id  | Operation           | Name            | Rows  | Bytes |TempSpc| Cost (%CPU)| Time     |
-----------------------------------------------------------------------------------------------
|   0 | SELECT STATEMENT    |                 | 86835 |  2883K|       |   873   (2)| 00:00:11 |
|   1 |  SORT GROUP BY      |                 | 86835 |  2883K|  4096K|   873   (2)| 00:00:11 |
|*  2 |   HASH JOIN         |                 | 86835 |  2883K|       |    76   (6)| 00:00:01 |
|   3 |    TABLE ACCESS FULL| TIME_BY_DAY     |   730 |  8760 |       |     3   (0)| 00:00:01 |
|   4 |    TABLE ACCESS FULL| SALES_FACT_1997 | 86835 |  1865K|       |    71   (3)| 00:00:01 |
-----------------------------------------------------------------------------------------------

Predicate Information (identified by operation id):
---------------------------------------------------

2 - access(""TIME_BY_DAY"".""TIME_ID""=""FT"".""TIME_ID"")
","with sales explain unit_sales by customer_id, the_date against store_cost, store_sales using CrossCorrelation, Multireg, Polyfit",128,2883000.0,392.0,873.0,86835.0,853,68
77832,c383cabb-5bc6-4afc-a03a-5d8ce1bc42cd,"Plan hash value: 1148224997

-----------------------------------------------------------------------------------------------
| Id  | Operation           | Name            | Rows  | Bytes |TempSpc| Cost (%CPU)| Time     |
-----------------------------------------------------------------------------------------------
|   0 | SELECT STATEMENT    |                 | 86835 |  2798K|       |   855   (2)| 00:00:11 |
|   1 |  SORT GROUP BY      |                 | 86835 |  2798K|  4096K|   855   (2)| 00:00:11 |
|*  2 |   HASH JOIN         |                 | 86835 |  2798K|       |    76   (6)| 00:00:01 |
|   3 |    TABLE ACCESS FULL| TIME_BY_DAY     |   730 |  8760 |       |     3   (0)| 00:00:01 |
|   4 |    TABLE ACCESS FULL| SALES_FACT_1997 | 86835 |  1780K|       |    71   (3)| 00:00:01 |
-----------------------------------------------------------------------------------------------

Predicate Information (identified by operation id):
---------------------------------------------------

2 - access(""TIME_BY_DAY"".""TIME_ID""=""FT"".""TIME_ID"")
","with sales explain unit_sales by product_id, the_date against store_cost, store_sales using CrossCorrelation, Multireg, Polyfit",127,2798000.0,382.0,855.0,86835.0,959,78
86832,3134cd42-09db-47ab-b954-48eac1000f09,"Plan hash value: 1148224997

-----------------------------------------------------------------------------------------------
| Id  | Operation           | Name            | Rows  | Bytes |TempSpc| Cost (%CPU)| Time     |
-----------------------------------------------------------------------------------------------
|   0 | SELECT STATEMENT    |                 | 86835 |  3222K|       |   939   (2)| 00:00:12 |
|   1 |  SORT GROUP BY      |                 | 86835 |  3222K|  4800K|   939   (2)| 00:00:12 |
|*  2 |   HASH JOIN         |                 | 86835 |  3222K|       |    76   (6)| 00:00:01 |
|   3 |    TABLE ACCESS FULL| TIME_BY_DAY     |   730 |  8760 |       |     3   (0)| 00:00:01 |
|   4 |    TABLE ACCESS FULL| SALES_FACT_1997 | 86835 |  2204K|       |    71   (3)| 00:00:01 |
-----------------------------------------------------------------------------------------------

Predicate Information (identified by operation id):
---------------------------------------------------

2 - access(""TIME_BY_DAY"".""TIME_ID""=""FT"".""TIME_ID"")
","with sales explain unit_sales by customer_id, product_id, the_date against store_cost, store_sales using CrossCorrelation, Multireg, Polyfit",140,3222000.0,509.0,939.0,86835.0,981,106
12,18c2a711-9443-4b50-86c8-6ba995d33937,"Plan hash value: 1148224997

---------------------------------------------------------------------------------------
| Id  | Operation           | Name            | Rows  | Bytes | Cost (%CPU)| Time     |
---------------------------------------------------------------------------------------
|   0 | SELECT STATEMENT    |                 |    24 |   696 |    82  (13)| 00:00:01 |
|   1 |  SORT GROUP BY      |                 |    24 |   696 |    82  (13)| 00:00:01 |
|*  2 |   HASH JOIN         |                 | 86835 |  2459K|    76   (6)| 00:00:01 |
|   3 |    TABLE ACCESS FULL| TIME_BY_DAY     |   730 |  8760 |     3   (0)| 00:00:01 |
|   4 |    TABLE ACCESS FULL| SALES_FACT_1997 | 86835 |  1441K|    71   (3)| 00:00:01 |
---------------------------------------------------------------------------------------

Predicate Information (identified by operation id):
---------------------------------------------------

2 - access(""TIME_BY_DAY"".""TIME_ID""=""FT"".""TIME_ID"")
","with sales explain unit_sales by the_month against store_cost, store_sales using CrossCorrelation, Multireg, Polyfit",116,696.0,268.0,82.0,24.0,777,25
36,b3cb06f6-fd90-4266-a2f2-63a62e14738e,"Plan hash value: 165028050

----------------------------------------------------------------------------------------
| Id  | Operation            | Name            | Rows  | Bytes | Cost (%CPU)| Time     |
----------------------------------------------------------------------------------------
|   0 | SELECT STATEMENT     |                 |    51 |  2244 |    88  (14)| 00:00:02 |
|   1 |  SORT GROUP BY       |                 |    51 |  2244 |    88  (14)| 00:00:02 |
|*  2 |   HASH JOIN          |                 | 86835 |  3731K|    81   (7)| 00:00:01 |
|   3 |    TABLE ACCESS FULL | PRODUCT         |  1560 | 17160 |     4   (0)| 00:00:01 |
|*  4 |    HASH JOIN         |                 | 86835 |  2798K|    76   (6)| 00:00:01 |
|   5 |     TABLE ACCESS FULL| TIME_BY_DAY     |   730 |  8760 |     3   (0)| 00:00:01 |
|   6 |     TABLE ACCESS FULL| SALES_FACT_1997 | 86835 |  1780K|    71   (3)| 00:00:01 |
----------------------------------------------------------------------------------------

Predicate Information (identified by operation id):
---------------------------------------------------

2 - access(""PRODUCT"".""PRODUCT_ID""=""FT"".""PRODUCT_ID"")
4 - access(""TIME_BY_DAY"".""TIME_ID""=""FT"".""TIME_ID"")
","with sales explain unit_sales by product_family, the_month against store_cost, store_sales using CrossCorrelation, Multireg, Polyfit",132,2244.0,397.0,88.0,51.0,786,41
323,5661e11f-ba45-49d7-b149-b690383bb5a3,"Plan hash value: 1148224997

---------------------------------------------------------------------------------------
| Id  | Operation           | Name            | Rows  | Bytes | Cost (%CPU)| Time     |
---------------------------------------------------------------------------------------
|   0 | SELECT STATEMENT    |                 |   730 | 21170 |    82  (13)| 00:00:01 |
|   1 |  SORT GROUP BY      |                 |   730 | 21170 |    82  (13)| 00:00:01 |
|*  2 |   HASH JOIN         |                 | 86835 |  2459K|    76   (6)| 00:00:01 |
|   3 |    TABLE ACCESS FULL| TIME_BY_DAY     |   730 |  8760 |     3   (0)| 00:00:01 |
|   4 |    TABLE ACCESS FULL| SALES_FACT_1997 | 86835 |  1441K|    71   (3)| 00:00:01 |
---------------------------------------------------------------------------------------

Predicate Information (identified by operation id):
---------------------------------------------------

2 - access(""TIME_BY_DAY"".""TIME_ID""=""FT"".""TIME_ID"")
","with sales explain unit_sales by the_date against store_cost, store_sales using CrossCorrelation, Multireg, Polyfit",115,21170.0,265.0,82.0,730.0,816,32
540,29487beb-4762-4105-8fbc-81bff1f37246,"Plan hash value: 165028050

----------------------------------------------------------------------------------------
| Id  | Operation            | Name            | Rows  | Bytes | Cost (%CPU)| Time     |
----------------------------------------------------------------------------------------
|   0 | SELECT STATEMENT     |                 |   764 | 37436 |    88  (14)| 00:00:02 |
|   1 |  SORT GROUP BY       |                 |   764 | 37436 |    88  (14)| 00:00:02 |
|*  2 |   HASH JOIN          |                 | 86835 |  4155K|    81   (7)| 00:00:01 |
|   3 |    TABLE ACCESS FULL | PRODUCT         |  1560 | 24960 |     4   (0)| 00:00:01 |
|*  4 |    HASH JOIN         |                 | 86835 |  2798K|    76   (6)| 00:00:01 |
|   5 |     TABLE ACCESS FULL| TIME_BY_DAY     |   730 |  8760 |     3   (0)| 00:00:01 |
|   6 |     TABLE ACCESS FULL| SALES_FACT_1997 | 86835 |  1780K|    71   (3)| 00:00:01 |
----------------------------------------------------------------------------------------

Predicate Information (identified by operation id):
---------------------------------------------------

2 - access(""PRODUCT"".""PRODUCT_ID""=""FT"".""PRODUCT_ID"")
4 - access(""TIME_BY_DAY"".""TIME_ID""=""FT"".""TIME_ID"")
","with sales explain unit_sales by product_category, the_month against store_cost, store_sales using CrossCorrelation, Multireg, Polyfit",134,37436.0,403.0,88.0,764.0,773,49
1224,c707d94b-387d-4cc6-8f4a-db7105f58642,"Plan hash value: 165028050

----------------------------------------------------------------------------------------
| Id  | Operation            | Name            | Rows  | Bytes | Cost (%CPU)| Time     |
----------------------------------------------------------------------------------------
|   0 | SELECT STATEMENT     |                 |  1731 | 83088 |    88  (14)| 00:00:02 |
|   1 |  SORT GROUP BY       |                 |  1731 | 83088 |    88  (14)| 00:00:02 |
|*  2 |   HASH JOIN          |                 | 86835 |  4070K|    81   (7)| 00:00:01 |
|   3 |    TABLE ACCESS FULL | PRODUCT         |  1560 | 23400 |     4   (0)| 00:00:01 |
|*  4 |    HASH JOIN         |                 | 86835 |  2798K|    76   (6)| 00:00:01 |
|   5 |     TABLE ACCESS FULL| TIME_BY_DAY     |   730 |  8760 |     3   (0)| 00:00:01 |
|   6 |     TABLE ACCESS FULL| SALES_FACT_1997 | 86835 |  1780K|    71   (3)| 00:00:01 |
----------------------------------------------------------------------------------------

Predicate Information (identified by operation id):
---------------------------------------------------

2 - access(""PRODUCT"".""PRODUCT_ID""=""FT"".""PRODUCT_ID"")
4 - access(""TIME_BY_DAY"".""TIME_ID""=""FT"".""TIME_ID"")
","with sales explain unit_sales by product_subcategory, the_month against store_cost, store_sales using CrossCorrelation, Multireg, Polyfit",137,83088.0,412.0,88.0,1731.0,783,58
12113,fe7fc307-967c-432b-8db8-8f56d1b5e222,"Plan hash value: 251198219

--------------------------------------------------------------------------------------------------
| Id  | Operation              | Name            | Rows  | Bytes |TempSpc| Cost (%CPU)| Time     |
--------------------------------------------------------------------------------------------------
|   0 | SELECT STATEMENT       |                 | 10278 |   672K|       |   614   (3)| 00:00:08 |
|   1 |  SORT GROUP BY         |                 | 10278 |   672K|   856K|   614   (3)| 00:00:08 |
|*  2 |   HASH JOIN            |                 | 10278 |   672K|       |   449   (3)| 00:00:06 |
|   3 |    TABLE ACCESS FULL   | TIME_BY_DAY     |   730 |  8760 |       |     3   (0)| 00:00:01 |
|   4 |    VIEW                | VW_GBC_9        | 10278 |   552K|       |   445   (3)| 00:00:06 |
|   5 |     HASH GROUP BY      |                 | 10278 |   371K|  4440K|   445   (3)| 00:00:06 |
|*  6 |      HASH JOIN         |                 | 86835 |  3137K|       |    77   (6)| 00:00:01 |
|   7 |       TABLE ACCESS FULL| PRODUCT         |  1560 | 24960 |       |     4   (0)| 00:00:01 |
|   8 |       TABLE ACCESS FULL| SALES_FACT_1997 | 86835 |  1780K|       |    71   (3)| 00:00:01 |
--------------------------------------------------------------------------------------------------

Predicate Information (identified by operation id):
---------------------------------------------------

2 - access(""TIME_BY_DAY"".""TIME_ID""=""ITEM_1"")
6 - access(""PRODUCT"".""PRODUCT_ID""=""FT"".""PRODUCT_ID"")
","with sales explain unit_sales by product_category, the_date against store_cost, store_sales using CrossCorrelation, Multireg, Polyfit",133,672000.0,400.0,614.0,10278.0,1125,45
16949,0a1ffaab-4828-4a19-9e32-0f1e10f1f318,"Plan hash value: 1148224997

-----------------------------------------------------------------------------------------------
| Id  | Operation           | Name            | Rows  | Bytes |TempSpc| Cost (%CPU)| Time     |
-----------------------------------------------------------------------------------------------
|   0 | SELECT STATEMENT    |                 | 86835 |  2883K|       |   873   (2)| 00:00:11 |
|   1 |  SORT GROUP BY      |                 | 86835 |  2883K|  4096K|   873   (2)| 00:00:11 |
|*  2 |   HASH JOIN         |                 | 86835 |  2883K|       |    76   (6)| 00:00:01 |
|   3 |    TABLE ACCESS FULL| TIME_BY_DAY     |   730 |  8760 |       |     3   (0)| 00:00:01 |
|   4 |    TABLE ACCESS FULL| SALES_FACT_1997 | 86835 |  1865K|       |    71   (3)| 00:00:01 |
-----------------------------------------------------------------------------------------------

Predicate Information (identified by operation id):
---------------------------------------------------

2 - access(""TIME_BY_DAY"".""TIME_ID""=""FT"".""TIME_ID"")
","with sales explain unit_sales by customer_id, the_month against store_cost, store_sales using CrossCorrelation, Multireg, Polyfit",129,2883000.0,395.0,873.0,86835.0,891,68
18492,79966c48-05be-4cb7-a441-d840c52a2c3f,"Plan hash value: 1148224997

-----------------------------------------------------------------------------------------------
| Id  | Operation           | Name            | Rows  | Bytes |TempSpc| Cost (%CPU)| Time     |
-----------------------------------------------------------------------------------------------
|   0 | SELECT STATEMENT    |                 | 26458 |   852K|       |   508   (3)| 00:00:07 |
|   1 |  SORT GROUP BY      |                 | 26458 |   852K|  4096K|   508   (3)| 00:00:07 |
|*  2 |   HASH JOIN         |                 | 86835 |  2798K|       |    76   (6)| 00:00:01 |
|   3 |    TABLE ACCESS FULL| TIME_BY_DAY     |   730 |  8760 |       |     3   (0)| 00:00:01 |
|   4 |    TABLE ACCESS FULL| SALES_FACT_1997 | 86835 |  1780K|       |    71   (3)| 00:00:01 |
-----------------------------------------------------------------------------------------------

Predicate Information (identified by operation id):
---------------------------------------------------

2 - access(""TIME_BY_DAY"".""TIME_ID""=""FT"".""TIME_ID"")
","with sales explain unit_sales by product_id, the_month against store_cost, store_sales using CrossCorrelation, Multireg, Polyfit",128,852000.0,385.0,508.0,26458.0,832,60
20525,4aef6877-0de6-4844-b012-899091aed490,"Plan hash value: 1148224997

-----------------------------------------------------------------------------------------------
| Id  | Operation           | Name            | Rows  | Bytes |TempSpc| Cost (%CPU)| Time     |
-----------------------------------------------------------------------------------------------
|   0 | SELECT STATEMENT    |                 | 86835 |  2883K|       |   873   (2)| 00:00:11 |
|   1 |  SORT GROUP BY      |                 | 86835 |  2883K|  4096K|   873   (2)| 00:00:11 |
|*  2 |   HASH JOIN         |                 | 86835 |  2883K|       |    76   (6)| 00:00:01 |
|   3 |    TABLE ACCESS FULL| TIME_BY_DAY     |   730 |  8760 |       |     3   (0)| 00:00:01 |
|   4 |    TABLE ACCESS FULL| SALES_FACT_1997 | 86835 |  1865K|       |    71   (3)| 00:00:01 |
-----------------------------------------------------------------------------------------------

Predicate Information (identified by operation id):
---------------------------------------------------

2 - access(""TIME_BY_DAY"".""TIME_ID""=""FT"".""TIME_ID"")
","with sales explain unit_sales by customer_id, the_date against store_cost, store_sales using CrossCorrelation, Multireg, Polyfit",128,2883000.0,392.0,873.0,86835.0,845,66
77832,40d30f72-38b7-4c75-a087-48a0a5913ebd,"Plan hash value: 1148224997

-----------------------------------------------------------------------------------------------
| Id  | Operation           | Name            | Rows  | Bytes |TempSpc| Cost (%CPU)| Time     |
-----------------------------------------------------------------------------------------------
|   0 | SELECT STATEMENT    |                 | 86835 |  2798K|       |   855   (2)| 00:00:11 |
|   1 |  SORT GROUP BY      |                 | 86835 |  2798K|  4096K|   855   (2)| 00:00:11 |
|*  2 |   HASH JOIN         |                 | 86835 |  2798K|       |    76   (6)| 00:00:01 |
|   3 |    TABLE ACCESS FULL| TIME_BY_DAY     |   730 |  8760 |       |     3   (0)| 00:00:01 |
|   4 |    TABLE ACCESS FULL| SALES_FACT_1997 | 86835 |  1780K|       |    71   (3)| 00:00:01 |
-----------------------------------------------------------------------------------------------

Predicate Information (identified by operation id):
---------------------------------------------------

2 - access(""TIME_BY_DAY"".""TIME_ID""=""FT"".""TIME_ID"")
","with sales explain unit_sales by product_id, the_date against store_cost, store_sales using CrossCorrelation, Multireg, Polyfit",127,2798000.0,382.0,855.0,86835.0,978,80
86832,468bca9c-ba49-4be7-891c-4ec28e2c4c6e,"Plan hash value: 1148224997

-----------------------------------------------------------------------------------------------
| Id  | Operation           | Name            | Rows  | Bytes |TempSpc| Cost (%CPU)| Time     |
-----------------------------------------------------------------------------------------------
|   0 | SELECT STATEMENT    |                 | 86835 |  3222K|       |   939   (2)| 00:00:12 |
|   1 |  SORT GROUP BY      |                 | 86835 |  3222K|  4800K|   939   (2)| 00:00:12 |
|*  2 |   HASH JOIN         |                 | 86835 |  3222K|       |    76   (6)| 00:00:01 |
|   3 |    TABLE ACCESS FULL| TIME_BY_DAY     |   730 |  8760 |       |     3   (0)| 00:00:01 |
|   4 |    TABLE ACCESS FULL| SALES_FACT_1997 | 86835 |  2204K|       |    71   (3)| 00:00:01 |
-----------------------------------------------------------------------------------------------

Predicate Information (identified by operation id):
---------------------------------------------------

2 - access(""TIME_BY_DAY"".""TIME_ID""=""FT"".""TIME_ID"")
","with sales explain unit_sales by customer_id, product_id, the_date against store_cost, store_sales using CrossCorrelation, Multireg, Polyfit",140,3222000.0,509.0,939.0,86835.0,970,96
12,c5284f0c-f8d2-4482-9223-a315c08a4955,"Plan hash value: 1148224997

---------------------------------------------------------------------------------------
| Id  | Operation           | Name            | Rows  | Bytes | Cost (%CPU)| Time     |
---------------------------------------------------------------------------------------
|   0 | SELECT STATEMENT    |                 |    24 |   696 |    82  (13)| 00:00:01 |
|   1 |  SORT GROUP BY      |                 |    24 |   696 |    82  (13)| 00:00:01 |
|*  2 |   HASH JOIN         |                 | 86835 |  2459K|    76   (6)| 00:00:01 |
|   3 |    TABLE ACCESS FULL| TIME_BY_DAY     |   730 |  8760 |     3   (0)| 00:00:01 |
|   4 |    TABLE ACCESS FULL| SALES_FACT_1997 | 86835 |  1441K|    71   (3)| 00:00:01 |
---------------------------------------------------------------------------------------

Predicate Information (identified by operation id):
---------------------------------------------------

2 - access(""TIME_BY_DAY"".""TIME_ID""=""FT"".""TIME_ID"")
","with sales explain unit_sales by the_month against store_cost, store_sales using CrossCorrelation, Multireg, Polyfit",116,696.0,268.0,82.0,24.0,772,26
36,80bcef22-9511-4b01-9578-d71aa8420d35,"Plan hash value: 165028050

----------------------------------------------------------------------------------------
| Id  | Operation            | Name            | Rows  | Bytes | Cost (%CPU)| Time     |
----------------------------------------------------------------------------------------
|   0 | SELECT STATEMENT     |                 |    51 |  2244 |    88  (14)| 00:00:02 |
|   1 |  SORT GROUP BY       |                 |    51 |  2244 |    88  (14)| 00:00:02 |
|*  2 |   HASH JOIN          |                 | 86835 |  3731K|    81   (7)| 00:00:01 |
|   3 |    TABLE ACCESS FULL | PRODUCT         |  1560 | 17160 |     4   (0)| 00:00:01 |
|*  4 |    HASH JOIN         |                 | 86835 |  2798K|    76   (6)| 00:00:01 |
|   5 |     TABLE ACCESS FULL| TIME_BY_DAY     |   730 |  8760 |     3   (0)| 00:00:01 |
|   6 |     TABLE ACCESS FULL| SALES_FACT_1997 | 86835 |  1780K|    71   (3)| 00:00:01 |
----------------------------------------------------------------------------------------

Predicate Information (identified by operation id):
---------------------------------------------------

2 - access(""PRODUCT"".""PRODUCT_ID""=""FT"".""PRODUCT_ID"")
4 - access(""TIME_BY_DAY"".""TIME_ID""=""FT"".""TIME_ID"")
","with sales explain unit_sales by product_family, the_month against store_cost, store_sales using CrossCorrelation, Multireg, Polyfit",132,2244.0,397.0,88.0,51.0,789,38
323,242febd0-aff5-46c0-a23e-a8bfa7e5133c,"Plan hash value: 1148224997

---------------------------------------------------------------------------------------
| Id  | Operation           | Name            | Rows  | Bytes | Cost (%CPU)| Time     |
---------------------------------------------------------------------------------------
|   0 | SELECT STATEMENT    |                 |   730 | 21170 |    82  (13)| 00:00:01 |
|   1 |  SORT GROUP BY      |                 |   730 | 21170 |    82  (13)| 00:00:01 |
|*  2 |   HASH JOIN         |                 | 86835 |  2459K|    76   (6)| 00:00:01 |
|   3 |    TABLE ACCESS FULL| TIME_BY_DAY     |   730 |  8760 |     3   (0)| 00:00:01 |
|   4 |    TABLE ACCESS FULL| SALES_FACT_1997 | 86835 |  1441K|    71   (3)| 00:00:01 |
---------------------------------------------------------------------------------------

Predicate Information (identified by operation id):
---------------------------------------------------

2 - access(""TIME_BY_DAY"".""TIME_ID""=""FT"".""TIME_ID"")
","with sales explain unit_sales by the_date against store_cost, store_sales using CrossCorrelation, Multireg, Polyfit",115,21170.0,265.0,82.0,730.0,794,32
540,fad79585-aab6-4707-a74f-8a6fe2999757,"Plan hash value: 165028050

----------------------------------------------------------------------------------------
| Id  | Operation            | Name            | Rows  | Bytes | Cost (%CPU)| Time     |
----------------------------------------------------------------------------------------
|   0 | SELECT STATEMENT     |                 |   764 | 37436 |    88  (14)| 00:00:02 |
|   1 |  SORT GROUP BY       |                 |   764 | 37436 |    88  (14)| 00:00:02 |
|*  2 |   HASH JOIN          |                 | 86835 |  4155K|    81   (7)| 00:00:01 |
|   3 |    TABLE ACCESS FULL | PRODUCT         |  1560 | 24960 |     4   (0)| 00:00:01 |
|*  4 |    HASH JOIN         |                 | 86835 |  2798K|    76   (6)| 00:00:01 |
|   5 |     TABLE ACCESS FULL| TIME_BY_DAY     |   730 |  8760 |     3   (0)| 00:00:01 |
|   6 |     TABLE ACCESS FULL| SALES_FACT_1997 | 86835 |  1780K|    71   (3)| 00:00:01 |
----------------------------------------------------------------------------------------

Predicate Information (identified by operation id):
---------------------------------------------------

2 - access(""PRODUCT"".""PRODUCT_ID""=""FT"".""PRODUCT_ID"")
4 - access(""TIME_BY_DAY"".""TIME_ID""=""FT"".""TIME_ID"")
","with sales explain unit_sales by product_category, the_month against store_cost, store_sales using CrossCorrelation, Multireg, Polyfit",134,37436.0,403.0,88.0,764.0,762,50
1224,c6d1ce2f-ead0-4086-a0e8-bff016e89f33,"Plan hash value: 165028050

----------------------------------------------------------------------------------------
| Id  | Operation            | Name            | Rows  | Bytes | Cost (%CPU)| Time     |
----------------------------------------------------------------------------------------
|   0 | SELECT STATEMENT     |                 |  1731 | 83088 |    88  (14)| 00:00:02 |
|   1 |  SORT GROUP BY       |                 |  1731 | 83088 |    88  (14)| 00:00:02 |
|*  2 |   HASH JOIN          |                 | 86835 |  4070K|    81   (7)| 00:00:01 |
|   3 |    TABLE ACCESS FULL | PRODUCT         |  1560 | 23400 |     4   (0)| 00:00:01 |
|*  4 |    HASH JOIN         |                 | 86835 |  2798K|    76   (6)| 00:00:01 |
|   5 |     TABLE ACCESS FULL| TIME_BY_DAY     |   730 |  8760 |     3   (0)| 00:00:01 |
|   6 |     TABLE ACCESS FULL| SALES_FACT_1997 | 86835 |  1780K|    71   (3)| 00:00:01 |
----------------------------------------------------------------------------------------

Predicate Information (identified by operation id):
---------------------------------------------------

2 - access(""PRODUCT"".""PRODUCT_ID""=""FT"".""PRODUCT_ID"")
4 - access(""TIME_BY_DAY"".""TIME_ID""=""FT"".""TIME_ID"")
","with sales explain unit_sales by product_subcategory, the_month against store_cost, store_sales using CrossCorrelation, Multireg, Polyfit",137,83088.0,412.0,88.0,1731.0,787,53
12113,8dd9d376-d0ac-4251-8418-f4ced0482367,"Plan hash value: 251198219

--------------------------------------------------------------------------------------------------
| Id  | Operation              | Name            | Rows  | Bytes |TempSpc| Cost (%CPU)| Time     |
--------------------------------------------------------------------------------------------------
|   0 | SELECT STATEMENT       |                 | 10278 |   672K|       |   614   (3)| 00:00:08 |
|   1 |  SORT GROUP BY         |                 | 10278 |   672K|   856K|   614   (3)| 00:00:08 |
|*  2 |   HASH JOIN            |                 | 10278 |   672K|       |   449   (3)| 00:00:06 |
|   3 |    TABLE ACCESS FULL   | TIME_BY_DAY     |   730 |  8760 |       |     3   (0)| 00:00:01 |
|   4 |    VIEW                | VW_GBC_9        | 10278 |   552K|       |   445   (3)| 00:00:06 |
|   5 |     HASH GROUP BY      |                 | 10278 |   371K|  4440K|   445   (3)| 00:00:06 |
|*  6 |      HASH JOIN         |                 | 86835 |  3137K|       |    77   (6)| 00:00:01 |
|   7 |       TABLE ACCESS FULL| PRODUCT         |  1560 | 24960 |       |     4   (0)| 00:00:01 |
|   8 |       TABLE ACCESS FULL| SALES_FACT_1997 | 86835 |  1780K|       |    71   (3)| 00:00:01 |
--------------------------------------------------------------------------------------------------

Predicate Information (identified by operation id):
---------------------------------------------------

2 - access(""TIME_BY_DAY"".""TIME_ID""=""ITEM_1"")
6 - access(""PRODUCT"".""PRODUCT_ID""=""FT"".""PRODUCT_ID"")
","with sales explain unit_sales by product_category, the_date against store_cost, store_sales using CrossCorrelation, Multireg, Polyfit",133,672000.0,400.0,614.0,10278.0,825,44
16949,e25fe554-5dd6-433a-b838-cec0c8dad784,"Plan hash value: 1148224997

-----------------------------------------------------------------------------------------------
| Id  | Operation           | Name            | Rows  | Bytes |TempSpc| Cost (%CPU)| Time     |
-----------------------------------------------------------------------------------------------
|   0 | SELECT STATEMENT    |                 | 86835 |  2883K|       |   873   (2)| 00:00:11 |
|   1 |  SORT GROUP BY      |                 | 86835 |  2883K|  4096K|   873   (2)| 00:00:11 |
|*  2 |   HASH JOIN         |                 | 86835 |  2883K|       |    76   (6)| 00:00:01 |
|   3 |    TABLE ACCESS FULL| TIME_BY_DAY     |   730 |  8760 |       |     3   (0)| 00:00:01 |
|   4 |    TABLE ACCESS FULL| SALES_FACT_1997 | 86835 |  1865K|       |    71   (3)| 00:00:01 |
-----------------------------------------------------------------------------------------------

Predicate Information (identified by operation id):
---------------------------------------------------

2 - access(""TIME_BY_DAY"".""TIME_ID""=""FT"".""TIME_ID"")
","with sales explain unit_sales by customer_id, the_month against store_cost, store_sales using CrossCorrelation, Multireg, Polyfit",129,2883000.0,395.0,873.0,86835.0,878,67
18492,7c26b1f9-3f74-43dc-85cf-d5e0896894ea,"Plan hash value: 1148224997

-----------------------------------------------------------------------------------------------
| Id  | Operation           | Name            | Rows  | Bytes |TempSpc| Cost (%CPU)| Time     |
-----------------------------------------------------------------------------------------------
|   0 | SELECT STATEMENT    |                 | 26458 |   852K|       |   508   (3)| 00:00:07 |
|   1 |  SORT GROUP BY      |                 | 26458 |   852K|  4096K|   508   (3)| 00:00:07 |
|*  2 |   HASH JOIN         |                 | 86835 |  2798K|       |    76   (6)| 00:00:01 |
|   3 |    TABLE ACCESS FULL| TIME_BY_DAY     |   730 |  8760 |       |     3   (0)| 00:00:01 |
|   4 |    TABLE ACCESS FULL| SALES_FACT_1997 | 86835 |  1780K|       |    71   (3)| 00:00:01 |
-----------------------------------------------------------------------------------------------

Predicate Information (identified by operation id):
---------------------------------------------------

2 - access(""TIME_BY_DAY"".""TIME_ID""=""FT"".""TIME_ID"")
","with sales explain unit_sales by product_id, the_month against store_cost, store_sales using CrossCorrelation, Multireg, Polyfit",128,852000.0,385.0,508.0,26458.0,839,63
20525,be323310-e66b-41e0-9d62-a7314a2d90e2,"Plan hash value: 1148224997

-----------------------------------------------------------------------------------------------
| Id  | Operation           | Name            | Rows  | Bytes |TempSpc| Cost (%CPU)| Time     |
-----------------------------------------------------------------------------------------------
|   0 | SELECT STATEMENT    |                 | 86835 |  2883K|       |   873   (2)| 00:00:11 |
|   1 |  SORT GROUP BY      |                 | 86835 |  2883K|  4096K|   873   (2)| 00:00:11 |
|*  2 |   HASH JOIN         |                 | 86835 |  2883K|       |    76   (6)| 00:00:01 |
|   3 |    TABLE ACCESS FULL| TIME_BY_DAY     |   730 |  8760 |       |     3   (0)| 00:00:01 |
|   4 |    TABLE ACCESS FULL| SALES_FACT_1997 | 86835 |  1865K|       |    71   (3)| 00:00:01 |
-----------------------------------------------------------------------------------------------

Predicate Information (identified by operation id):
---------------------------------------------------

2 - access(""TIME_BY_DAY"".""TIME_ID""=""FT"".""TIME_ID"")
","with sales explain unit_sales by customer_id, the_date against store_cost, store_sales using CrossCorrelation, Multireg, Polyfit",128,2883000.0,392.0,873.0,86835.0,841,68
77832,21dbe079-c092-43e1-8c1d-0a897edc3b21,"Plan hash value: 1148224997

-----------------------------------------------------------------------------------------------
| Id  | Operation           | Name            | Rows  | Bytes |TempSpc| Cost (%CPU)| Time     |
-----------------------------------------------------------------------------------------------
|   0 | SELECT STATEMENT    |                 | 86835 |  2798K|       |   855   (2)| 00:00:11 |
|   1 |  SORT GROUP BY      |                 | 86835 |  2798K|  4096K|   855   (2)| 00:00:11 |
|*  2 |   HASH JOIN         |                 | 86835 |  2798K|       |    76   (6)| 00:00:01 |
|   3 |    TABLE ACCESS FULL| TIME_BY_DAY     |   730 |  8760 |       |     3   (0)| 00:00:01 |
|   4 |    TABLE ACCESS FULL| SALES_FACT_1997 | 86835 |  1780K|       |    71   (3)| 00:00:01 |
-----------------------------------------------------------------------------------------------

Predicate Information (identified by operation id):
---------------------------------------------------

2 - access(""TIME_BY_DAY"".""TIME_ID""=""FT"".""TIME_ID"")
","with sales explain unit_sales by product_id, the_date against store_cost, store_sales using CrossCorrelation, Multireg, Polyfit",127,2798000.0,382.0,855.0,86835.0,961,77
86832,30f632b3-e2f2-4fca-b4ba-ca919bd6575c,"Plan hash value: 1148224997

-----------------------------------------------------------------------------------------------
| Id  | Operation           | Name            | Rows  | Bytes |TempSpc| Cost (%CPU)| Time     |
-----------------------------------------------------------------------------------------------
|   0 | SELECT STATEMENT    |                 | 86835 |  3222K|       |   939   (2)| 00:00:12 |
|   1 |  SORT GROUP BY      |                 | 86835 |  3222K|  4800K|   939   (2)| 00:00:12 |
|*  2 |   HASH JOIN         |                 | 86835 |  3222K|       |    76   (6)| 00:00:01 |
|   3 |    TABLE ACCESS FULL| TIME_BY_DAY     |   730 |  8760 |       |     3   (0)| 00:00:01 |
|   4 |    TABLE ACCESS FULL| SALES_FACT_1997 | 86835 |  2204K|       |    71   (3)| 00:00:01 |
-----------------------------------------------------------------------------------------------

Predicate Information (identified by operation id):
---------------------------------------------------

2 - access(""TIME_BY_DAY"".""TIME_ID""=""FT"".""TIME_ID"")
","with sales explain unit_sales by customer_id, product_id, the_date against store_cost, store_sales using CrossCorrelation, Multireg, Polyfit",140,3222000.0,509.0,939.0,86835.0,979,95
12,fd1546b8-7411-4864-bfbe-7fd35f2d226b,"Plan hash value: 1148224997

---------------------------------------------------------------------------------------
| Id  | Operation           | Name            | Rows  | Bytes | Cost (%CPU)| Time     |
---------------------------------------------------------------------------------------
|   0 | SELECT STATEMENT    |                 |    24 |   696 |    82  (13)| 00:00:01 |
|   1 |  SORT GROUP BY      |                 |    24 |   696 |    82  (13)| 00:00:01 |
|*  2 |   HASH JOIN         |                 | 86835 |  2459K|    76   (6)| 00:00:01 |
|   3 |    TABLE ACCESS FULL| TIME_BY_DAY     |   730 |  8760 |     3   (0)| 00:00:01 |
|   4 |    TABLE ACCESS FULL| SALES_FACT_1997 | 86835 |  1441K|    71   (3)| 00:00:01 |
---------------------------------------------------------------------------------------

Predicate Information (identified by operation id):
---------------------------------------------------

2 - access(""TIME_BY_DAY"".""TIME_ID""=""FT"".""TIME_ID"")
","with sales explain unit_sales by the_month against store_cost, store_sales using CrossCorrelation, Multireg, Polyfit",116,696.0,268.0,82.0,24.0,781,27
36,b6f236c7-48ee-4835-9ec4-32ea99d50559,"Plan hash value: 165028050

----------------------------------------------------------------------------------------
| Id  | Operation            | Name            | Rows  | Bytes | Cost (%CPU)| Time     |
----------------------------------------------------------------------------------------
|   0 | SELECT STATEMENT     |                 |    51 |  2244 |    88  (14)| 00:00:02 |
|   1 |  SORT GROUP BY       |                 |    51 |  2244 |    88  (14)| 00:00:02 |
|*  2 |   HASH JOIN          |                 | 86835 |  3731K|    81   (7)| 00:00:01 |
|   3 |    TABLE ACCESS FULL | PRODUCT         |  1560 | 17160 |     4   (0)| 00:00:01 |
|*  4 |    HASH JOIN         |                 | 86835 |  2798K|    76   (6)| 00:00:01 |
|   5 |     TABLE ACCESS FULL| TIME_BY_DAY     |   730 |  8760 |     3   (0)| 00:00:01 |
|   6 |     TABLE ACCESS FULL| SALES_FACT_1997 | 86835 |  1780K|    71   (3)| 00:00:01 |
----------------------------------------------------------------------------------------

Predicate Information (identified by operation id):
---------------------------------------------------

2 - access(""PRODUCT"".""PRODUCT_ID""=""FT"".""PRODUCT_ID"")
4 - access(""TIME_BY_DAY"".""TIME_ID""=""FT"".""TIME_ID"")
","with sales explain unit_sales by product_family, the_month against store_cost, store_sales using CrossCorrelation, Multireg, Polyfit",132,2244.0,397.0,88.0,51.0,794,40
323,3db2d4e2-fdc6-4643-b236-279c5f575dfd,"Plan hash value: 1148224997

---------------------------------------------------------------------------------------
| Id  | Operation           | Name            | Rows  | Bytes | Cost (%CPU)| Time     |
---------------------------------------------------------------------------------------
|   0 | SELECT STATEMENT    |                 |   730 | 21170 |    82  (13)| 00:00:01 |
|   1 |  SORT GROUP BY      |                 |   730 | 21170 |    82  (13)| 00:00:01 |
|*  2 |   HASH JOIN         |                 | 86835 |  2459K|    76   (6)| 00:00:01 |
|   3 |    TABLE ACCESS FULL| TIME_BY_DAY     |   730 |  8760 |     3   (0)| 00:00:01 |
|   4 |    TABLE ACCESS FULL| SALES_FACT_1997 | 86835 |  1441K|    71   (3)| 00:00:01 |
---------------------------------------------------------------------------------------

Predicate Information (identified by operation id):
---------------------------------------------------

2 - access(""TIME_BY_DAY"".""TIME_ID""=""FT"".""TIME_ID"")
","with sales explain unit_sales by the_date against store_cost, store_sales using CrossCorrelation, Multireg, Polyfit",115,21170.0,265.0,82.0,730.0,786,34
540,4682d8ff-eea2-4f19-a585-c75184623b24,"Plan hash value: 165028050

----------------------------------------------------------------------------------------
| Id  | Operation            | Name            | Rows  | Bytes | Cost (%CPU)| Time     |
----------------------------------------------------------------------------------------
|   0 | SELECT STATEMENT     |                 |   764 | 37436 |    88  (14)| 00:00:02 |
|   1 |  SORT GROUP BY       |                 |   764 | 37436 |    88  (14)| 00:00:02 |
|*  2 |   HASH JOIN          |                 | 86835 |  4155K|    81   (7)| 00:00:01 |
|   3 |    TABLE ACCESS FULL | PRODUCT         |  1560 | 24960 |     4   (0)| 00:00:01 |
|*  4 |    HASH JOIN         |                 | 86835 |  2798K|    76   (6)| 00:00:01 |
|   5 |     TABLE ACCESS FULL| TIME_BY_DAY     |   730 |  8760 |     3   (0)| 00:00:01 |
|   6 |     TABLE ACCESS FULL| SALES_FACT_1997 | 86835 |  1780K|    71   (3)| 00:00:01 |
----------------------------------------------------------------------------------------

Predicate Information (identified by operation id):
---------------------------------------------------

2 - access(""PRODUCT"".""PRODUCT_ID""=""FT"".""PRODUCT_ID"")
4 - access(""TIME_BY_DAY"".""TIME_ID""=""FT"".""TIME_ID"")
","with sales explain unit_sales by product_category, the_month against store_cost, store_sales using CrossCorrelation, Multireg, Polyfit",134,37436.0,403.0,88.0,764.0,784,49
1224,19af4894-4796-4009-994b-708e01fa0408,"Plan hash value: 165028050

----------------------------------------------------------------------------------------
| Id  | Operation            | Name            | Rows  | Bytes | Cost (%CPU)| Time     |
----------------------------------------------------------------------------------------
|   0 | SELECT STATEMENT     |                 |  1731 | 83088 |    88  (14)| 00:00:02 |
|   1 |  SORT GROUP BY       |                 |  1731 | 83088 |    88  (14)| 00:00:02 |
|*  2 |   HASH JOIN          |                 | 86835 |  4070K|    81   (7)| 00:00:01 |
|   3 |    TABLE ACCESS FULL | PRODUCT         |  1560 | 23400 |     4   (0)| 00:00:01 |
|*  4 |    HASH JOIN         |                 | 86835 |  2798K|    76   (6)| 00:00:01 |
|   5 |     TABLE ACCESS FULL| TIME_BY_DAY     |   730 |  8760 |     3   (0)| 00:00:01 |
|   6 |     TABLE ACCESS FULL| SALES_FACT_1997 | 86835 |  1780K|    71   (3)| 00:00:01 |
----------------------------------------------------------------------------------------

Predicate Information (identified by operation id):
---------------------------------------------------

2 - access(""PRODUCT"".""PRODUCT_ID""=""FT"".""PRODUCT_ID"")
4 - access(""TIME_BY_DAY"".""TIME_ID""=""FT"".""TIME_ID"")
","with sales explain unit_sales by product_subcategory, the_month against store_cost, store_sales using CrossCorrelation, Multireg, Polyfit",137,83088.0,412.0,88.0,1731.0,787,55
12113,d103a0b2-5f97-4e4c-9908-2c6d08bc0bb5,"Plan hash value: 251198219

--------------------------------------------------------------------------------------------------
| Id  | Operation              | Name            | Rows  | Bytes |TempSpc| Cost (%CPU)| Time     |
--------------------------------------------------------------------------------------------------
|   0 | SELECT STATEMENT       |                 | 10278 |   672K|       |   614   (3)| 00:00:08 |
|   1 |  SORT GROUP BY         |                 | 10278 |   672K|   856K|   614   (3)| 00:00:08 |
|*  2 |   HASH JOIN            |                 | 10278 |   672K|       |   449   (3)| 00:00:06 |
|   3 |    TABLE ACCESS FULL   | TIME_BY_DAY     |   730 |  8760 |       |     3   (0)| 00:00:01 |
|   4 |    VIEW                | VW_GBC_9        | 10278 |   552K|       |   445   (3)| 00:00:06 |
|   5 |     HASH GROUP BY      |                 | 10278 |   371K|  4440K|   445   (3)| 00:00:06 |
|*  6 |      HASH JOIN         |                 | 86835 |  3137K|       |    77   (6)| 00:00:01 |
|   7 |       TABLE ACCESS FULL| PRODUCT         |  1560 | 24960 |       |     4   (0)| 00:00:01 |
|   8 |       TABLE ACCESS FULL| SALES_FACT_1997 | 86835 |  1780K|       |    71   (3)| 00:00:01 |
--------------------------------------------------------------------------------------------------

Predicate Information (identified by operation id):
---------------------------------------------------

2 - access(""TIME_BY_DAY"".""TIME_ID""=""ITEM_1"")
6 - access(""PRODUCT"".""PRODUCT_ID""=""FT"".""PRODUCT_ID"")
","with sales explain unit_sales by product_category, the_date against store_cost, store_sales using CrossCorrelation, Multireg, Polyfit",133,672000.0,400.0,614.0,10278.0,821,47
16949,a079e477-7e7e-4843-8859-94299bcd861a,"Plan hash value: 1148224997

-----------------------------------------------------------------------------------------------
| Id  | Operation           | Name            | Rows  | Bytes |TempSpc| Cost (%CPU)| Time     |
-----------------------------------------------------------------------------------------------
|   0 | SELECT STATEMENT    |                 | 86835 |  2883K|       |   873   (2)| 00:00:11 |
|   1 |  SORT GROUP BY      |                 | 86835 |  2883K|  4096K|   873   (2)| 00:00:11 |
|*  2 |   HASH JOIN         |                 | 86835 |  2883K|       |    76   (6)| 00:00:01 |
|   3 |    TABLE ACCESS FULL| TIME_BY_DAY     |   730 |  8760 |       |     3   (0)| 00:00:01 |
|   4 |    TABLE ACCESS FULL| SALES_FACT_1997 | 86835 |  1865K|       |    71   (3)| 00:00:01 |
-----------------------------------------------------------------------------------------------

Predicate Information (identified by operation id):
---------------------------------------------------

2 - access(""TIME_BY_DAY"".""TIME_ID""=""FT"".""TIME_ID"")
","with sales explain unit_sales by customer_id, the_month against store_cost, store_sales using CrossCorrelation, Multireg, Polyfit",129,2883000.0,395.0,873.0,86835.0,836,70
18492,58c2decb-cbbb-4403-b66c-3516a94d0753,"Plan hash value: 1148224997

-----------------------------------------------------------------------------------------------
| Id  | Operation           | Name            | Rows  | Bytes |TempSpc| Cost (%CPU)| Time     |
-----------------------------------------------------------------------------------------------
|   0 | SELECT STATEMENT    |                 | 26458 |   852K|       |   508   (3)| 00:00:07 |
|   1 |  SORT GROUP BY      |                 | 26458 |   852K|  4096K|   508   (3)| 00:00:07 |
|*  2 |   HASH JOIN         |                 | 86835 |  2798K|       |    76   (6)| 00:00:01 |
|   3 |    TABLE ACCESS FULL| TIME_BY_DAY     |   730 |  8760 |       |     3   (0)| 00:00:01 |
|   4 |    TABLE ACCESS FULL| SALES_FACT_1997 | 86835 |  1780K|       |    71   (3)| 00:00:01 |
-----------------------------------------------------------------------------------------------

Predicate Information (identified by operation id):
---------------------------------------------------

2 - access(""TIME_BY_DAY"".""TIME_ID""=""FT"".""TIME_ID"")
","with sales explain unit_sales by product_id, the_month against store_cost, store_sales using CrossCorrelation, Multireg, Polyfit",128,852000.0,385.0,508.0,26458.0,884,59
20525,8581b4a5-e390-438f-a41e-cf5fad6d7249,"Plan hash value: 1148224997

-----------------------------------------------------------------------------------------------
| Id  | Operation           | Name            | Rows  | Bytes |TempSpc| Cost (%CPU)| Time     |
-----------------------------------------------------------------------------------------------
|   0 | SELECT STATEMENT    |                 | 86835 |  2883K|       |   873   (2)| 00:00:11 |
|   1 |  SORT GROUP BY      |                 | 86835 |  2883K|  4096K|   873   (2)| 00:00:11 |
|*  2 |   HASH JOIN         |                 | 86835 |  2883K|       |    76   (6)| 00:00:01 |
|   3 |    TABLE ACCESS FULL| TIME_BY_DAY     |   730 |  8760 |       |     3   (0)| 00:00:01 |
|   4 |    TABLE ACCESS FULL| SALES_FACT_1997 | 86835 |  1865K|       |    71   (3)| 00:00:01 |
-----------------------------------------------------------------------------------------------

Predicate Information (identified by operation id):
---------------------------------------------------

2 - access(""TIME_BY_DAY"".""TIME_ID""=""FT"".""TIME_ID"")
","with sales explain unit_sales by customer_id, the_date against store_cost, store_sales using CrossCorrelation, Multireg, Polyfit",128,2883000.0,392.0,873.0,86835.0,842,67
77832,89e4310e-feca-4af7-a35f-75e18349d0e7,"Plan hash value: 1148224997

-----------------------------------------------------------------------------------------------
| Id  | Operation           | Name            | Rows  | Bytes |TempSpc| Cost (%CPU)| Time     |
-----------------------------------------------------------------------------------------------
|   0 | SELECT STATEMENT    |                 | 86835 |  2798K|       |   855   (2)| 00:00:11 |
|   1 |  SORT GROUP BY      |                 | 86835 |  2798K|  4096K|   855   (2)| 00:00:11 |
|*  2 |   HASH JOIN         |                 | 86835 |  2798K|       |    76   (6)| 00:00:01 |
|   3 |    TABLE ACCESS FULL| TIME_BY_DAY     |   730 |  8760 |       |     3   (0)| 00:00:01 |
|   4 |    TABLE ACCESS FULL| SALES_FACT_1997 | 86835 |  1780K|       |    71   (3)| 00:00:01 |
-----------------------------------------------------------------------------------------------

Predicate Information (identified by operation id):
---------------------------------------------------

2 - access(""TIME_BY_DAY"".""TIME_ID""=""FT"".""TIME_ID"")
","with sales explain unit_sales by product_id, the_date against store_cost, store_sales using CrossCorrelation, Multireg, Polyfit",127,2798000.0,382.0,855.0,86835.0,954,80
86832,5a4979d2-4c65-45d4-8967-482d02dee01f,"Plan hash value: 1148224997

-----------------------------------------------------------------------------------------------
| Id  | Operation           | Name            | Rows  | Bytes |TempSpc| Cost (%CPU)| Time     |
-----------------------------------------------------------------------------------------------
|   0 | SELECT STATEMENT    |                 | 86835 |  3222K|       |   939   (2)| 00:00:12 |
|   1 |  SORT GROUP BY      |                 | 86835 |  3222K|  4800K|   939   (2)| 00:00:12 |
|*  2 |   HASH JOIN         |                 | 86835 |  3222K|       |    76   (6)| 00:00:01 |
|   3 |    TABLE ACCESS FULL| TIME_BY_DAY     |   730 |  8760 |       |     3   (0)| 00:00:01 |
|   4 |    TABLE ACCESS FULL| SALES_FACT_1997 | 86835 |  2204K|       |    71   (3)| 00:00:01 |
-----------------------------------------------------------------------------------------------

Predicate Information (identified by operation id):
---------------------------------------------------

2 - access(""TIME_BY_DAY"".""TIME_ID""=""FT"".""TIME_ID"")
","with sales explain unit_sales by customer_id, product_id, the_date against store_cost, store_sales using CrossCorrelation, Multireg, Polyfit",140,3222000.0,509.0,939.0,86835.0,964,96
12,9c236dfb-cd69-44e7-9f15-435a7eda8bf0,"Plan hash value: 1148224997

---------------------------------------------------------------------------------------
| Id  | Operation           | Name            | Rows  | Bytes | Cost (%CPU)| Time     |
---------------------------------------------------------------------------------------
|   0 | SELECT STATEMENT    |                 |    24 |   696 |    82  (13)| 00:00:01 |
|   1 |  SORT GROUP BY      |                 |    24 |   696 |    82  (13)| 00:00:01 |
|*  2 |   HASH JOIN         |                 | 86835 |  2459K|    76   (6)| 00:00:01 |
|   3 |    TABLE ACCESS FULL| TIME_BY_DAY     |   730 |  8760 |     3   (0)| 00:00:01 |
|   4 |    TABLE ACCESS FULL| SALES_FACT_1997 | 86835 |  1441K|    71   (3)| 00:00:01 |
---------------------------------------------------------------------------------------

Predicate Information (identified by operation id):
---------------------------------------------------

2 - access(""TIME_BY_DAY"".""TIME_ID""=""FT"".""TIME_ID"")
","with sales explain unit_sales by the_month against store_cost, store_sales using CrossCorrelation, Multireg, Polyfit",116,696.0,268.0,82.0,24.0,794,26
36,f6acd339-d0ba-4c35-ae93-bbc72417da8c,"Plan hash value: 165028050

----------------------------------------------------------------------------------------
| Id  | Operation            | Name            | Rows  | Bytes | Cost (%CPU)| Time     |
----------------------------------------------------------------------------------------
|   0 | SELECT STATEMENT     |                 |    51 |  2244 |    88  (14)| 00:00:02 |
|   1 |  SORT GROUP BY       |                 |    51 |  2244 |    88  (14)| 00:00:02 |
|*  2 |   HASH JOIN          |                 | 86835 |  3731K|    81   (7)| 00:00:01 |
|   3 |    TABLE ACCESS FULL | PRODUCT         |  1560 | 17160 |     4   (0)| 00:00:01 |
|*  4 |    HASH JOIN         |                 | 86835 |  2798K|    76   (6)| 00:00:01 |
|   5 |     TABLE ACCESS FULL| TIME_BY_DAY     |   730 |  8760 |     3   (0)| 00:00:01 |
|   6 |     TABLE ACCESS FULL| SALES_FACT_1997 | 86835 |  1780K|    71   (3)| 00:00:01 |
----------------------------------------------------------------------------------------

Predicate Information (identified by operation id):
---------------------------------------------------

2 - access(""PRODUCT"".""PRODUCT_ID""=""FT"".""PRODUCT_ID"")
4 - access(""TIME_BY_DAY"".""TIME_ID""=""FT"".""TIME_ID"")
","with sales explain unit_sales by product_family, the_month against store_cost, store_sales using CrossCorrelation, Multireg, Polyfit",132,2244.0,397.0,88.0,51.0,767,40
323,1c3a821f-f9e6-4647-883b-ad9aed8b8e96,"Plan hash value: 1148224997

---------------------------------------------------------------------------------------
| Id  | Operation           | Name            | Rows  | Bytes | Cost (%CPU)| Time     |
---------------------------------------------------------------------------------------
|   0 | SELECT STATEMENT    |                 |   730 | 21170 |    82  (13)| 00:00:01 |
|   1 |  SORT GROUP BY      |                 |   730 | 21170 |    82  (13)| 00:00:01 |
|*  2 |   HASH JOIN         |                 | 86835 |  2459K|    76   (6)| 00:00:01 |
|   3 |    TABLE ACCESS FULL| TIME_BY_DAY     |   730 |  8760 |     3   (0)| 00:00:01 |
|   4 |    TABLE ACCESS FULL| SALES_FACT_1997 | 86835 |  1441K|    71   (3)| 00:00:01 |
---------------------------------------------------------------------------------------

Predicate Information (identified by operation id):
---------------------------------------------------

2 - access(""TIME_BY_DAY"".""TIME_ID""=""FT"".""TIME_ID"")
","with sales explain unit_sales by the_date against store_cost, store_sales using CrossCorrelation, Multireg, Polyfit",115,21170.0,265.0,82.0,730.0,788,32
540,429f9063-05ac-4122-a3fc-f1647d737b12,"Plan hash value: 165028050

----------------------------------------------------------------------------------------
| Id  | Operation            | Name            | Rows  | Bytes | Cost (%CPU)| Time     |
----------------------------------------------------------------------------------------
|   0 | SELECT STATEMENT     |                 |   764 | 37436 |    88  (14)| 00:00:02 |
|   1 |  SORT GROUP BY       |                 |   764 | 37436 |    88  (14)| 00:00:02 |
|*  2 |   HASH JOIN          |                 | 86835 |  4155K|    81   (7)| 00:00:01 |
|   3 |    TABLE ACCESS FULL | PRODUCT         |  1560 | 24960 |     4   (0)| 00:00:01 |
|*  4 |    HASH JOIN         |                 | 86835 |  2798K|    76   (6)| 00:00:01 |
|   5 |     TABLE ACCESS FULL| TIME_BY_DAY     |   730 |  8760 |     3   (0)| 00:00:01 |
|   6 |     TABLE ACCESS FULL| SALES_FACT_1997 | 86835 |  1780K|    71   (3)| 00:00:01 |
----------------------------------------------------------------------------------------

Predicate Information (identified by operation id):
---------------------------------------------------

2 - access(""PRODUCT"".""PRODUCT_ID""=""FT"".""PRODUCT_ID"")
4 - access(""TIME_BY_DAY"".""TIME_ID""=""FT"".""TIME_ID"")
","with sales explain unit_sales by product_category, the_month against store_cost, store_sales using CrossCorrelation, Multireg, Polyfit",134,37436.0,403.0,88.0,764.0,790,52
1224,0dba0182-f973-4f5f-90c8-79b94a00f794,"Plan hash value: 165028050

----------------------------------------------------------------------------------------
| Id  | Operation            | Name            | Rows  | Bytes | Cost (%CPU)| Time     |
----------------------------------------------------------------------------------------
|   0 | SELECT STATEMENT     |                 |  1731 | 83088 |    88  (14)| 00:00:02 |
|   1 |  SORT GROUP BY       |                 |  1731 | 83088 |    88  (14)| 00:00:02 |
|*  2 |   HASH JOIN          |                 | 86835 |  4070K|    81   (7)| 00:00:01 |
|   3 |    TABLE ACCESS FULL | PRODUCT         |  1560 | 23400 |     4   (0)| 00:00:01 |
|*  4 |    HASH JOIN         |                 | 86835 |  2798K|    76   (6)| 00:00:01 |
|   5 |     TABLE ACCESS FULL| TIME_BY_DAY     |   730 |  8760 |     3   (0)| 00:00:01 |
|   6 |     TABLE ACCESS FULL| SALES_FACT_1997 | 86835 |  1780K|    71   (3)| 00:00:01 |
----------------------------------------------------------------------------------------

Predicate Information (identified by operation id):
---------------------------------------------------

2 - access(""PRODUCT"".""PRODUCT_ID""=""FT"".""PRODUCT_ID"")
4 - access(""TIME_BY_DAY"".""TIME_ID""=""FT"".""TIME_ID"")
","with sales explain unit_sales by product_subcategory, the_month against store_cost, store_sales using CrossCorrelation, Multireg, Polyfit",137,83088.0,412.0,88.0,1731.0,792,52
12113,f0a73304-74f0-4e1e-96fb-ce68dfbcaf0e,"Plan hash value: 251198219

--------------------------------------------------------------------------------------------------
| Id  | Operation              | Name            | Rows  | Bytes |TempSpc| Cost (%CPU)| Time     |
--------------------------------------------------------------------------------------------------
|   0 | SELECT STATEMENT       |                 | 10278 |   672K|       |   614   (3)| 00:00:08 |
|   1 |  SORT GROUP BY         |                 | 10278 |   672K|   856K|   614   (3)| 00:00:08 |
|*  2 |   HASH JOIN            |                 | 10278 |   672K|       |   449   (3)| 00:00:06 |
|   3 |    TABLE ACCESS FULL   | TIME_BY_DAY     |   730 |  8760 |       |     3   (0)| 00:00:01 |
|   4 |    VIEW                | VW_GBC_9        | 10278 |   552K|       |   445   (3)| 00:00:06 |
|   5 |     HASH GROUP BY      |                 | 10278 |   371K|  4440K|   445   (3)| 00:00:06 |
|*  6 |      HASH JOIN         |                 | 86835 |  3137K|       |    77   (6)| 00:00:01 |
|   7 |       TABLE ACCESS FULL| PRODUCT         |  1560 | 24960 |       |     4   (0)| 00:00:01 |
|   8 |       TABLE ACCESS FULL| SALES_FACT_1997 | 86835 |  1780K|       |    71   (3)| 00:00:01 |
--------------------------------------------------------------------------------------------------

Predicate Information (identified by operation id):
---------------------------------------------------

2 - access(""TIME_BY_DAY"".""TIME_ID""=""ITEM_1"")
6 - access(""PRODUCT"".""PRODUCT_ID""=""FT"".""PRODUCT_ID"")
","with sales explain unit_sales by product_category, the_date against store_cost, store_sales using CrossCorrelation, Multireg, Polyfit",133,672000.0,400.0,614.0,10278.0,826,43
16949,03ddb8fa-1999-44d8-bf7a-78da8b0dea47,"Plan hash value: 1148224997

-----------------------------------------------------------------------------------------------
| Id  | Operation           | Name            | Rows  | Bytes |TempSpc| Cost (%CPU)| Time     |
-----------------------------------------------------------------------------------------------
|   0 | SELECT STATEMENT    |                 | 86835 |  2883K|       |   873   (2)| 00:00:11 |
|   1 |  SORT GROUP BY      |                 | 86835 |  2883K|  4096K|   873   (2)| 00:00:11 |
|*  2 |   HASH JOIN         |                 | 86835 |  2883K|       |    76   (6)| 00:00:01 |
|   3 |    TABLE ACCESS FULL| TIME_BY_DAY     |   730 |  8760 |       |     3   (0)| 00:00:01 |
|   4 |    TABLE ACCESS FULL| SALES_FACT_1997 | 86835 |  1865K|       |    71   (3)| 00:00:01 |
-----------------------------------------------------------------------------------------------

Predicate Information (identified by operation id):
---------------------------------------------------

2 - access(""TIME_BY_DAY"".""TIME_ID""=""FT"".""TIME_ID"")
","with sales explain unit_sales by customer_id, the_month against store_cost, store_sales using CrossCorrelation, Multireg, Polyfit",129,2883000.0,395.0,873.0,86835.0,830,70
18492,d655cadb-17ff-4d42-bd91-0ac214679179,"Plan hash value: 1148224997

-----------------------------------------------------------------------------------------------
| Id  | Operation           | Name            | Rows  | Bytes |TempSpc| Cost (%CPU)| Time     |
-----------------------------------------------------------------------------------------------
|   0 | SELECT STATEMENT    |                 | 26458 |   852K|       |   508   (3)| 00:00:07 |
|   1 |  SORT GROUP BY      |                 | 26458 |   852K|  4096K|   508   (3)| 00:00:07 |
|*  2 |   HASH JOIN         |                 | 86835 |  2798K|       |    76   (6)| 00:00:01 |
|   3 |    TABLE ACCESS FULL| TIME_BY_DAY     |   730 |  8760 |       |     3   (0)| 00:00:01 |
|   4 |    TABLE ACCESS FULL| SALES_FACT_1997 | 86835 |  1780K|       |    71   (3)| 00:00:01 |
-----------------------------------------------------------------------------------------------

Predicate Information (identified by operation id):
---------------------------------------------------

2 - access(""TIME_BY_DAY"".""TIME_ID""=""FT"".""TIME_ID"")
","with sales explain unit_sales by product_id, the_month against store_cost, store_sales using CrossCorrelation, Multireg, Polyfit",128,852000.0,385.0,508.0,26458.0,827,62
20525,52fa342b-bac6-402c-9b34-cdf4d9e5dac6,"Plan hash value: 1148224997

-----------------------------------------------------------------------------------------------
| Id  | Operation           | Name            | Rows  | Bytes |TempSpc| Cost (%CPU)| Time     |
-----------------------------------------------------------------------------------------------
|   0 | SELECT STATEMENT    |                 | 86835 |  2883K|       |   873   (2)| 00:00:11 |
|   1 |  SORT GROUP BY      |                 | 86835 |  2883K|  4096K|   873   (2)| 00:00:11 |
|*  2 |   HASH JOIN         |                 | 86835 |  2883K|       |    76   (6)| 00:00:01 |
|   3 |    TABLE ACCESS FULL| TIME_BY_DAY     |   730 |  8760 |       |     3   (0)| 00:00:01 |
|   4 |    TABLE ACCESS FULL| SALES_FACT_1997 | 86835 |  1865K|       |    71   (3)| 00:00:01 |
-----------------------------------------------------------------------------------------------

Predicate Information (identified by operation id):
---------------------------------------------------

2 - access(""TIME_BY_DAY"".""TIME_ID""=""FT"".""TIME_ID"")
","with sales explain unit_sales by customer_id, the_date against store_cost, store_sales using CrossCorrelation, Multireg, Polyfit",128,2883000.0,392.0,873.0,86835.0,843,82
77832,0365f4e8-2dfe-4ed4-ad91-64fce29613c9,"Plan hash value: 1148224997

-----------------------------------------------------------------------------------------------
| Id  | Operation           | Name            | Rows  | Bytes |TempSpc| Cost (%CPU)| Time     |
-----------------------------------------------------------------------------------------------
|   0 | SELECT STATEMENT    |                 | 86835 |  2798K|       |   855   (2)| 00:00:11 |
|   1 |  SORT GROUP BY      |                 | 86835 |  2798K|  4096K|   855   (2)| 00:00:11 |
|*  2 |   HASH JOIN         |                 | 86835 |  2798K|       |    76   (6)| 00:00:01 |
|   3 |    TABLE ACCESS FULL| TIME_BY_DAY     |   730 |  8760 |       |     3   (0)| 00:00:01 |
|   4 |    TABLE ACCESS FULL| SALES_FACT_1997 | 86835 |  1780K|       |    71   (3)| 00:00:01 |
-----------------------------------------------------------------------------------------------

Predicate Information (identified by operation id):
---------------------------------------------------

2 - access(""TIME_BY_DAY"".""TIME_ID""=""FT"".""TIME_ID"")
","with sales explain unit_sales by product_id, the_date against store_cost, store_sales using CrossCorrelation, Multireg, Polyfit",127,2798000.0,382.0,855.0,86835.0,956,81
86832,f77b9501-6616-4183-b12d-9c6618c736b7,"Plan hash value: 1148224997

-----------------------------------------------------------------------------------------------
| Id  | Operation           | Name            | Rows  | Bytes |TempSpc| Cost (%CPU)| Time     |
-----------------------------------------------------------------------------------------------
|   0 | SELECT STATEMENT    |                 | 86835 |  3222K|       |   939   (2)| 00:00:12 |
|   1 |  SORT GROUP BY      |                 | 86835 |  3222K|  4800K|   939   (2)| 00:00:12 |
|*  2 |   HASH JOIN         |                 | 86835 |  3222K|       |    76   (6)| 00:00:01 |
|   3 |    TABLE ACCESS FULL| TIME_BY_DAY     |   730 |  8760 |       |     3   (0)| 00:00:01 |
|   4 |    TABLE ACCESS FULL| SALES_FACT_1997 | 86835 |  2204K|       |    71   (3)| 00:00:01 |
-----------------------------------------------------------------------------------------------

Predicate Information (identified by operation id):
---------------------------------------------------

2 - access(""TIME_BY_DAY"".""TIME_ID""=""FT"".""TIME_ID"")
","with sales explain unit_sales by customer_id, product_id, the_date against store_cost, store_sales using CrossCorrelation, Multireg, Polyfit",140,3222000.0,509.0,939.0,86835.0,975,93
