cardinality,execution_id,executionplan,intention,intention_characters,query_bytes,query_characters,query_cost,query_rows,time_model,time_query
36,39f5bdbf-f20f-4306-9ff3-74fea18c0279,"Plan hash value: 165028050

----------------------------------------------------------------------------------------
| Id  | Operation            | Name            | Rows  | Bytes | Cost (%CPU)| Time     |
----------------------------------------------------------------------------------------
|   0 | SELECT STATEMENT     |                 |    51 |  2244 |   147   (9)| 00:00:02 |
|   1 |  SORT GROUP BY       |                 |    51 |  2244 |   147   (9)| 00:00:02 |
|*  2 |   HASH JOIN          |                 | 86835 |  3731K|   140   (4)| 00:00:02 |
|   3 |    TABLE ACCESS FULL | PRODUCT         |  1560 | 17160 |     8   (0)| 00:00:01 |
|*  4 |    HASH JOIN         |                 | 86835 |  2798K|   131   (4)| 00:00:02 |
|   5 |     TABLE ACCESS FULL| TIME_BY_DAY     |   730 |  8760 |     4   (0)| 00:00:01 |
|   6 |     TABLE ACCESS FULL| SALES_FACT_1997 | 86835 |  1780K|   126   (3)| 00:00:02 |
----------------------------------------------------------------------------------------

Predicate Information (identified by operation id):
---------------------------------------------------

2 - access(""PRODUCT"".""PRODUCT_ID""=""FT"".""PRODUCT_ID"")
4 - access(""TIME_BY_DAY"".""TIME_ID""=""FT"".""TIME_ID"")
","with sales explain unit_sales by the_month, product_family ",59,2244.0,397.0,147.0,51.0,1293,46
323,0ae42faf-ab47-479c-97ce-b961017ef265,"Plan hash value: 1148224997

---------------------------------------------------------------------------------------
| Id  | Operation           | Name            | Rows  | Bytes | Cost (%CPU)| Time     |
---------------------------------------------------------------------------------------
|   0 | SELECT STATEMENT    |                 |   730 | 21170 |   138   (8)| 00:00:02 |
|   1 |  SORT GROUP BY      |                 |   730 | 21170 |   138   (8)| 00:00:02 |
|*  2 |   HASH JOIN         |                 | 86835 |  2459K|   131   (4)| 00:00:02 |
|   3 |    TABLE ACCESS FULL| TIME_BY_DAY     |   730 |  8760 |     4   (0)| 00:00:01 |
|   4 |    TABLE ACCESS FULL| SALES_FACT_1997 | 86835 |  1441K|   126   (3)| 00:00:02 |
---------------------------------------------------------------------------------------

Predicate Information (identified by operation id):
---------------------------------------------------

2 - access(""TIME_BY_DAY"".""TIME_ID""=""FT"".""TIME_ID"")
","with sales explain unit_sales by the_date ",42,21170.0,265.0,138.0,730.0,1122,36
540,41c15e59-4ce6-4c56-8b04-e29082e492bd,"Plan hash value: 165028050

----------------------------------------------------------------------------------------
| Id  | Operation            | Name            | Rows  | Bytes | Cost (%CPU)| Time     |
----------------------------------------------------------------------------------------
|   0 | SELECT STATEMENT     |                 |   764 | 37436 |   147   (9)| 00:00:02 |
|   1 |  SORT GROUP BY       |                 |   764 | 37436 |   147   (9)| 00:00:02 |
|*  2 |   HASH JOIN          |                 | 86835 |  4155K|   140   (4)| 00:00:02 |
|   3 |    TABLE ACCESS FULL | PRODUCT         |  1560 | 24960 |     8   (0)| 00:00:01 |
|*  4 |    HASH JOIN         |                 | 86835 |  2798K|   131   (4)| 00:00:02 |
|   5 |     TABLE ACCESS FULL| TIME_BY_DAY     |   730 |  8760 |     4   (0)| 00:00:01 |
|   6 |     TABLE ACCESS FULL| SALES_FACT_1997 | 86835 |  1780K|   126   (3)| 00:00:02 |
----------------------------------------------------------------------------------------

Predicate Information (identified by operation id):
---------------------------------------------------

2 - access(""PRODUCT"".""PRODUCT_ID""=""FT"".""PRODUCT_ID"")
4 - access(""TIME_BY_DAY"".""TIME_ID""=""FT"".""TIME_ID"")
","with sales explain unit_sales by the_month, product_category ",61,37436.0,403.0,147.0,764.0,2020,51
1224,ce004577-3a3c-4346-a11b-42cba8b042c0,"Plan hash value: 165028050

----------------------------------------------------------------------------------------
| Id  | Operation            | Name            | Rows  | Bytes | Cost (%CPU)| Time     |
----------------------------------------------------------------------------------------
|   0 | SELECT STATEMENT     |                 |  1731 | 83088 |   147   (9)| 00:00:02 |
|   1 |  SORT GROUP BY       |                 |  1731 | 83088 |   147   (9)| 00:00:02 |
|*  2 |   HASH JOIN          |                 | 86835 |  4070K|   140   (4)| 00:00:02 |
|   3 |    TABLE ACCESS FULL | PRODUCT         |  1560 | 23400 |     8   (0)| 00:00:01 |
|*  4 |    HASH JOIN         |                 | 86835 |  2798K|   131   (4)| 00:00:02 |
|   5 |     TABLE ACCESS FULL| TIME_BY_DAY     |   730 |  8760 |     4   (0)| 00:00:01 |
|   6 |     TABLE ACCESS FULL| SALES_FACT_1997 | 86835 |  1780K|   126   (3)| 00:00:02 |
----------------------------------------------------------------------------------------

Predicate Information (identified by operation id):
---------------------------------------------------

2 - access(""PRODUCT"".""PRODUCT_ID""=""FT"".""PRODUCT_ID"")
4 - access(""TIME_BY_DAY"".""TIME_ID""=""FT"".""TIME_ID"")
","with sales explain unit_sales by the_month, product_subcategory ",64,83088.0,412.0,147.0,1731.0,1115,57
12113,899f9589-b0bd-449b-bdc6-540ff17faf9e,"Plan hash value: 251198219

--------------------------------------------------------------------------------------------------
| Id  | Operation              | Name            | Rows  | Bytes |TempSpc| Cost (%CPU)| Time     |
--------------------------------------------------------------------------------------------------
|   0 | SELECT STATEMENT       |                 | 10278 |   672K|       |   674   (3)| 00:00:09 |
|   1 |  SORT GROUP BY         |                 | 10278 |   672K|   856K|   674   (3)| 00:00:09 |
|*  2 |   HASH JOIN            |                 | 10278 |   672K|       |   508   (3)| 00:00:07 |
|   3 |    TABLE ACCESS FULL   | TIME_BY_DAY     |   730 |  8760 |       |     4   (0)| 00:00:01 |
|   4 |    VIEW                | VW_GBC_9        | 10278 |   552K|       |   503   (3)| 00:00:07 |
|   5 |     HASH GROUP BY      |                 | 10278 |   371K|  4440K|   503   (3)| 00:00:07 |
|*  6 |      HASH JOIN         |                 | 86835 |  3137K|       |   135   (3)| 00:00:02 |
|   7 |       TABLE ACCESS FULL| PRODUCT         |  1560 | 24960 |       |     8   (0)| 00:00:01 |
|   8 |       TABLE ACCESS FULL| SALES_FACT_1997 | 86835 |  1780K|       |   126   (3)| 00:00:02 |
--------------------------------------------------------------------------------------------------

Predicate Information (identified by operation id):
---------------------------------------------------

2 - access(""TIME_BY_DAY"".""TIME_ID""=""ITEM_1"")
6 - access(""PRODUCT"".""PRODUCT_ID""=""FT"".""PRODUCT_ID"")
","with sales explain unit_sales by product_category, the_date ",60,672000.0,400.0,674.0,10278.0,1147,52
16949,9e53ba73-6d0a-43e2-8f9a-09b2794f1d51,"Plan hash value: 1148224997

-----------------------------------------------------------------------------------------------
| Id  | Operation           | Name            | Rows  | Bytes |TempSpc| Cost (%CPU)| Time     |
-----------------------------------------------------------------------------------------------
|   0 | SELECT STATEMENT    |                 | 86835 |  2883K|       |   928   (2)| 00:00:12 |
|   1 |  SORT GROUP BY      |                 | 86835 |  2883K|  4096K|   928   (2)| 00:00:12 |
|*  2 |   HASH JOIN         |                 | 86835 |  2883K|       |   131   (4)| 00:00:02 |
|   3 |    TABLE ACCESS FULL| TIME_BY_DAY     |   730 |  8760 |       |     4   (0)| 00:00:01 |
|   4 |    TABLE ACCESS FULL| SALES_FACT_1997 | 86835 |  1865K|       |   126   (3)| 00:00:02 |
-----------------------------------------------------------------------------------------------

Predicate Information (identified by operation id):
---------------------------------------------------

2 - access(""TIME_BY_DAY"".""TIME_ID""=""FT"".""TIME_ID"")
","with sales explain unit_sales by the_month, customer_id ",56,2883000.0,395.0,928.0,86835.0,1163,80
18492,a3a75a4b-7058-42b1-b8b4-8b31ed1d7140,"Plan hash value: 1148224997

-----------------------------------------------------------------------------------------------
| Id  | Operation           | Name            | Rows  | Bytes |TempSpc| Cost (%CPU)| Time     |
-----------------------------------------------------------------------------------------------
|   0 | SELECT STATEMENT    |                 | 26458 |   852K|       |   563   (2)| 00:00:07 |
|   1 |  SORT GROUP BY      |                 | 26458 |   852K|  4096K|   563   (2)| 00:00:07 |
|*  2 |   HASH JOIN         |                 | 86835 |  2798K|       |   131   (4)| 00:00:02 |
|   3 |    TABLE ACCESS FULL| TIME_BY_DAY     |   730 |  8760 |       |     4   (0)| 00:00:01 |
|   4 |    TABLE ACCESS FULL| SALES_FACT_1997 | 86835 |  1780K|       |   126   (3)| 00:00:02 |
-----------------------------------------------------------------------------------------------

Predicate Information (identified by operation id):
---------------------------------------------------

2 - access(""TIME_BY_DAY"".""TIME_ID""=""FT"".""TIME_ID"")
","with sales explain unit_sales by the_month, product_id ",55,852000.0,385.0,563.0,26458.0,1165,63
20525,db4ca14e-fe06-4be9-8398-0ae098b4491f,"Plan hash value: 1148224997

-----------------------------------------------------------------------------------------------
| Id  | Operation           | Name            | Rows  | Bytes |TempSpc| Cost (%CPU)| Time     |
-----------------------------------------------------------------------------------------------
|   0 | SELECT STATEMENT    |                 | 86835 |  2883K|       |   928   (2)| 00:00:12 |
|   1 |  SORT GROUP BY      |                 | 86835 |  2883K|  4096K|   928   (2)| 00:00:12 |
|*  2 |   HASH JOIN         |                 | 86835 |  2883K|       |   131   (4)| 00:00:02 |
|   3 |    TABLE ACCESS FULL| TIME_BY_DAY     |   730 |  8760 |       |     4   (0)| 00:00:01 |
|   4 |    TABLE ACCESS FULL| SALES_FACT_1997 | 86835 |  1865K|       |   126   (3)| 00:00:02 |
-----------------------------------------------------------------------------------------------

Predicate Information (identified by operation id):
---------------------------------------------------

2 - access(""TIME_BY_DAY"".""TIME_ID""=""FT"".""TIME_ID"")
","with sales explain unit_sales by customer_id, the_date ",55,2883000.0,392.0,928.0,86835.0,1154,66
77832,84abd61c-8200-435c-a2c6-b8d2ff52ca87,"Plan hash value: 1148224997

-----------------------------------------------------------------------------------------------
| Id  | Operation           | Name            | Rows  | Bytes |TempSpc| Cost (%CPU)| Time     |
-----------------------------------------------------------------------------------------------
|   0 | SELECT STATEMENT    |                 | 86835 |  2798K|       |   911   (2)| 00:00:11 |
|   1 |  SORT GROUP BY      |                 | 86835 |  2798K|  4096K|   911   (2)| 00:00:11 |
|*  2 |   HASH JOIN         |                 | 86835 |  2798K|       |   131   (4)| 00:00:02 |
|   3 |    TABLE ACCESS FULL| TIME_BY_DAY     |   730 |  8760 |       |     4   (0)| 00:00:01 |
|   4 |    TABLE ACCESS FULL| SALES_FACT_1997 | 86835 |  1780K|       |   126   (3)| 00:00:02 |
-----------------------------------------------------------------------------------------------

Predicate Information (identified by operation id):
---------------------------------------------------

2 - access(""TIME_BY_DAY"".""TIME_ID""=""FT"".""TIME_ID"")
","with sales explain unit_sales by product_id, the_date ",54,2798000.0,382.0,911.0,86835.0,1219,77
86832,9042b9cc-baad-44bd-916d-c905df46ba49,"Plan hash value: 1148224997

-----------------------------------------------------------------------------------------------
| Id  | Operation           | Name            | Rows  | Bytes |TempSpc| Cost (%CPU)| Time     |
-----------------------------------------------------------------------------------------------
|   0 | SELECT STATEMENT    |                 | 86835 |  3222K|       |   994   (2)| 00:00:12 |
|   1 |  SORT GROUP BY      |                 | 86835 |  3222K|  4800K|   994   (2)| 00:00:12 |
|*  2 |   HASH JOIN         |                 | 86835 |  3222K|       |   131   (4)| 00:00:02 |
|   3 |    TABLE ACCESS FULL| TIME_BY_DAY     |   730 |  8760 |       |     4   (0)| 00:00:01 |
|   4 |    TABLE ACCESS FULL| SALES_FACT_1997 | 86835 |  2204K|       |   126   (3)| 00:00:02 |
-----------------------------------------------------------------------------------------------

Predicate Information (identified by operation id):
---------------------------------------------------

2 - access(""TIME_BY_DAY"".""TIME_ID""=""FT"".""TIME_ID"")
","with sales explain unit_sales by product_id, customer_id, the_date ",67,3222000.0,509.0,994.0,86835.0,1636,91
36,5ed9be45-21dd-4f5d-b32e-08008f95e6db,"Plan hash value: 165028050

----------------------------------------------------------------------------------------
| Id  | Operation            | Name            | Rows  | Bytes | Cost (%CPU)| Time     |
----------------------------------------------------------------------------------------
|   0 | SELECT STATEMENT     |                 |    51 |  2244 |   147   (9)| 00:00:02 |
|   1 |  SORT GROUP BY       |                 |    51 |  2244 |   147   (9)| 00:00:02 |
|*  2 |   HASH JOIN          |                 | 86835 |  3731K|   140   (4)| 00:00:02 |
|   3 |    TABLE ACCESS FULL | PRODUCT         |  1560 | 17160 |     8   (0)| 00:00:01 |
|*  4 |    HASH JOIN         |                 | 86835 |  2798K|   131   (4)| 00:00:02 |
|   5 |     TABLE ACCESS FULL| TIME_BY_DAY     |   730 |  8760 |     4   (0)| 00:00:01 |
|   6 |     TABLE ACCESS FULL| SALES_FACT_1997 | 86835 |  1780K|   126   (3)| 00:00:02 |
----------------------------------------------------------------------------------------

Predicate Information (identified by operation id):
---------------------------------------------------

2 - access(""PRODUCT"".""PRODUCT_ID""=""FT"".""PRODUCT_ID"")
4 - access(""TIME_BY_DAY"".""TIME_ID""=""FT"".""TIME_ID"")
","with sales explain unit_sales by the_month, product_family ",59,2244.0,397.0,147.0,51.0,1772,41
323,5e621029-0d89-4064-aef4-5bc9cb2ea96a,"Plan hash value: 1148224997

---------------------------------------------------------------------------------------
| Id  | Operation           | Name            | Rows  | Bytes | Cost (%CPU)| Time     |
---------------------------------------------------------------------------------------
|   0 | SELECT STATEMENT    |                 |   730 | 21170 |   138   (8)| 00:00:02 |
|   1 |  SORT GROUP BY      |                 |   730 | 21170 |   138   (8)| 00:00:02 |
|*  2 |   HASH JOIN         |                 | 86835 |  2459K|   131   (4)| 00:00:02 |
|   3 |    TABLE ACCESS FULL| TIME_BY_DAY     |   730 |  8760 |     4   (0)| 00:00:01 |
|   4 |    TABLE ACCESS FULL| SALES_FACT_1997 | 86835 |  1441K|   126   (3)| 00:00:02 |
---------------------------------------------------------------------------------------

Predicate Information (identified by operation id):
---------------------------------------------------

2 - access(""TIME_BY_DAY"".""TIME_ID""=""FT"".""TIME_ID"")
","with sales explain unit_sales by the_date ",42,21170.0,265.0,138.0,730.0,1753,34
540,fa3e3c66-6df3-4965-b2af-17317c475cfa,"Plan hash value: 165028050

----------------------------------------------------------------------------------------
| Id  | Operation            | Name            | Rows  | Bytes | Cost (%CPU)| Time     |
----------------------------------------------------------------------------------------
|   0 | SELECT STATEMENT     |                 |   764 | 37436 |   147   (9)| 00:00:02 |
|   1 |  SORT GROUP BY       |                 |   764 | 37436 |   147   (9)| 00:00:02 |
|*  2 |   HASH JOIN          |                 | 86835 |  4155K|   140   (4)| 00:00:02 |
|   3 |    TABLE ACCESS FULL | PRODUCT         |  1560 | 24960 |     8   (0)| 00:00:01 |
|*  4 |    HASH JOIN         |                 | 86835 |  2798K|   131   (4)| 00:00:02 |
|   5 |     TABLE ACCESS FULL| TIME_BY_DAY     |   730 |  8760 |     4   (0)| 00:00:01 |
|   6 |     TABLE ACCESS FULL| SALES_FACT_1997 | 86835 |  1780K|   126   (3)| 00:00:02 |
----------------------------------------------------------------------------------------

Predicate Information (identified by operation id):
---------------------------------------------------

2 - access(""PRODUCT"".""PRODUCT_ID""=""FT"".""PRODUCT_ID"")
4 - access(""TIME_BY_DAY"".""TIME_ID""=""FT"".""TIME_ID"")
","with sales explain unit_sales by the_month, product_category ",61,37436.0,403.0,147.0,764.0,1134,52
1224,de389d7c-83a8-4396-a60f-e968aa68f94e,"Plan hash value: 165028050

----------------------------------------------------------------------------------------
| Id  | Operation            | Name            | Rows  | Bytes | Cost (%CPU)| Time     |
----------------------------------------------------------------------------------------
|   0 | SELECT STATEMENT     |                 |  1731 | 83088 |   147   (9)| 00:00:02 |
|   1 |  SORT GROUP BY       |                 |  1731 | 83088 |   147   (9)| 00:00:02 |
|*  2 |   HASH JOIN          |                 | 86835 |  4070K|   140   (4)| 00:00:02 |
|   3 |    TABLE ACCESS FULL | PRODUCT         |  1560 | 23400 |     8   (0)| 00:00:01 |
|*  4 |    HASH JOIN         |                 | 86835 |  2798K|   131   (4)| 00:00:02 |
|   5 |     TABLE ACCESS FULL| TIME_BY_DAY     |   730 |  8760 |     4   (0)| 00:00:01 |
|   6 |     TABLE ACCESS FULL| SALES_FACT_1997 | 86835 |  1780K|   126   (3)| 00:00:02 |
----------------------------------------------------------------------------------------

Predicate Information (identified by operation id):
---------------------------------------------------

2 - access(""PRODUCT"".""PRODUCT_ID""=""FT"".""PRODUCT_ID"")
4 - access(""TIME_BY_DAY"".""TIME_ID""=""FT"".""TIME_ID"")
","with sales explain unit_sales by the_month, product_subcategory ",64,83088.0,412.0,147.0,1731.0,1105,54
12113,c78eb396-fb62-4f46-a5a7-4eec072f9294,"Plan hash value: 251198219

--------------------------------------------------------------------------------------------------
| Id  | Operation              | Name            | Rows  | Bytes |TempSpc| Cost (%CPU)| Time     |
--------------------------------------------------------------------------------------------------
|   0 | SELECT STATEMENT       |                 | 10278 |   672K|       |   674   (3)| 00:00:09 |
|   1 |  SORT GROUP BY         |                 | 10278 |   672K|   856K|   674   (3)| 00:00:09 |
|*  2 |   HASH JOIN            |                 | 10278 |   672K|       |   508   (3)| 00:00:07 |
|   3 |    TABLE ACCESS FULL   | TIME_BY_DAY     |   730 |  8760 |       |     4   (0)| 00:00:01 |
|   4 |    VIEW                | VW_GBC_9        | 10278 |   552K|       |   503   (3)| 00:00:07 |
|   5 |     HASH GROUP BY      |                 | 10278 |   371K|  4440K|   503   (3)| 00:00:07 |
|*  6 |      HASH JOIN         |                 | 86835 |  3137K|       |   135   (3)| 00:00:02 |
|   7 |       TABLE ACCESS FULL| PRODUCT         |  1560 | 24960 |       |     8   (0)| 00:00:01 |
|   8 |       TABLE ACCESS FULL| SALES_FACT_1997 | 86835 |  1780K|       |   126   (3)| 00:00:02 |
--------------------------------------------------------------------------------------------------

Predicate Information (identified by operation id):
---------------------------------------------------

2 - access(""TIME_BY_DAY"".""TIME_ID""=""ITEM_1"")
6 - access(""PRODUCT"".""PRODUCT_ID""=""FT"".""PRODUCT_ID"")
","with sales explain unit_sales by product_category, the_date ",60,672000.0,400.0,674.0,10278.0,1143,47
16949,5f32838c-fc77-4eea-9f41-cc553a1cc4f8,"Plan hash value: 1148224997

-----------------------------------------------------------------------------------------------
| Id  | Operation           | Name            | Rows  | Bytes |TempSpc| Cost (%CPU)| Time     |
-----------------------------------------------------------------------------------------------
|   0 | SELECT STATEMENT    |                 | 86835 |  2883K|       |   928   (2)| 00:00:12 |
|   1 |  SORT GROUP BY      |                 | 86835 |  2883K|  4096K|   928   (2)| 00:00:12 |
|*  2 |   HASH JOIN         |                 | 86835 |  2883K|       |   131   (4)| 00:00:02 |
|   3 |    TABLE ACCESS FULL| TIME_BY_DAY     |   730 |  8760 |       |     4   (0)| 00:00:01 |
|   4 |    TABLE ACCESS FULL| SALES_FACT_1997 | 86835 |  1865K|       |   126   (3)| 00:00:02 |
-----------------------------------------------------------------------------------------------

Predicate Information (identified by operation id):
---------------------------------------------------

2 - access(""TIME_BY_DAY"".""TIME_ID""=""FT"".""TIME_ID"")
","with sales explain unit_sales by the_month, customer_id ",56,2883000.0,395.0,928.0,86835.0,1149,70
18492,a1c65016-0b76-4a8c-abcd-8ece64651a93,"Plan hash value: 1148224997

-----------------------------------------------------------------------------------------------
| Id  | Operation           | Name            | Rows  | Bytes |TempSpc| Cost (%CPU)| Time     |
-----------------------------------------------------------------------------------------------
|   0 | SELECT STATEMENT    |                 | 26458 |   852K|       |   563   (2)| 00:00:07 |
|   1 |  SORT GROUP BY      |                 | 26458 |   852K|  4096K|   563   (2)| 00:00:07 |
|*  2 |   HASH JOIN         |                 | 86835 |  2798K|       |   131   (4)| 00:00:02 |
|   3 |    TABLE ACCESS FULL| TIME_BY_DAY     |   730 |  8760 |       |     4   (0)| 00:00:01 |
|   4 |    TABLE ACCESS FULL| SALES_FACT_1997 | 86835 |  1780K|       |   126   (3)| 00:00:02 |
-----------------------------------------------------------------------------------------------

Predicate Information (identified by operation id):
---------------------------------------------------

2 - access(""TIME_BY_DAY"".""TIME_ID""=""FT"".""TIME_ID"")
","with sales explain unit_sales by the_month, product_id ",55,852000.0,385.0,563.0,26458.0,1165,63
20525,722c60ef-e17b-452d-83ad-25eb4b196c31,"Plan hash value: 1148224997

-----------------------------------------------------------------------------------------------
| Id  | Operation           | Name            | Rows  | Bytes |TempSpc| Cost (%CPU)| Time     |
-----------------------------------------------------------------------------------------------
|   0 | SELECT STATEMENT    |                 | 86835 |  2883K|       |   928   (2)| 00:00:12 |
|   1 |  SORT GROUP BY      |                 | 86835 |  2883K|  4096K|   928   (2)| 00:00:12 |
|*  2 |   HASH JOIN         |                 | 86835 |  2883K|       |   131   (4)| 00:00:02 |
|   3 |    TABLE ACCESS FULL| TIME_BY_DAY     |   730 |  8760 |       |     4   (0)| 00:00:01 |
|   4 |    TABLE ACCESS FULL| SALES_FACT_1997 | 86835 |  1865K|       |   126   (3)| 00:00:02 |
-----------------------------------------------------------------------------------------------

Predicate Information (identified by operation id):
---------------------------------------------------

2 - access(""TIME_BY_DAY"".""TIME_ID""=""FT"".""TIME_ID"")
","with sales explain unit_sales by customer_id, the_date ",55,2883000.0,392.0,928.0,86835.0,1169,75
77832,a1dcd028-b784-43c5-ac94-e2c1a83887ec,"Plan hash value: 1148224997

-----------------------------------------------------------------------------------------------
| Id  | Operation           | Name            | Rows  | Bytes |TempSpc| Cost (%CPU)| Time     |
-----------------------------------------------------------------------------------------------
|   0 | SELECT STATEMENT    |                 | 86835 |  2798K|       |   911   (2)| 00:00:11 |
|   1 |  SORT GROUP BY      |                 | 86835 |  2798K|  4096K|   911   (2)| 00:00:11 |
|*  2 |   HASH JOIN         |                 | 86835 |  2798K|       |   131   (4)| 00:00:02 |
|   3 |    TABLE ACCESS FULL| TIME_BY_DAY     |   730 |  8760 |       |     4   (0)| 00:00:01 |
|   4 |    TABLE ACCESS FULL| SALES_FACT_1997 | 86835 |  1780K|       |   126   (3)| 00:00:02 |
-----------------------------------------------------------------------------------------------

Predicate Information (identified by operation id):
---------------------------------------------------

2 - access(""TIME_BY_DAY"".""TIME_ID""=""FT"".""TIME_ID"")
","with sales explain unit_sales by product_id, the_date ",54,2798000.0,382.0,911.0,86835.0,1223,95
86832,f86cbfc5-b40b-4ef3-a921-3810b563c979,"Plan hash value: 1148224997

-----------------------------------------------------------------------------------------------
| Id  | Operation           | Name            | Rows  | Bytes |TempSpc| Cost (%CPU)| Time     |
-----------------------------------------------------------------------------------------------
|   0 | SELECT STATEMENT    |                 | 86835 |  3222K|       |   994   (2)| 00:00:12 |
|   1 |  SORT GROUP BY      |                 | 86835 |  3222K|  4800K|   994   (2)| 00:00:12 |
|*  2 |   HASH JOIN         |                 | 86835 |  3222K|       |   131   (4)| 00:00:02 |
|   3 |    TABLE ACCESS FULL| TIME_BY_DAY     |   730 |  8760 |       |     4   (0)| 00:00:01 |
|   4 |    TABLE ACCESS FULL| SALES_FACT_1997 | 86835 |  2204K|       |   126   (3)| 00:00:02 |
-----------------------------------------------------------------------------------------------

Predicate Information (identified by operation id):
---------------------------------------------------

2 - access(""TIME_BY_DAY"".""TIME_ID""=""FT"".""TIME_ID"")
","with sales explain unit_sales by product_id, customer_id, the_date ",67,3222000.0,509.0,994.0,86835.0,1262,101
36,b2859126-fe83-4252-bde6-b33797848c1b,"Plan hash value: 165028050

----------------------------------------------------------------------------------------
| Id  | Operation            | Name            | Rows  | Bytes | Cost (%CPU)| Time     |
----------------------------------------------------------------------------------------
|   0 | SELECT STATEMENT     |                 |    51 |  2244 |   147   (9)| 00:00:02 |
|   1 |  SORT GROUP BY       |                 |    51 |  2244 |   147   (9)| 00:00:02 |
|*  2 |   HASH JOIN          |                 | 86835 |  3731K|   140   (4)| 00:00:02 |
|   3 |    TABLE ACCESS FULL | PRODUCT         |  1560 | 17160 |     8   (0)| 00:00:01 |
|*  4 |    HASH JOIN         |                 | 86835 |  2798K|   131   (4)| 00:00:02 |
|   5 |     TABLE ACCESS FULL| TIME_BY_DAY     |   730 |  8760 |     4   (0)| 00:00:01 |
|   6 |     TABLE ACCESS FULL| SALES_FACT_1997 | 86835 |  1780K|   126   (3)| 00:00:02 |
----------------------------------------------------------------------------------------

Predicate Information (identified by operation id):
---------------------------------------------------

2 - access(""PRODUCT"".""PRODUCT_ID""=""FT"".""PRODUCT_ID"")
4 - access(""TIME_BY_DAY"".""TIME_ID""=""FT"".""TIME_ID"")
","with sales explain unit_sales by the_month, product_family ",59,2244.0,397.0,147.0,51.0,1359,44
323,7cf5f3bf-7e1b-4bef-a774-89a9b08a85ef,"Plan hash value: 1148224997

---------------------------------------------------------------------------------------
| Id  | Operation           | Name            | Rows  | Bytes | Cost (%CPU)| Time     |
---------------------------------------------------------------------------------------
|   0 | SELECT STATEMENT    |                 |   730 | 21170 |   138   (8)| 00:00:02 |
|   1 |  SORT GROUP BY      |                 |   730 | 21170 |   138   (8)| 00:00:02 |
|*  2 |   HASH JOIN         |                 | 86835 |  2459K|   131   (4)| 00:00:02 |
|   3 |    TABLE ACCESS FULL| TIME_BY_DAY     |   730 |  8760 |     4   (0)| 00:00:01 |
|   4 |    TABLE ACCESS FULL| SALES_FACT_1997 | 86835 |  1441K|   126   (3)| 00:00:02 |
---------------------------------------------------------------------------------------

Predicate Information (identified by operation id):
---------------------------------------------------

2 - access(""TIME_BY_DAY"".""TIME_ID""=""FT"".""TIME_ID"")
","with sales explain unit_sales by the_date ",42,21170.0,265.0,138.0,730.0,1119,35
540,8866d2b1-c823-47c2-b2cb-2505d6b0f011,"Plan hash value: 165028050

----------------------------------------------------------------------------------------
| Id  | Operation            | Name            | Rows  | Bytes | Cost (%CPU)| Time     |
----------------------------------------------------------------------------------------
|   0 | SELECT STATEMENT     |                 |   764 | 37436 |   147   (9)| 00:00:02 |
|   1 |  SORT GROUP BY       |                 |   764 | 37436 |   147   (9)| 00:00:02 |
|*  2 |   HASH JOIN          |                 | 86835 |  4155K|   140   (4)| 00:00:02 |
|   3 |    TABLE ACCESS FULL | PRODUCT         |  1560 | 24960 |     8   (0)| 00:00:01 |
|*  4 |    HASH JOIN         |                 | 86835 |  2798K|   131   (4)| 00:00:02 |
|   5 |     TABLE ACCESS FULL| TIME_BY_DAY     |   730 |  8760 |     4   (0)| 00:00:01 |
|   6 |     TABLE ACCESS FULL| SALES_FACT_1997 | 86835 |  1780K|   126   (3)| 00:00:02 |
----------------------------------------------------------------------------------------

Predicate Information (identified by operation id):
---------------------------------------------------

2 - access(""PRODUCT"".""PRODUCT_ID""=""FT"".""PRODUCT_ID"")
4 - access(""TIME_BY_DAY"".""TIME_ID""=""FT"".""TIME_ID"")
","with sales explain unit_sales by the_month, product_category ",61,37436.0,403.0,147.0,764.0,1117,49
1224,cb02c3ff-3776-465d-944c-4e4bbadfb429,"Plan hash value: 165028050

----------------------------------------------------------------------------------------
| Id  | Operation            | Name            | Rows  | Bytes | Cost (%CPU)| Time     |
----------------------------------------------------------------------------------------
|   0 | SELECT STATEMENT     |                 |  1731 | 83088 |   147   (9)| 00:00:02 |
|   1 |  SORT GROUP BY       |                 |  1731 | 83088 |   147   (9)| 00:00:02 |
|*  2 |   HASH JOIN          |                 | 86835 |  4070K|   140   (4)| 00:00:02 |
|   3 |    TABLE ACCESS FULL | PRODUCT         |  1560 | 23400 |     8   (0)| 00:00:01 |
|*  4 |    HASH JOIN         |                 | 86835 |  2798K|   131   (4)| 00:00:02 |
|   5 |     TABLE ACCESS FULL| TIME_BY_DAY     |   730 |  8760 |     4   (0)| 00:00:01 |
|   6 |     TABLE ACCESS FULL| SALES_FACT_1997 | 86835 |  1780K|   126   (3)| 00:00:02 |
----------------------------------------------------------------------------------------

Predicate Information (identified by operation id):
---------------------------------------------------

2 - access(""PRODUCT"".""PRODUCT_ID""=""FT"".""PRODUCT_ID"")
4 - access(""TIME_BY_DAY"".""TIME_ID""=""FT"".""TIME_ID"")
","with sales explain unit_sales by the_month, product_subcategory ",64,83088.0,412.0,147.0,1731.0,1090,54
12113,1d4cd3f1-5360-46ad-98e7-ff8be37d120f,"Plan hash value: 251198219

--------------------------------------------------------------------------------------------------
| Id  | Operation              | Name            | Rows  | Bytes |TempSpc| Cost (%CPU)| Time     |
--------------------------------------------------------------------------------------------------
|   0 | SELECT STATEMENT       |                 | 10278 |   672K|       |   674   (3)| 00:00:09 |
|   1 |  SORT GROUP BY         |                 | 10278 |   672K|   856K|   674   (3)| 00:00:09 |
|*  2 |   HASH JOIN            |                 | 10278 |   672K|       |   508   (3)| 00:00:07 |
|   3 |    TABLE ACCESS FULL   | TIME_BY_DAY     |   730 |  8760 |       |     4   (0)| 00:00:01 |
|   4 |    VIEW                | VW_GBC_9        | 10278 |   552K|       |   503   (3)| 00:00:07 |
|   5 |     HASH GROUP BY      |                 | 10278 |   371K|  4440K|   503   (3)| 00:00:07 |
|*  6 |      HASH JOIN         |                 | 86835 |  3137K|       |   135   (3)| 00:00:02 |
|   7 |       TABLE ACCESS FULL| PRODUCT         |  1560 | 24960 |       |     8   (0)| 00:00:01 |
|   8 |       TABLE ACCESS FULL| SALES_FACT_1997 | 86835 |  1780K|       |   126   (3)| 00:00:02 |
--------------------------------------------------------------------------------------------------

Predicate Information (identified by operation id):
---------------------------------------------------

2 - access(""TIME_BY_DAY"".""TIME_ID""=""ITEM_1"")
6 - access(""PRODUCT"".""PRODUCT_ID""=""FT"".""PRODUCT_ID"")
","with sales explain unit_sales by product_category, the_date ",60,672000.0,400.0,674.0,10278.0,1180,48
16949,09df7ffa-f7b3-4aa6-9635-f47ea84b4938,"Plan hash value: 1148224997

-----------------------------------------------------------------------------------------------
| Id  | Operation           | Name            | Rows  | Bytes |TempSpc| Cost (%CPU)| Time     |
-----------------------------------------------------------------------------------------------
|   0 | SELECT STATEMENT    |                 | 86835 |  2883K|       |   928   (2)| 00:00:12 |
|   1 |  SORT GROUP BY      |                 | 86835 |  2883K|  4096K|   928   (2)| 00:00:12 |
|*  2 |   HASH JOIN         |                 | 86835 |  2883K|       |   131   (4)| 00:00:02 |
|   3 |    TABLE ACCESS FULL| TIME_BY_DAY     |   730 |  8760 |       |     4   (0)| 00:00:01 |
|   4 |    TABLE ACCESS FULL| SALES_FACT_1997 | 86835 |  1865K|       |   126   (3)| 00:00:02 |
-----------------------------------------------------------------------------------------------

Predicate Information (identified by operation id):
---------------------------------------------------

2 - access(""TIME_BY_DAY"".""TIME_ID""=""FT"".""TIME_ID"")
","with sales explain unit_sales by the_month, customer_id ",56,2883000.0,395.0,928.0,86835.0,1126,67
18492,9cebae4e-f592-40e9-9b9a-84e1e5608224,"Plan hash value: 1148224997

-----------------------------------------------------------------------------------------------
| Id  | Operation           | Name            | Rows  | Bytes |TempSpc| Cost (%CPU)| Time     |
-----------------------------------------------------------------------------------------------
|   0 | SELECT STATEMENT    |                 | 26458 |   852K|       |   563   (2)| 00:00:07 |
|   1 |  SORT GROUP BY      |                 | 26458 |   852K|  4096K|   563   (2)| 00:00:07 |
|*  2 |   HASH JOIN         |                 | 86835 |  2798K|       |   131   (4)| 00:00:02 |
|   3 |    TABLE ACCESS FULL| TIME_BY_DAY     |   730 |  8760 |       |     4   (0)| 00:00:01 |
|   4 |    TABLE ACCESS FULL| SALES_FACT_1997 | 86835 |  1780K|       |   126   (3)| 00:00:02 |
-----------------------------------------------------------------------------------------------

Predicate Information (identified by operation id):
---------------------------------------------------

2 - access(""TIME_BY_DAY"".""TIME_ID""=""FT"".""TIME_ID"")
","with sales explain unit_sales by the_month, product_id ",55,852000.0,385.0,563.0,26458.0,1129,62
20525,3ac226d6-11fb-40d3-b60c-3ad194469b09,"Plan hash value: 1148224997

-----------------------------------------------------------------------------------------------
| Id  | Operation           | Name            | Rows  | Bytes |TempSpc| Cost (%CPU)| Time     |
-----------------------------------------------------------------------------------------------
|   0 | SELECT STATEMENT    |                 | 86835 |  2883K|       |   928   (2)| 00:00:12 |
|   1 |  SORT GROUP BY      |                 | 86835 |  2883K|  4096K|   928   (2)| 00:00:12 |
|*  2 |   HASH JOIN         |                 | 86835 |  2883K|       |   131   (4)| 00:00:02 |
|   3 |    TABLE ACCESS FULL| TIME_BY_DAY     |   730 |  8760 |       |     4   (0)| 00:00:01 |
|   4 |    TABLE ACCESS FULL| SALES_FACT_1997 | 86835 |  1865K|       |   126   (3)| 00:00:02 |
-----------------------------------------------------------------------------------------------

Predicate Information (identified by operation id):
---------------------------------------------------

2 - access(""TIME_BY_DAY"".""TIME_ID""=""FT"".""TIME_ID"")
","with sales explain unit_sales by customer_id, the_date ",55,2883000.0,392.0,928.0,86835.0,1173,71
77832,1f1a69f7-2bfb-45cf-bded-f5dac6cd03d1,"Plan hash value: 1148224997

-----------------------------------------------------------------------------------------------
| Id  | Operation           | Name            | Rows  | Bytes |TempSpc| Cost (%CPU)| Time     |
-----------------------------------------------------------------------------------------------
|   0 | SELECT STATEMENT    |                 | 86835 |  2798K|       |   911   (2)| 00:00:11 |
|   1 |  SORT GROUP BY      |                 | 86835 |  2798K|  4096K|   911   (2)| 00:00:11 |
|*  2 |   HASH JOIN         |                 | 86835 |  2798K|       |   131   (4)| 00:00:02 |
|   3 |    TABLE ACCESS FULL| TIME_BY_DAY     |   730 |  8760 |       |     4   (0)| 00:00:01 |
|   4 |    TABLE ACCESS FULL| SALES_FACT_1997 | 86835 |  1780K|       |   126   (3)| 00:00:02 |
-----------------------------------------------------------------------------------------------

Predicate Information (identified by operation id):
---------------------------------------------------

2 - access(""TIME_BY_DAY"".""TIME_ID""=""FT"".""TIME_ID"")
","with sales explain unit_sales by product_id, the_date ",54,2798000.0,382.0,911.0,86835.0,1202,79
86832,c3e08198-bb54-4c87-8b55-f4f19770b31c,"Plan hash value: 1148224997

-----------------------------------------------------------------------------------------------
| Id  | Operation           | Name            | Rows  | Bytes |TempSpc| Cost (%CPU)| Time     |
-----------------------------------------------------------------------------------------------
|   0 | SELECT STATEMENT    |                 | 86835 |  3222K|       |   994   (2)| 00:00:12 |
|   1 |  SORT GROUP BY      |                 | 86835 |  3222K|  4800K|   994   (2)| 00:00:12 |
|*  2 |   HASH JOIN         |                 | 86835 |  3222K|       |   131   (4)| 00:00:02 |
|   3 |    TABLE ACCESS FULL| TIME_BY_DAY     |   730 |  8760 |       |     4   (0)| 00:00:01 |
|   4 |    TABLE ACCESS FULL| SALES_FACT_1997 | 86835 |  2204K|       |   126   (3)| 00:00:02 |
-----------------------------------------------------------------------------------------------

Predicate Information (identified by operation id):
---------------------------------------------------

2 - access(""TIME_BY_DAY"".""TIME_ID""=""FT"".""TIME_ID"")
","with sales explain unit_sales by product_id, customer_id, the_date ",67,3222000.0,509.0,994.0,86835.0,1219,94
36,e9589990-8155-4749-986a-6691b7e22a90,"Plan hash value: 165028050

----------------------------------------------------------------------------------------
| Id  | Operation            | Name            | Rows  | Bytes | Cost (%CPU)| Time     |
----------------------------------------------------------------------------------------
|   0 | SELECT STATEMENT     |                 |    51 |  2244 |   147   (9)| 00:00:02 |
|   1 |  SORT GROUP BY       |                 |    51 |  2244 |   147   (9)| 00:00:02 |
|*  2 |   HASH JOIN          |                 | 86835 |  3731K|   140   (4)| 00:00:02 |
|   3 |    TABLE ACCESS FULL | PRODUCT         |  1560 | 17160 |     8   (0)| 00:00:01 |
|*  4 |    HASH JOIN         |                 | 86835 |  2798K|   131   (4)| 00:00:02 |
|   5 |     TABLE ACCESS FULL| TIME_BY_DAY     |   730 |  8760 |     4   (0)| 00:00:01 |
|   6 |     TABLE ACCESS FULL| SALES_FACT_1997 | 86835 |  1780K|   126   (3)| 00:00:02 |
----------------------------------------------------------------------------------------

Predicate Information (identified by operation id):
---------------------------------------------------

2 - access(""PRODUCT"".""PRODUCT_ID""=""FT"".""PRODUCT_ID"")
4 - access(""TIME_BY_DAY"".""TIME_ID""=""FT"".""TIME_ID"")
","with sales explain unit_sales by the_month, product_family ",59,2244.0,397.0,147.0,51.0,1127,42
323,affc355b-4d7d-4570-bce3-ed5d0d38739a,"Plan hash value: 1148224997

---------------------------------------------------------------------------------------
| Id  | Operation           | Name            | Rows  | Bytes | Cost (%CPU)| Time     |
---------------------------------------------------------------------------------------
|   0 | SELECT STATEMENT    |                 |   730 | 21170 |   138   (8)| 00:00:02 |
|   1 |  SORT GROUP BY      |                 |   730 | 21170 |   138   (8)| 00:00:02 |
|*  2 |   HASH JOIN         |                 | 86835 |  2459K|   131   (4)| 00:00:02 |
|   3 |    TABLE ACCESS FULL| TIME_BY_DAY     |   730 |  8760 |     4   (0)| 00:00:01 |
|   4 |    TABLE ACCESS FULL| SALES_FACT_1997 | 86835 |  1441K|   126   (3)| 00:00:02 |
---------------------------------------------------------------------------------------

Predicate Information (identified by operation id):
---------------------------------------------------

2 - access(""TIME_BY_DAY"".""TIME_ID""=""FT"".""TIME_ID"")
","with sales explain unit_sales by the_date ",42,21170.0,265.0,138.0,730.0,1084,34
540,8d729761-89e3-46ba-bc0e-aa155bb12836,"Plan hash value: 165028050

----------------------------------------------------------------------------------------
| Id  | Operation            | Name            | Rows  | Bytes | Cost (%CPU)| Time     |
----------------------------------------------------------------------------------------
|   0 | SELECT STATEMENT     |                 |   764 | 37436 |   147   (9)| 00:00:02 |
|   1 |  SORT GROUP BY       |                 |   764 | 37436 |   147   (9)| 00:00:02 |
|*  2 |   HASH JOIN          |                 | 86835 |  4155K|   140   (4)| 00:00:02 |
|   3 |    TABLE ACCESS FULL | PRODUCT         |  1560 | 24960 |     8   (0)| 00:00:01 |
|*  4 |    HASH JOIN         |                 | 86835 |  2798K|   131   (4)| 00:00:02 |
|   5 |     TABLE ACCESS FULL| TIME_BY_DAY     |   730 |  8760 |     4   (0)| 00:00:01 |
|   6 |     TABLE ACCESS FULL| SALES_FACT_1997 | 86835 |  1780K|   126   (3)| 00:00:02 |
----------------------------------------------------------------------------------------

Predicate Information (identified by operation id):
---------------------------------------------------

2 - access(""PRODUCT"".""PRODUCT_ID""=""FT"".""PRODUCT_ID"")
4 - access(""TIME_BY_DAY"".""TIME_ID""=""FT"".""TIME_ID"")
","with sales explain unit_sales by the_month, product_category ",61,37436.0,403.0,147.0,764.0,1085,52
1224,e135e8a7-025f-427b-a4a7-600587219cd0,"Plan hash value: 165028050

----------------------------------------------------------------------------------------
| Id  | Operation            | Name            | Rows  | Bytes | Cost (%CPU)| Time     |
----------------------------------------------------------------------------------------
|   0 | SELECT STATEMENT     |                 |  1731 | 83088 |   147   (9)| 00:00:02 |
|   1 |  SORT GROUP BY       |                 |  1731 | 83088 |   147   (9)| 00:00:02 |
|*  2 |   HASH JOIN          |                 | 86835 |  4070K|   140   (4)| 00:00:02 |
|   3 |    TABLE ACCESS FULL | PRODUCT         |  1560 | 23400 |     8   (0)| 00:00:01 |
|*  4 |    HASH JOIN         |                 | 86835 |  2798K|   131   (4)| 00:00:02 |
|   5 |     TABLE ACCESS FULL| TIME_BY_DAY     |   730 |  8760 |     4   (0)| 00:00:01 |
|   6 |     TABLE ACCESS FULL| SALES_FACT_1997 | 86835 |  1780K|   126   (3)| 00:00:02 |
----------------------------------------------------------------------------------------

Predicate Information (identified by operation id):
---------------------------------------------------

2 - access(""PRODUCT"".""PRODUCT_ID""=""FT"".""PRODUCT_ID"")
4 - access(""TIME_BY_DAY"".""TIME_ID""=""FT"".""TIME_ID"")
","with sales explain unit_sales by the_month, product_subcategory ",64,83088.0,412.0,147.0,1731.0,1105,51
12113,b2b65ce9-2bd5-4807-8f18-2c20ab8b7979,"Plan hash value: 251198219

--------------------------------------------------------------------------------------------------
| Id  | Operation              | Name            | Rows  | Bytes |TempSpc| Cost (%CPU)| Time     |
--------------------------------------------------------------------------------------------------
|   0 | SELECT STATEMENT       |                 | 10278 |   672K|       |   674   (3)| 00:00:09 |
|   1 |  SORT GROUP BY         |                 | 10278 |   672K|   856K|   674   (3)| 00:00:09 |
|*  2 |   HASH JOIN            |                 | 10278 |   672K|       |   508   (3)| 00:00:07 |
|   3 |    TABLE ACCESS FULL   | TIME_BY_DAY     |   730 |  8760 |       |     4   (0)| 00:00:01 |
|   4 |    VIEW                | VW_GBC_9        | 10278 |   552K|       |   503   (3)| 00:00:07 |
|   5 |     HASH GROUP BY      |                 | 10278 |   371K|  4440K|   503   (3)| 00:00:07 |
|*  6 |      HASH JOIN         |                 | 86835 |  3137K|       |   135   (3)| 00:00:02 |
|   7 |       TABLE ACCESS FULL| PRODUCT         |  1560 | 24960 |       |     8   (0)| 00:00:01 |
|   8 |       TABLE ACCESS FULL| SALES_FACT_1997 | 86835 |  1780K|       |   126   (3)| 00:00:02 |
--------------------------------------------------------------------------------------------------

Predicate Information (identified by operation id):
---------------------------------------------------

2 - access(""TIME_BY_DAY"".""TIME_ID""=""ITEM_1"")
6 - access(""PRODUCT"".""PRODUCT_ID""=""FT"".""PRODUCT_ID"")
","with sales explain unit_sales by product_category, the_date ",60,672000.0,400.0,674.0,10278.0,1123,47
16949,f708340f-aaa7-440a-897f-0063017650e9,"Plan hash value: 1148224997

-----------------------------------------------------------------------------------------------
| Id  | Operation           | Name            | Rows  | Bytes |TempSpc| Cost (%CPU)| Time     |
-----------------------------------------------------------------------------------------------
|   0 | SELECT STATEMENT    |                 | 86835 |  2883K|       |   928   (2)| 00:00:12 |
|   1 |  SORT GROUP BY      |                 | 86835 |  2883K|  4096K|   928   (2)| 00:00:12 |
|*  2 |   HASH JOIN         |                 | 86835 |  2883K|       |   131   (4)| 00:00:02 |
|   3 |    TABLE ACCESS FULL| TIME_BY_DAY     |   730 |  8760 |       |     4   (0)| 00:00:01 |
|   4 |    TABLE ACCESS FULL| SALES_FACT_1997 | 86835 |  1865K|       |   126   (3)| 00:00:02 |
-----------------------------------------------------------------------------------------------

Predicate Information (identified by operation id):
---------------------------------------------------

2 - access(""TIME_BY_DAY"".""TIME_ID""=""FT"".""TIME_ID"")
","with sales explain unit_sales by the_month, customer_id ",56,2883000.0,395.0,928.0,86835.0,1121,67
18492,4bfd28f3-2619-44ff-8d39-239f4f20d7b7,"Plan hash value: 1148224997

-----------------------------------------------------------------------------------------------
| Id  | Operation           | Name            | Rows  | Bytes |TempSpc| Cost (%CPU)| Time     |
-----------------------------------------------------------------------------------------------
|   0 | SELECT STATEMENT    |                 | 26458 |   852K|       |   563   (2)| 00:00:07 |
|   1 |  SORT GROUP BY      |                 | 26458 |   852K|  4096K|   563   (2)| 00:00:07 |
|*  2 |   HASH JOIN         |                 | 86835 |  2798K|       |   131   (4)| 00:00:02 |
|   3 |    TABLE ACCESS FULL| TIME_BY_DAY     |   730 |  8760 |       |     4   (0)| 00:00:01 |
|   4 |    TABLE ACCESS FULL| SALES_FACT_1997 | 86835 |  1780K|       |   126   (3)| 00:00:02 |
-----------------------------------------------------------------------------------------------

Predicate Information (identified by operation id):
---------------------------------------------------

2 - access(""TIME_BY_DAY"".""TIME_ID""=""FT"".""TIME_ID"")
","with sales explain unit_sales by the_month, product_id ",55,852000.0,385.0,563.0,26458.0,1132,59
20525,78daa1eb-7f0d-462e-8523-fd23a96b6a9b,"Plan hash value: 1148224997

-----------------------------------------------------------------------------------------------
| Id  | Operation           | Name            | Rows  | Bytes |TempSpc| Cost (%CPU)| Time     |
-----------------------------------------------------------------------------------------------
|   0 | SELECT STATEMENT    |                 | 86835 |  2883K|       |   928   (2)| 00:00:12 |
|   1 |  SORT GROUP BY      |                 | 86835 |  2883K|  4096K|   928   (2)| 00:00:12 |
|*  2 |   HASH JOIN         |                 | 86835 |  2883K|       |   131   (4)| 00:00:02 |
|   3 |    TABLE ACCESS FULL| TIME_BY_DAY     |   730 |  8760 |       |     4   (0)| 00:00:01 |
|   4 |    TABLE ACCESS FULL| SALES_FACT_1997 | 86835 |  1865K|       |   126   (3)| 00:00:02 |
-----------------------------------------------------------------------------------------------

Predicate Information (identified by operation id):
---------------------------------------------------

2 - access(""TIME_BY_DAY"".""TIME_ID""=""FT"".""TIME_ID"")
","with sales explain unit_sales by customer_id, the_date ",55,2883000.0,392.0,928.0,86835.0,1149,65
77832,2cc2fcf1-e63c-47a3-be2a-cbcc5978e488,"Plan hash value: 1148224997

-----------------------------------------------------------------------------------------------
| Id  | Operation           | Name            | Rows  | Bytes |TempSpc| Cost (%CPU)| Time     |
-----------------------------------------------------------------------------------------------
|   0 | SELECT STATEMENT    |                 | 86835 |  2798K|       |   911   (2)| 00:00:11 |
|   1 |  SORT GROUP BY      |                 | 86835 |  2798K|  4096K|   911   (2)| 00:00:11 |
|*  2 |   HASH JOIN         |                 | 86835 |  2798K|       |   131   (4)| 00:00:02 |
|   3 |    TABLE ACCESS FULL| TIME_BY_DAY     |   730 |  8760 |       |     4   (0)| 00:00:01 |
|   4 |    TABLE ACCESS FULL| SALES_FACT_1997 | 86835 |  1780K|       |   126   (3)| 00:00:02 |
-----------------------------------------------------------------------------------------------

Predicate Information (identified by operation id):
---------------------------------------------------

2 - access(""TIME_BY_DAY"".""TIME_ID""=""FT"".""TIME_ID"")
","with sales explain unit_sales by product_id, the_date ",54,2798000.0,382.0,911.0,86835.0,1196,74
86832,c337c7af-98e5-4a02-b662-5f4f76a82e46,"Plan hash value: 1148224997

-----------------------------------------------------------------------------------------------
| Id  | Operation           | Name            | Rows  | Bytes |TempSpc| Cost (%CPU)| Time     |
-----------------------------------------------------------------------------------------------
|   0 | SELECT STATEMENT    |                 | 86835 |  3222K|       |   994   (2)| 00:00:12 |
|   1 |  SORT GROUP BY      |                 | 86835 |  3222K|  4800K|   994   (2)| 00:00:12 |
|*  2 |   HASH JOIN         |                 | 86835 |  3222K|       |   131   (4)| 00:00:02 |
|   3 |    TABLE ACCESS FULL| TIME_BY_DAY     |   730 |  8760 |       |     4   (0)| 00:00:01 |
|   4 |    TABLE ACCESS FULL| SALES_FACT_1997 | 86835 |  2204K|       |   126   (3)| 00:00:02 |
-----------------------------------------------------------------------------------------------

Predicate Information (identified by operation id):
---------------------------------------------------

2 - access(""TIME_BY_DAY"".""TIME_ID""=""FT"".""TIME_ID"")
","with sales explain unit_sales by product_id, customer_id, the_date ",67,3222000.0,509.0,994.0,86835.0,1230,89
36,45b9a66a-c729-407f-a968-76425b80d861,"Plan hash value: 165028050

----------------------------------------------------------------------------------------
| Id  | Operation            | Name            | Rows  | Bytes | Cost (%CPU)| Time     |
----------------------------------------------------------------------------------------
|   0 | SELECT STATEMENT     |                 |    51 |  2244 |   147   (9)| 00:00:02 |
|   1 |  SORT GROUP BY       |                 |    51 |  2244 |   147   (9)| 00:00:02 |
|*  2 |   HASH JOIN          |                 | 86835 |  3731K|   140   (4)| 00:00:02 |
|   3 |    TABLE ACCESS FULL | PRODUCT         |  1560 | 17160 |     8   (0)| 00:00:01 |
|*  4 |    HASH JOIN         |                 | 86835 |  2798K|   131   (4)| 00:00:02 |
|   5 |     TABLE ACCESS FULL| TIME_BY_DAY     |   730 |  8760 |     4   (0)| 00:00:01 |
|   6 |     TABLE ACCESS FULL| SALES_FACT_1997 | 86835 |  1780K|   126   (3)| 00:00:02 |
----------------------------------------------------------------------------------------

Predicate Information (identified by operation id):
---------------------------------------------------

2 - access(""PRODUCT"".""PRODUCT_ID""=""FT"".""PRODUCT_ID"")
4 - access(""TIME_BY_DAY"".""TIME_ID""=""FT"".""TIME_ID"")
","with sales explain unit_sales by the_month, product_family ",59,2244.0,397.0,147.0,51.0,1108,39
323,3c60f740-eae0-4ffd-b916-84435dfba472,"Plan hash value: 1148224997

---------------------------------------------------------------------------------------
| Id  | Operation           | Name            | Rows  | Bytes | Cost (%CPU)| Time     |
---------------------------------------------------------------------------------------
|   0 | SELECT STATEMENT    |                 |   730 | 21170 |   138   (8)| 00:00:02 |
|   1 |  SORT GROUP BY      |                 |   730 | 21170 |   138   (8)| 00:00:02 |
|*  2 |   HASH JOIN         |                 | 86835 |  2459K|   131   (4)| 00:00:02 |
|   3 |    TABLE ACCESS FULL| TIME_BY_DAY     |   730 |  8760 |     4   (0)| 00:00:01 |
|   4 |    TABLE ACCESS FULL| SALES_FACT_1997 | 86835 |  1441K|   126   (3)| 00:00:02 |
---------------------------------------------------------------------------------------

Predicate Information (identified by operation id):
---------------------------------------------------

2 - access(""TIME_BY_DAY"".""TIME_ID""=""FT"".""TIME_ID"")
","with sales explain unit_sales by the_date ",42,21170.0,265.0,138.0,730.0,1099,32
540,0bf0a21a-790b-42c3-af62-2b85ce0d2edb,"Plan hash value: 165028050

----------------------------------------------------------------------------------------
| Id  | Operation            | Name            | Rows  | Bytes | Cost (%CPU)| Time     |
----------------------------------------------------------------------------------------
|   0 | SELECT STATEMENT     |                 |   764 | 37436 |   147   (9)| 00:00:02 |
|   1 |  SORT GROUP BY       |                 |   764 | 37436 |   147   (9)| 00:00:02 |
|*  2 |   HASH JOIN          |                 | 86835 |  4155K|   140   (4)| 00:00:02 |
|   3 |    TABLE ACCESS FULL | PRODUCT         |  1560 | 24960 |     8   (0)| 00:00:01 |
|*  4 |    HASH JOIN         |                 | 86835 |  2798K|   131   (4)| 00:00:02 |
|   5 |     TABLE ACCESS FULL| TIME_BY_DAY     |   730 |  8760 |     4   (0)| 00:00:01 |
|   6 |     TABLE ACCESS FULL| SALES_FACT_1997 | 86835 |  1780K|   126   (3)| 00:00:02 |
----------------------------------------------------------------------------------------

Predicate Information (identified by operation id):
---------------------------------------------------

2 - access(""PRODUCT"".""PRODUCT_ID""=""FT"".""PRODUCT_ID"")
4 - access(""TIME_BY_DAY"".""TIME_ID""=""FT"".""TIME_ID"")
","with sales explain unit_sales by the_month, product_category ",61,37436.0,403.0,147.0,764.0,1096,48
1224,2c408088-7387-4506-a578-66c9c4298f4a,"Plan hash value: 165028050

----------------------------------------------------------------------------------------
| Id  | Operation            | Name            | Rows  | Bytes | Cost (%CPU)| Time     |
----------------------------------------------------------------------------------------
|   0 | SELECT STATEMENT     |                 |  1731 | 83088 |   147   (9)| 00:00:02 |
|   1 |  SORT GROUP BY       |                 |  1731 | 83088 |   147   (9)| 00:00:02 |
|*  2 |   HASH JOIN          |                 | 86835 |  4070K|   140   (4)| 00:00:02 |
|   3 |    TABLE ACCESS FULL | PRODUCT         |  1560 | 23400 |     8   (0)| 00:00:01 |
|*  4 |    HASH JOIN         |                 | 86835 |  2798K|   131   (4)| 00:00:02 |
|   5 |     TABLE ACCESS FULL| TIME_BY_DAY     |   730 |  8760 |     4   (0)| 00:00:01 |
|   6 |     TABLE ACCESS FULL| SALES_FACT_1997 | 86835 |  1780K|   126   (3)| 00:00:02 |
----------------------------------------------------------------------------------------

Predicate Information (identified by operation id):
---------------------------------------------------

2 - access(""PRODUCT"".""PRODUCT_ID""=""FT"".""PRODUCT_ID"")
4 - access(""TIME_BY_DAY"".""TIME_ID""=""FT"".""TIME_ID"")
","with sales explain unit_sales by the_month, product_subcategory ",64,83088.0,412.0,147.0,1731.0,1082,59
12113,93eaaba4-6de8-4eda-af25-3de797abc9d8,"Plan hash value: 251198219

--------------------------------------------------------------------------------------------------
| Id  | Operation              | Name            | Rows  | Bytes |TempSpc| Cost (%CPU)| Time     |
--------------------------------------------------------------------------------------------------
|   0 | SELECT STATEMENT       |                 | 10278 |   672K|       |   674   (3)| 00:00:09 |
|   1 |  SORT GROUP BY         |                 | 10278 |   672K|   856K|   674   (3)| 00:00:09 |
|*  2 |   HASH JOIN            |                 | 10278 |   672K|       |   508   (3)| 00:00:07 |
|   3 |    TABLE ACCESS FULL   | TIME_BY_DAY     |   730 |  8760 |       |     4   (0)| 00:00:01 |
|   4 |    VIEW                | VW_GBC_9        | 10278 |   552K|       |   503   (3)| 00:00:07 |
|   5 |     HASH GROUP BY      |                 | 10278 |   371K|  4440K|   503   (3)| 00:00:07 |
|*  6 |      HASH JOIN         |                 | 86835 |  3137K|       |   135   (3)| 00:00:02 |
|   7 |       TABLE ACCESS FULL| PRODUCT         |  1560 | 24960 |       |     8   (0)| 00:00:01 |
|   8 |       TABLE ACCESS FULL| SALES_FACT_1997 | 86835 |  1780K|       |   126   (3)| 00:00:02 |
--------------------------------------------------------------------------------------------------

Predicate Information (identified by operation id):
---------------------------------------------------

2 - access(""TIME_BY_DAY"".""TIME_ID""=""ITEM_1"")
6 - access(""PRODUCT"".""PRODUCT_ID""=""FT"".""PRODUCT_ID"")
","with sales explain unit_sales by product_category, the_date ",60,672000.0,400.0,674.0,10278.0,1136,48
16949,e52659df-c90b-426e-9c57-d6d718d1a8b1,"Plan hash value: 1148224997

-----------------------------------------------------------------------------------------------
| Id  | Operation           | Name            | Rows  | Bytes |TempSpc| Cost (%CPU)| Time     |
-----------------------------------------------------------------------------------------------
|   0 | SELECT STATEMENT    |                 | 86835 |  2883K|       |   928   (2)| 00:00:12 |
|   1 |  SORT GROUP BY      |                 | 86835 |  2883K|  4096K|   928   (2)| 00:00:12 |
|*  2 |   HASH JOIN         |                 | 86835 |  2883K|       |   131   (4)| 00:00:02 |
|   3 |    TABLE ACCESS FULL| TIME_BY_DAY     |   730 |  8760 |       |     4   (0)| 00:00:01 |
|   4 |    TABLE ACCESS FULL| SALES_FACT_1997 | 86835 |  1865K|       |   126   (3)| 00:00:02 |
-----------------------------------------------------------------------------------------------

Predicate Information (identified by operation id):
---------------------------------------------------

2 - access(""TIME_BY_DAY"".""TIME_ID""=""FT"".""TIME_ID"")
","with sales explain unit_sales by the_month, customer_id ",56,2883000.0,395.0,928.0,86835.0,1139,67
18492,200fd33f-98e8-4758-986e-04821bdbff88,"Plan hash value: 1148224997

-----------------------------------------------------------------------------------------------
| Id  | Operation           | Name            | Rows  | Bytes |TempSpc| Cost (%CPU)| Time     |
-----------------------------------------------------------------------------------------------
|   0 | SELECT STATEMENT    |                 | 26458 |   852K|       |   563   (2)| 00:00:07 |
|   1 |  SORT GROUP BY      |                 | 26458 |   852K|  4096K|   563   (2)| 00:00:07 |
|*  2 |   HASH JOIN         |                 | 86835 |  2798K|       |   131   (4)| 00:00:02 |
|   3 |    TABLE ACCESS FULL| TIME_BY_DAY     |   730 |  8760 |       |     4   (0)| 00:00:01 |
|   4 |    TABLE ACCESS FULL| SALES_FACT_1997 | 86835 |  1780K|       |   126   (3)| 00:00:02 |
-----------------------------------------------------------------------------------------------

Predicate Information (identified by operation id):
---------------------------------------------------

2 - access(""TIME_BY_DAY"".""TIME_ID""=""FT"".""TIME_ID"")
","with sales explain unit_sales by the_month, product_id ",55,852000.0,385.0,563.0,26458.0,1142,66
20525,45ef865c-8783-4049-9d2d-21b494e76640,"Plan hash value: 1148224997

-----------------------------------------------------------------------------------------------
| Id  | Operation           | Name            | Rows  | Bytes |TempSpc| Cost (%CPU)| Time     |
-----------------------------------------------------------------------------------------------
|   0 | SELECT STATEMENT    |                 | 86835 |  2883K|       |   928   (2)| 00:00:12 |
|   1 |  SORT GROUP BY      |                 | 86835 |  2883K|  4096K|   928   (2)| 00:00:12 |
|*  2 |   HASH JOIN         |                 | 86835 |  2883K|       |   131   (4)| 00:00:02 |
|   3 |    TABLE ACCESS FULL| TIME_BY_DAY     |   730 |  8760 |       |     4   (0)| 00:00:01 |
|   4 |    TABLE ACCESS FULL| SALES_FACT_1997 | 86835 |  1865K|       |   126   (3)| 00:00:02 |
-----------------------------------------------------------------------------------------------

Predicate Information (identified by operation id):
---------------------------------------------------

2 - access(""TIME_BY_DAY"".""TIME_ID""=""FT"".""TIME_ID"")
","with sales explain unit_sales by customer_id, the_date ",55,2883000.0,392.0,928.0,86835.0,1139,66
77832,73779cf3-ac66-42a4-9fad-6f4e95351a3c,"Plan hash value: 1148224997

-----------------------------------------------------------------------------------------------
| Id  | Operation           | Name            | Rows  | Bytes |TempSpc| Cost (%CPU)| Time     |
-----------------------------------------------------------------------------------------------
|   0 | SELECT STATEMENT    |                 | 86835 |  2798K|       |   911   (2)| 00:00:11 |
|   1 |  SORT GROUP BY      |                 | 86835 |  2798K|  4096K|   911   (2)| 00:00:11 |
|*  2 |   HASH JOIN         |                 | 86835 |  2798K|       |   131   (4)| 00:00:02 |
|   3 |    TABLE ACCESS FULL| TIME_BY_DAY     |   730 |  8760 |       |     4   (0)| 00:00:01 |
|   4 |    TABLE ACCESS FULL| SALES_FACT_1997 | 86835 |  1780K|       |   126   (3)| 00:00:02 |
-----------------------------------------------------------------------------------------------

Predicate Information (identified by operation id):
---------------------------------------------------

2 - access(""TIME_BY_DAY"".""TIME_ID""=""FT"".""TIME_ID"")
","with sales explain unit_sales by product_id, the_date ",54,2798000.0,382.0,911.0,86835.0,1208,75
86832,a939bc6d-ef51-493b-a5a5-65b44ca2df97,"Plan hash value: 1148224997

-----------------------------------------------------------------------------------------------
| Id  | Operation           | Name            | Rows  | Bytes |TempSpc| Cost (%CPU)| Time     |
-----------------------------------------------------------------------------------------------
|   0 | SELECT STATEMENT    |                 | 86835 |  3222K|       |   994   (2)| 00:00:12 |
|   1 |  SORT GROUP BY      |                 | 86835 |  3222K|  4800K|   994   (2)| 00:00:12 |
|*  2 |   HASH JOIN         |                 | 86835 |  3222K|       |   131   (4)| 00:00:02 |
|   3 |    TABLE ACCESS FULL| TIME_BY_DAY     |   730 |  8760 |       |     4   (0)| 00:00:01 |
|   4 |    TABLE ACCESS FULL| SALES_FACT_1997 | 86835 |  2204K|       |   126   (3)| 00:00:02 |
-----------------------------------------------------------------------------------------------

Predicate Information (identified by operation id):
---------------------------------------------------

2 - access(""TIME_BY_DAY"".""TIME_ID""=""FT"".""TIME_ID"")
","with sales explain unit_sales by product_id, customer_id, the_date ",67,3222000.0,509.0,994.0,86835.0,1230,92
36,bda2646d-b3e0-4999-bec7-6652949b6411,"Plan hash value: 165028050

----------------------------------------------------------------------------------------
| Id  | Operation            | Name            | Rows  | Bytes | Cost (%CPU)| Time     |
----------------------------------------------------------------------------------------
|   0 | SELECT STATEMENT     |                 |    51 |  2244 |   147   (9)| 00:00:02 |
|   1 |  SORT GROUP BY       |                 |    51 |  2244 |   147   (9)| 00:00:02 |
|*  2 |   HASH JOIN          |                 | 86835 |  3731K|   140   (4)| 00:00:02 |
|   3 |    TABLE ACCESS FULL | PRODUCT         |  1560 | 17160 |     8   (0)| 00:00:01 |
|*  4 |    HASH JOIN         |                 | 86835 |  2798K|   131   (4)| 00:00:02 |
|   5 |     TABLE ACCESS FULL| TIME_BY_DAY     |   730 |  8760 |     4   (0)| 00:00:01 |
|   6 |     TABLE ACCESS FULL| SALES_FACT_1997 | 86835 |  1780K|   126   (3)| 00:00:02 |
----------------------------------------------------------------------------------------

Predicate Information (identified by operation id):
---------------------------------------------------

2 - access(""PRODUCT"".""PRODUCT_ID""=""FT"".""PRODUCT_ID"")
4 - access(""TIME_BY_DAY"".""TIME_ID""=""FT"".""TIME_ID"")
","with sales explain unit_sales by the_month, product_family ",59,2244.0,397.0,147.0,51.0,1104,37
323,ca79e0ea-1c10-413f-9dcd-db78c5667b1c,"Plan hash value: 1148224997

---------------------------------------------------------------------------------------
| Id  | Operation           | Name            | Rows  | Bytes | Cost (%CPU)| Time     |
---------------------------------------------------------------------------------------
|   0 | SELECT STATEMENT    |                 |   730 | 21170 |   138   (8)| 00:00:02 |
|   1 |  SORT GROUP BY      |                 |   730 | 21170 |   138   (8)| 00:00:02 |
|*  2 |   HASH JOIN         |                 | 86835 |  2459K|   131   (4)| 00:00:02 |
|   3 |    TABLE ACCESS FULL| TIME_BY_DAY     |   730 |  8760 |     4   (0)| 00:00:01 |
|   4 |    TABLE ACCESS FULL| SALES_FACT_1997 | 86835 |  1441K|   126   (3)| 00:00:02 |
---------------------------------------------------------------------------------------

Predicate Information (identified by operation id):
---------------------------------------------------

2 - access(""TIME_BY_DAY"".""TIME_ID""=""FT"".""TIME_ID"")
","with sales explain unit_sales by the_date ",42,21170.0,265.0,138.0,730.0,1109,32
540,6bed55da-38cf-41e4-843c-f62f88f08df0,"Plan hash value: 165028050

----------------------------------------------------------------------------------------
| Id  | Operation            | Name            | Rows  | Bytes | Cost (%CPU)| Time     |
----------------------------------------------------------------------------------------
|   0 | SELECT STATEMENT     |                 |   764 | 37436 |   147   (9)| 00:00:02 |
|   1 |  SORT GROUP BY       |                 |   764 | 37436 |   147   (9)| 00:00:02 |
|*  2 |   HASH JOIN          |                 | 86835 |  4155K|   140   (4)| 00:00:02 |
|   3 |    TABLE ACCESS FULL | PRODUCT         |  1560 | 24960 |     8   (0)| 00:00:01 |
|*  4 |    HASH JOIN         |                 | 86835 |  2798K|   131   (4)| 00:00:02 |
|   5 |     TABLE ACCESS FULL| TIME_BY_DAY     |   730 |  8760 |     4   (0)| 00:00:01 |
|   6 |     TABLE ACCESS FULL| SALES_FACT_1997 | 86835 |  1780K|   126   (3)| 00:00:02 |
----------------------------------------------------------------------------------------

Predicate Information (identified by operation id):
---------------------------------------------------

2 - access(""PRODUCT"".""PRODUCT_ID""=""FT"".""PRODUCT_ID"")
4 - access(""TIME_BY_DAY"".""TIME_ID""=""FT"".""TIME_ID"")
","with sales explain unit_sales by the_month, product_category ",61,37436.0,403.0,147.0,764.0,1086,50
1224,83c2d8ba-3732-4e42-a9df-947d0d9aab92,"Plan hash value: 165028050

----------------------------------------------------------------------------------------
| Id  | Operation            | Name            | Rows  | Bytes | Cost (%CPU)| Time     |
----------------------------------------------------------------------------------------
|   0 | SELECT STATEMENT     |                 |  1731 | 83088 |   147   (9)| 00:00:02 |
|   1 |  SORT GROUP BY       |                 |  1731 | 83088 |   147   (9)| 00:00:02 |
|*  2 |   HASH JOIN          |                 | 86835 |  4070K|   140   (4)| 00:00:02 |
|   3 |    TABLE ACCESS FULL | PRODUCT         |  1560 | 23400 |     8   (0)| 00:00:01 |
|*  4 |    HASH JOIN         |                 | 86835 |  2798K|   131   (4)| 00:00:02 |
|   5 |     TABLE ACCESS FULL| TIME_BY_DAY     |   730 |  8760 |     4   (0)| 00:00:01 |
|   6 |     TABLE ACCESS FULL| SALES_FACT_1997 | 86835 |  1780K|   126   (3)| 00:00:02 |
----------------------------------------------------------------------------------------

Predicate Information (identified by operation id):
---------------------------------------------------

2 - access(""PRODUCT"".""PRODUCT_ID""=""FT"".""PRODUCT_ID"")
4 - access(""TIME_BY_DAY"".""TIME_ID""=""FT"".""TIME_ID"")
","with sales explain unit_sales by the_month, product_subcategory ",64,83088.0,412.0,147.0,1731.0,1120,55
12113,e12c668d-a422-4e1c-9798-ccff74e020a1,"Plan hash value: 251198219

--------------------------------------------------------------------------------------------------
| Id  | Operation              | Name            | Rows  | Bytes |TempSpc| Cost (%CPU)| Time     |
--------------------------------------------------------------------------------------------------
|   0 | SELECT STATEMENT       |                 | 10278 |   672K|       |   674   (3)| 00:00:09 |
|   1 |  SORT GROUP BY         |                 | 10278 |   672K|   856K|   674   (3)| 00:00:09 |
|*  2 |   HASH JOIN            |                 | 10278 |   672K|       |   508   (3)| 00:00:07 |
|   3 |    TABLE ACCESS FULL   | TIME_BY_DAY     |   730 |  8760 |       |     4   (0)| 00:00:01 |
|   4 |    VIEW                | VW_GBC_9        | 10278 |   552K|       |   503   (3)| 00:00:07 |
|   5 |     HASH GROUP BY      |                 | 10278 |   371K|  4440K|   503   (3)| 00:00:07 |
|*  6 |      HASH JOIN         |                 | 86835 |  3137K|       |   135   (3)| 00:00:02 |
|   7 |       TABLE ACCESS FULL| PRODUCT         |  1560 | 24960 |       |     8   (0)| 00:00:01 |
|   8 |       TABLE ACCESS FULL| SALES_FACT_1997 | 86835 |  1780K|       |   126   (3)| 00:00:02 |
--------------------------------------------------------------------------------------------------

Predicate Information (identified by operation id):
---------------------------------------------------

2 - access(""TIME_BY_DAY"".""TIME_ID""=""ITEM_1"")
6 - access(""PRODUCT"".""PRODUCT_ID""=""FT"".""PRODUCT_ID"")
","with sales explain unit_sales by product_category, the_date ",60,672000.0,400.0,674.0,10278.0,1149,48
16949,abd916aa-8fe3-462e-9f17-052e6de2ae47,"Plan hash value: 1148224997

-----------------------------------------------------------------------------------------------
| Id  | Operation           | Name            | Rows  | Bytes |TempSpc| Cost (%CPU)| Time     |
-----------------------------------------------------------------------------------------------
|   0 | SELECT STATEMENT    |                 | 86835 |  2883K|       |   928   (2)| 00:00:12 |
|   1 |  SORT GROUP BY      |                 | 86835 |  2883K|  4096K|   928   (2)| 00:00:12 |
|*  2 |   HASH JOIN         |                 | 86835 |  2883K|       |   131   (4)| 00:00:02 |
|   3 |    TABLE ACCESS FULL| TIME_BY_DAY     |   730 |  8760 |       |     4   (0)| 00:00:01 |
|   4 |    TABLE ACCESS FULL| SALES_FACT_1997 | 86835 |  1865K|       |   126   (3)| 00:00:02 |
-----------------------------------------------------------------------------------------------

Predicate Information (identified by operation id):
---------------------------------------------------

2 - access(""TIME_BY_DAY"".""TIME_ID""=""FT"".""TIME_ID"")
","with sales explain unit_sales by the_month, customer_id ",56,2883000.0,395.0,928.0,86835.0,1125,65
18492,f0045379-4bb8-4f48-b6e7-f7cae7f06a64,"Plan hash value: 1148224997

-----------------------------------------------------------------------------------------------
| Id  | Operation           | Name            | Rows  | Bytes |TempSpc| Cost (%CPU)| Time     |
-----------------------------------------------------------------------------------------------
|   0 | SELECT STATEMENT    |                 | 26458 |   852K|       |   563   (2)| 00:00:07 |
|   1 |  SORT GROUP BY      |                 | 26458 |   852K|  4096K|   563   (2)| 00:00:07 |
|*  2 |   HASH JOIN         |                 | 86835 |  2798K|       |   131   (4)| 00:00:02 |
|   3 |    TABLE ACCESS FULL| TIME_BY_DAY     |   730 |  8760 |       |     4   (0)| 00:00:01 |
|   4 |    TABLE ACCESS FULL| SALES_FACT_1997 | 86835 |  1780K|       |   126   (3)| 00:00:02 |
-----------------------------------------------------------------------------------------------

Predicate Information (identified by operation id):
---------------------------------------------------

2 - access(""TIME_BY_DAY"".""TIME_ID""=""FT"".""TIME_ID"")
","with sales explain unit_sales by the_month, product_id ",55,852000.0,385.0,563.0,26458.0,1135,58
20525,f7e67532-38f8-4c3d-8404-502f9077c38c,"Plan hash value: 1148224997

-----------------------------------------------------------------------------------------------
| Id  | Operation           | Name            | Rows  | Bytes |TempSpc| Cost (%CPU)| Time     |
-----------------------------------------------------------------------------------------------
|   0 | SELECT STATEMENT    |                 | 86835 |  2883K|       |   928   (2)| 00:00:12 |
|   1 |  SORT GROUP BY      |                 | 86835 |  2883K|  4096K|   928   (2)| 00:00:12 |
|*  2 |   HASH JOIN         |                 | 86835 |  2883K|       |   131   (4)| 00:00:02 |
|   3 |    TABLE ACCESS FULL| TIME_BY_DAY     |   730 |  8760 |       |     4   (0)| 00:00:01 |
|   4 |    TABLE ACCESS FULL| SALES_FACT_1997 | 86835 |  1865K|       |   126   (3)| 00:00:02 |
-----------------------------------------------------------------------------------------------

Predicate Information (identified by operation id):
---------------------------------------------------

2 - access(""TIME_BY_DAY"".""TIME_ID""=""FT"".""TIME_ID"")
","with sales explain unit_sales by customer_id, the_date ",55,2883000.0,392.0,928.0,86835.0,1156,74
77832,28cf5b3b-d0f1-4030-b319-b540ad58e3fc,"Plan hash value: 1148224997

-----------------------------------------------------------------------------------------------
| Id  | Operation           | Name            | Rows  | Bytes |TempSpc| Cost (%CPU)| Time     |
-----------------------------------------------------------------------------------------------
|   0 | SELECT STATEMENT    |                 | 86835 |  2798K|       |   911   (2)| 00:00:11 |
|   1 |  SORT GROUP BY      |                 | 86835 |  2798K|  4096K|   911   (2)| 00:00:11 |
|*  2 |   HASH JOIN         |                 | 86835 |  2798K|       |   131   (4)| 00:00:02 |
|   3 |    TABLE ACCESS FULL| TIME_BY_DAY     |   730 |  8760 |       |     4   (0)| 00:00:01 |
|   4 |    TABLE ACCESS FULL| SALES_FACT_1997 | 86835 |  1780K|       |   126   (3)| 00:00:02 |
-----------------------------------------------------------------------------------------------

Predicate Information (identified by operation id):
---------------------------------------------------

2 - access(""TIME_BY_DAY"".""TIME_ID""=""FT"".""TIME_ID"")
","with sales explain unit_sales by product_id, the_date ",54,2798000.0,382.0,911.0,86835.0,1193,79
86832,2e3d1bfa-1212-462b-abf4-25135e3c9e27,"Plan hash value: 1148224997

-----------------------------------------------------------------------------------------------
| Id  | Operation           | Name            | Rows  | Bytes |TempSpc| Cost (%CPU)| Time     |
-----------------------------------------------------------------------------------------------
|   0 | SELECT STATEMENT    |                 | 86835 |  3222K|       |   994   (2)| 00:00:12 |
|   1 |  SORT GROUP BY      |                 | 86835 |  3222K|  4800K|   994   (2)| 00:00:12 |
|*  2 |   HASH JOIN         |                 | 86835 |  3222K|       |   131   (4)| 00:00:02 |
|   3 |    TABLE ACCESS FULL| TIME_BY_DAY     |   730 |  8760 |       |     4   (0)| 00:00:01 |
|   4 |    TABLE ACCESS FULL| SALES_FACT_1997 | 86835 |  2204K|       |   126   (3)| 00:00:02 |
-----------------------------------------------------------------------------------------------

Predicate Information (identified by operation id):
---------------------------------------------------

2 - access(""TIME_BY_DAY"".""TIME_ID""=""FT"".""TIME_ID"")
","with sales explain unit_sales by product_id, customer_id, the_date ",67,3222000.0,509.0,994.0,86835.0,1231,102
